[2024-06-06T14:26:26.864+0000] {manager.py:470} INFO - Processing files using up to 2 processes at a time 
[2024-06-06T14:26:26.865+0000] {manager.py:471} INFO - Process each file at most once every 30 seconds
[2024-06-06T14:26:26.865+0000] {manager.py:472} INFO - Checking for new files in /opt/airflow/dags every 300 seconds
[2024-06-06T14:26:26.865+0000] {manager.py:737} INFO - Searching for files in /opt/airflow/dags
[2024-06-06T14:26:26.867+0000] {manager.py:740} INFO - There are 0 files in /opt/airflow/dags
[2024-06-06T14:31:27.774+0000] {manager.py:737} INFO - Searching for files in /opt/airflow/dags
[2024-06-06T14:31:27.782+0000] {manager.py:740} INFO - There are 0 files in /opt/airflow/dags
[2024-06-06T14:36:27.915+0000] {manager.py:737} INFO - Searching for files in /opt/airflow/dags
[2024-06-06T14:36:27.921+0000] {manager.py:740} INFO - There are 0 files in /opt/airflow/dags
[2024-06-06T14:41:27.991+0000] {manager.py:737} INFO - Searching for files in /opt/airflow/dags
[2024-06-06T14:41:27.994+0000] {manager.py:740} INFO - There are 0 files in /opt/airflow/dags
[2024-06-06T14:46:28.068+0000] {manager.py:737} INFO - Searching for files in /opt/airflow/dags
[2024-06-06T14:46:28.074+0000] {manager.py:740} INFO - There are 0 files in /opt/airflow/dags
[2024-06-06T14:51:29.059+0000] {manager.py:737} INFO - Searching for files in /opt/airflow/dags
[2024-06-06T14:51:29.065+0000] {manager.py:740} INFO - There are 0 files in /opt/airflow/dags
[2024-06-06T14:56:29.159+0000] {manager.py:737} INFO - Searching for files in /opt/airflow/dags
[2024-06-06T14:56:29.166+0000] {manager.py:740} INFO - There are 0 files in /opt/airflow/dags
[2024-06-06T15:01:29.501+0000] {manager.py:737} INFO - Searching for files in /opt/airflow/dags
[2024-06-06T15:01:29.510+0000] {manager.py:740} INFO - There are 0 files in /opt/airflow/dags
[2024-06-06T15:06:29.846+0000] {manager.py:737} INFO - Searching for files in /opt/airflow/dags
[2024-06-06T15:06:29.856+0000] {manager.py:740} INFO - There are 0 files in /opt/airflow/dags
[2024-06-06T15:11:30.824+0000] {manager.py:737} INFO - Searching for files in /opt/airflow/dags
[2024-06-06T15:11:30.836+0000] {manager.py:740} INFO - There are 0 files in /opt/airflow/dags
[2024-06-06T15:16:31.668+0000] {manager.py:737} INFO - Searching for files in /opt/airflow/dags
[2024-06-06T15:16:31.673+0000] {manager.py:740} INFO - There are 0 files in /opt/airflow/dags
[2024-06-06T15:21:32.516+0000] {manager.py:737} INFO - Searching for files in /opt/airflow/dags
[2024-06-06T15:21:32.525+0000] {manager.py:740} INFO - There are 0 files in /opt/airflow/dags
[2024-06-06T15:26:32.906+0000] {manager.py:737} INFO - Searching for files in /opt/airflow/dags
[2024-06-06T15:26:32.911+0000] {manager.py:740} INFO - There are 0 files in /opt/airflow/dags
[2024-06-06T15:50:13.213+0000] {manager.py:737} INFO - Searching for files in /opt/airflow/dags
[2024-06-06T15:50:13.233+0000] {manager.py:740} INFO - There are 0 files in /opt/airflow/dags
[2024-06-06T15:55:13.661+0000] {manager.py:737} INFO - Searching for files in /opt/airflow/dags
[2024-06-06T15:55:13.669+0000] {manager.py:740} INFO - There are 0 files in /opt/airflow/dags
[2024-06-06T16:01:36.240+0000] {manager.py:737} INFO - Searching for files in /opt/airflow/dags
[2024-06-06T16:01:36.248+0000] {manager.py:740} INFO - There are 0 files in /opt/airflow/dags
[2024-06-06T16:15:11.706+0000] {manager.py:737} INFO - Searching for files in /opt/airflow/dags
[2024-06-06T16:15:11.713+0000] {manager.py:740} INFO - There are 0 files in /opt/airflow/dags
[2024-06-06T16:17:20.449+0000] {manager.py:452} INFO - Exiting gracefully upon receiving signal 15
[2024-06-07T13:57:33.016+0000] {manager.py:470} INFO - Processing files using up to 2 processes at a time 
[2024-06-07T13:57:33.018+0000] {manager.py:471} INFO - Process each file at most once every 30 seconds
[2024-06-07T13:57:33.019+0000] {manager.py:472} INFO - Checking for new files in /opt/airflow/dags every 300 seconds
[2024-06-07T13:57:33.019+0000] {manager.py:737} INFO - Searching for files in /opt/airflow/dags
[2024-06-07T13:57:33.026+0000] {manager.py:740} INFO - There are 0 files in /opt/airflow/dags
[2024-06-07T14:02:33.940+0000] {manager.py:737} INFO - Searching for files in /opt/airflow/dags
[2024-06-07T14:02:33.951+0000] {manager.py:740} INFO - There are 0 files in /opt/airflow/dags
[2024-06-07T14:07:34.169+0000] {manager.py:737} INFO - Searching for files in /opt/airflow/dags
[2024-06-07T14:07:34.176+0000] {manager.py:740} INFO - There are 0 files in /opt/airflow/dags
[2024-06-07T14:12:34.393+0000] {manager.py:737} INFO - Searching for files in /opt/airflow/dags
[2024-06-07T14:12:34.398+0000] {manager.py:740} INFO - There are 0 files in /opt/airflow/dags
[2024-06-07T14:15:17.895+0000] {manager.py:470} INFO - Processing files using up to 2 processes at a time 
[2024-06-07T14:15:17.896+0000] {manager.py:471} INFO - Process each file at most once every 30 seconds
[2024-06-07T14:15:17.896+0000] {manager.py:472} INFO - Checking for new files in /opt/airflow/dags every 300 seconds
[2024-06-07T14:15:17.896+0000] {manager.py:737} INFO - Searching for files in /opt/airflow/dags
[2024-06-07T14:15:17.898+0000] {manager.py:740} INFO - There are 0 files in /opt/airflow/dags
[2024-06-07T14:18:29.264+0000] {manager.py:452} INFO - Exiting gracefully upon receiving signal 15
[2024-06-07T14:18:48.156+0000] {manager.py:470} INFO - Processing files using up to 2 processes at a time 
[2024-06-07T14:18:48.156+0000] {manager.py:471} INFO - Process each file at most once every 30 seconds
[2024-06-07T14:18:48.157+0000] {manager.py:472} INFO - Checking for new files in /opt/airflow/dags every 300 seconds
[2024-06-07T14:18:48.157+0000] {manager.py:737} INFO - Searching for files in /opt/airflow/dags
[2024-06-07T14:18:48.158+0000] {manager.py:740} INFO - There are 0 files in /opt/airflow/dags
[2024-06-07T14:20:40.702+0000] {manager.py:452} INFO - Exiting gracefully upon receiving signal 15
[2024-06-07T14:29:12.591+0000] {manager.py:470} INFO - Processing files using up to 2 processes at a time 
[2024-06-07T14:29:12.591+0000] {manager.py:471} INFO - Process each file at most once every 30 seconds
[2024-06-07T14:29:12.594+0000] {manager.py:472} INFO - Checking for new files in /opt/airflow/dags every 300 seconds
[2024-06-07T14:29:12.594+0000] {manager.py:737} INFO - Searching for files in /opt/airflow/dags
[2024-06-07T14:29:12.596+0000] {manager.py:740} INFO - There are 0 files in /opt/airflow/dags
[2024-06-07T14:29:52.339+0000] {manager.py:452} INFO - Exiting gracefully upon receiving signal 15
[2024-06-07T14:30:39.770+0000] {manager.py:470} INFO - Processing files using up to 2 processes at a time 
[2024-06-07T14:30:39.771+0000] {manager.py:471} INFO - Process each file at most once every 30 seconds
[2024-06-07T14:30:39.774+0000] {manager.py:472} INFO - Checking for new files in /opt/airflow/dags every 300 seconds
[2024-06-07T14:30:39.775+0000] {manager.py:737} INFO - Searching for files in /opt/airflow/dags
[2024-06-07T14:30:39.788+0000] {manager.py:740} INFO - There are 0 files in /opt/airflow/dags
[2024-06-07T14:33:41.863+0000] {manager.py:452} INFO - Exiting gracefully upon receiving signal 15
[2024-06-07T14:38:35.105+0000] {manager.py:470} INFO - Processing files using up to 2 processes at a time 
[2024-06-07T14:38:35.105+0000] {manager.py:471} INFO - Process each file at most once every 30 seconds
[2024-06-07T14:38:35.105+0000] {manager.py:472} INFO - Checking for new files in /opt/airflow/dags every 300 seconds
[2024-06-07T14:38:35.106+0000] {manager.py:737} INFO - Searching for files in /opt/airflow/dags
[2024-06-07T14:38:35.107+0000] {manager.py:740} INFO - There are 0 files in /opt/airflow/dags
[2024-06-07T14:39:29.849+0000] {manager.py:452} INFO - Exiting gracefully upon receiving signal 15
[2024-06-07T14:40:05.051+0000] {manager.py:470} INFO - Processing files using up to 2 processes at a time 
[2024-06-07T14:40:05.052+0000] {manager.py:471} INFO - Process each file at most once every 30 seconds
[2024-06-07T14:40:05.053+0000] {manager.py:472} INFO - Checking for new files in /opt/airflow/dags every 300 seconds
[2024-06-07T14:40:05.053+0000] {manager.py:737} INFO - Searching for files in /opt/airflow/dags
[2024-06-07T14:40:05.054+0000] {manager.py:740} INFO - There are 0 files in /opt/airflow/dags
[2024-06-07T14:45:05.844+0000] {manager.py:737} INFO - Searching for files in /opt/airflow/dags
[2024-06-07T14:45:05.849+0000] {manager.py:740} INFO - There are 0 files in /opt/airflow/dags
[2024-06-07T14:50:06.017+0000] {manager.py:737} INFO - Searching for files in /opt/airflow/dags
[2024-06-07T14:50:06.034+0000] {manager.py:740} INFO - There are 0 files in /opt/airflow/dags
[2024-06-07T14:55:06.249+0000] {manager.py:737} INFO - Searching for files in /opt/airflow/dags
[2024-06-07T14:55:06.251+0000] {manager.py:740} INFO - There are 0 files in /opt/airflow/dags
[2024-06-07T14:57:27.286+0000] {manager.py:452} INFO - Exiting gracefully upon receiving signal 15
[2024-06-07T14:57:55.050+0000] {manager.py:470} INFO - Processing files using up to 2 processes at a time 
[2024-06-07T14:57:55.051+0000] {manager.py:471} INFO - Process each file at most once every 30 seconds
[2024-06-07T14:57:55.051+0000] {manager.py:472} INFO - Checking for new files in /opt/airflow/dags every 300 seconds
[2024-06-07T14:57:55.052+0000] {manager.py:737} INFO - Searching for files in /opt/airflow/dags
[2024-06-07T14:57:55.075+0000] {manager.py:740} INFO - There are 1 files in /opt/airflow/dags
[2024-06-07T14:57:55.176+0000] {manager.py:878} INFO - 
================================================================================
DAG File Processing Stats

File Path                            PID  Runtime      # DAGs    # Errors  Last Runtime    Last Run
---------------------------------  -----  ---------  --------  ----------  --------------  ----------
/opt/airflow/dags/dag_postgres.py     29  0.03s             0           0
================================================================================
[2024-06-07T14:58:25.490+0000] {manager.py:878} INFO - 
================================================================================
DAG File Processing Stats

File Path                            PID  Runtime      # DAGs    # Errors  Last Runtime    Last Run
---------------------------------  -----  ---------  --------  ----------  --------------  -------------------
/opt/airflow/dags/dag_postgres.py     36  0.01s             0           1  0.05s           2024-06-07T14:57:55
================================================================================
[2024-06-07T14:58:55.792+0000] {manager.py:878} INFO - 
================================================================================
DAG File Processing Stats

File Path                            PID  Runtime      # DAGs    # Errors  Last Runtime    Last Run
---------------------------------  -----  ---------  --------  ----------  --------------  -------------------
/opt/airflow/dags/dag_postgres.py     43  0.01s             0           1  0.05s           2024-06-07T14:58:25
================================================================================
[2024-06-07T14:59:25.949+0000] {manager.py:878} INFO - 
================================================================================
DAG File Processing Stats

File Path                          PID    Runtime      # DAGs    # Errors  Last Runtime    Last Run
---------------------------------  -----  ---------  --------  ----------  --------------  -------------------
/opt/airflow/dags/dag_postgres.py                           0           1  0.82s           2024-06-07T14:59:13
================================================================================
[2024-06-07T14:59:56.404+0000] {manager.py:878} INFO - 
================================================================================
DAG File Processing Stats

File Path                          PID    Runtime      # DAGs    # Errors  Last Runtime    Last Run
---------------------------------  -----  ---------  --------  ----------  --------------  -------------------
/opt/airflow/dags/dag_postgres.py                           0           1  0.24s           2024-06-07T14:59:44
================================================================================
[2024-06-07T15:00:26.772+0000] {manager.py:878} INFO - 
================================================================================
DAG File Processing Stats

File Path                          PID    Runtime      # DAGs    # Errors  Last Runtime    Last Run
---------------------------------  -----  ---------  --------  ----------  --------------  -------------------
/opt/airflow/dags/dag_postgres.py                           0           1  0.27s           2024-06-07T15:00:14
================================================================================
[2024-06-07T15:00:57.337+0000] {manager.py:878} INFO - 
================================================================================
DAG File Processing Stats

File Path                          PID    Runtime      # DAGs    # Errors  Last Runtime    Last Run
---------------------------------  -----  ---------  --------  ----------  --------------  -------------------
/opt/airflow/dags/dag_postgres.py                           0           1  0.26s           2024-06-07T15:00:45
================================================================================
[2024-06-07T15:01:27.693+0000] {manager.py:878} INFO - 
================================================================================
DAG File Processing Stats

File Path                          PID    Runtime      # DAGs    # Errors  Last Runtime    Last Run
---------------------------------  -----  ---------  --------  ----------  --------------  -------------------
/opt/airflow/dags/dag_postgres.py                           0           1  0.28s           2024-06-07T15:01:11
================================================================================
[2024-06-07T15:01:58.292+0000] {manager.py:878} INFO - 
================================================================================
DAG File Processing Stats

File Path                          PID    Runtime      # DAGs    # Errors  Last Runtime    Last Run
---------------------------------  -----  ---------  --------  ----------  --------------  -------------------
/opt/airflow/dags/dag_postgres.py                           0           1  0.30s           2024-06-07T15:01:42
================================================================================
[2024-06-07T15:02:28.348+0000] {manager.py:878} INFO - 
================================================================================
DAG File Processing Stats

File Path                          PID    Runtime      # DAGs    # Errors  Last Runtime    Last Run
---------------------------------  -----  ---------  --------  ----------  --------------  -------------------
/opt/airflow/dags/dag_postgres.py                           1           0  0.45s           2024-06-07T15:02:27
================================================================================
[2024-06-07T15:02:55.177+0000] {manager.py:737} INFO - Searching for files in /opt/airflow/dags
[2024-06-07T15:02:55.182+0000] {manager.py:740} INFO - There are 1 files in /opt/airflow/dags
[2024-06-07T15:02:58.707+0000] {manager.py:878} INFO - 
================================================================================
DAG File Processing Stats

File Path                          PID    Runtime      # DAGs    # Errors  Last Runtime    Last Run
---------------------------------  -----  ---------  --------  ----------  --------------  -------------------
/opt/airflow/dags/dag_postgres.py                           1           0  0.32s           2024-06-07T15:02:57
================================================================================
[2024-06-07T15:03:29.350+0000] {manager.py:878} INFO - 
================================================================================
DAG File Processing Stats

File Path                          PID    Runtime      # DAGs    # Errors  Last Runtime    Last Run
---------------------------------  -----  ---------  --------  ----------  --------------  -------------------
/opt/airflow/dags/dag_postgres.py                           1           0  0.31s           2024-06-07T15:03:28
================================================================================
[2024-06-07T15:03:59.747+0000] {manager.py:878} INFO - 
================================================================================
DAG File Processing Stats

File Path                          PID    Runtime      # DAGs    # Errors  Last Runtime    Last Run
---------------------------------  -----  ---------  --------  ----------  --------------  -------------------
/opt/airflow/dags/dag_postgres.py                           1           0  0.31s           2024-06-07T15:03:59
================================================================================
[2024-06-07T15:04:30.410+0000] {manager.py:878} INFO - 
================================================================================
DAG File Processing Stats

File Path                          PID    Runtime      # DAGs    # Errors  Last Runtime    Last Run
---------------------------------  -----  ---------  --------  ----------  --------------  -------------------
/opt/airflow/dags/dag_postgres.py                           1           0  0.34s           2024-06-07T15:04:23
================================================================================
[2024-06-07T15:05:00.773+0000] {manager.py:878} INFO - 
================================================================================
DAG File Processing Stats

File Path                          PID    Runtime      # DAGs    # Errors  Last Runtime    Last Run
---------------------------------  -----  ---------  --------  ----------  --------------  -------------------
/opt/airflow/dags/dag_postgres.py                           1           0  0.28s           2024-06-07T15:04:53
================================================================================
[2024-06-07T15:05:31.316+0000] {manager.py:878} INFO - 
================================================================================
DAG File Processing Stats

File Path                          PID    Runtime      # DAGs    # Errors  Last Runtime    Last Run
---------------------------------  -----  ---------  --------  ----------  --------------  -------------------
/opt/airflow/dags/dag_postgres.py                           1           0  0.29s           2024-06-07T15:05:24
================================================================================
[2024-06-07T15:06:01.652+0000] {manager.py:878} INFO - 
================================================================================
DAG File Processing Stats

File Path                          PID    Runtime      # DAGs    # Errors  Last Runtime    Last Run
---------------------------------  -----  ---------  --------  ----------  --------------  -------------------
/opt/airflow/dags/dag_postgres.py                           1           0  0.32s           2024-06-07T15:05:54
================================================================================
[2024-06-07T15:06:32.236+0000] {manager.py:878} INFO - 
================================================================================
DAG File Processing Stats

File Path                          PID    Runtime      # DAGs    # Errors  Last Runtime    Last Run
---------------------------------  -----  ---------  --------  ----------  --------------  -------------------
/opt/airflow/dags/dag_postgres.py                           1           0  0.30s           2024-06-07T15:06:25
================================================================================
[2024-06-07T15:07:02.534+0000] {manager.py:878} INFO - 
================================================================================
DAG File Processing Stats

File Path                          PID    Runtime      # DAGs    # Errors  Last Runtime    Last Run
---------------------------------  -----  ---------  --------  ----------  --------------  -------------------
/opt/airflow/dags/dag_postgres.py                           1           0  0.33s           2024-06-07T15:06:55
================================================================================
[2024-06-07T15:07:33.113+0000] {manager.py:878} INFO - 
================================================================================
DAG File Processing Stats

File Path                          PID    Runtime      # DAGs    # Errors  Last Runtime    Last Run
---------------------------------  -----  ---------  --------  ----------  --------------  -------------------
/opt/airflow/dags/dag_postgres.py                           1           0  0.32s           2024-06-07T15:07:26
================================================================================
[2024-06-07T15:07:55.311+0000] {manager.py:737} INFO - Searching for files in /opt/airflow/dags
[2024-06-07T15:07:55.324+0000] {manager.py:740} INFO - There are 1 files in /opt/airflow/dags
[2024-06-07T15:08:03.424+0000] {manager.py:878} INFO - 
================================================================================
DAG File Processing Stats

File Path                          PID    Runtime      # DAGs    # Errors  Last Runtime    Last Run
---------------------------------  -----  ---------  --------  ----------  --------------  -------------------
/opt/airflow/dags/dag_postgres.py                           1           0  0.32s           2024-06-07T15:07:54
================================================================================
[2024-06-07T15:08:33.814+0000] {manager.py:878} INFO - 
================================================================================
DAG File Processing Stats

File Path                          PID    Runtime      # DAGs    # Errors  Last Runtime    Last Run
---------------------------------  -----  ---------  --------  ----------  --------------  -------------------
/opt/airflow/dags/dag_postgres.py                           1           0  0.30s           2024-06-07T15:08:24
================================================================================
[2024-06-07T15:09:04.407+0000] {manager.py:878} INFO - 
================================================================================
DAG File Processing Stats

File Path                          PID    Runtime      # DAGs    # Errors  Last Runtime    Last Run
---------------------------------  -----  ---------  --------  ----------  --------------  -------------------
/opt/airflow/dags/dag_postgres.py                           1           0  0.30s           2024-06-07T15:08:55
================================================================================
[2024-06-07T15:09:34.789+0000] {manager.py:878} INFO - 
================================================================================
DAG File Processing Stats

File Path                          PID    Runtime      # DAGs    # Errors  Last Runtime    Last Run
---------------------------------  -----  ---------  --------  ----------  --------------  -------------------
/opt/airflow/dags/dag_postgres.py                           1           0  0.32s           2024-06-07T15:09:26
================================================================================
[2024-06-07T15:10:05.448+0000] {manager.py:878} INFO - 
================================================================================
DAG File Processing Stats

File Path                          PID    Runtime      # DAGs    # Errors  Last Runtime    Last Run
---------------------------------  -----  ---------  --------  ----------  --------------  -------------------
/opt/airflow/dags/dag_postgres.py                           1           0  0.31s           2024-06-07T15:09:56
================================================================================
[2024-06-07T15:10:35.868+0000] {manager.py:878} INFO - 
================================================================================
DAG File Processing Stats

File Path                          PID    Runtime      # DAGs    # Errors  Last Runtime    Last Run
---------------------------------  -----  ---------  --------  ----------  --------------  -------------------
/opt/airflow/dags/dag_postgres.py                           1           0  0.31s           2024-06-07T15:10:27
================================================================================
[2024-06-07T15:11:06.468+0000] {manager.py:878} INFO - 
================================================================================
DAG File Processing Stats

File Path                          PID    Runtime      # DAGs    # Errors  Last Runtime    Last Run
---------------------------------  -----  ---------  --------  ----------  --------------  -------------------
/opt/airflow/dags/dag_postgres.py                           1           0  0.30s           2024-06-07T15:10:57
================================================================================
[2024-06-07T15:11:36.870+0000] {manager.py:878} INFO - 
================================================================================
DAG File Processing Stats

File Path                          PID    Runtime      # DAGs    # Errors  Last Runtime    Last Run
---------------------------------  -----  ---------  --------  ----------  --------------  -------------------
/opt/airflow/dags/dag_postgres.py                           1           0  0.34s           2024-06-07T15:11:28
================================================================================
[2024-06-07T15:12:07.495+0000] {manager.py:878} INFO - 
================================================================================
DAG File Processing Stats

File Path                          PID    Runtime      # DAGs    # Errors  Last Runtime    Last Run
---------------------------------  -----  ---------  --------  ----------  --------------  -------------------
/opt/airflow/dags/dag_postgres.py                           1           0  0.30s           2024-06-07T15:11:58
================================================================================
[2024-06-07T15:12:37.858+0000] {manager.py:878} INFO - 
================================================================================
DAG File Processing Stats

File Path                          PID    Runtime      # DAGs    # Errors  Last Runtime    Last Run
---------------------------------  -----  ---------  --------  ----------  --------------  -------------------
/opt/airflow/dags/dag_postgres.py                           1           0  0.29s           2024-06-07T15:12:29
================================================================================
[2024-06-07T15:12:55.321+0000] {manager.py:737} INFO - Searching for files in /opt/airflow/dags
[2024-06-07T15:12:55.339+0000] {manager.py:740} INFO - There are 1 files in /opt/airflow/dags
[2024-06-07T15:13:08.490+0000] {manager.py:878} INFO - 
================================================================================
DAG File Processing Stats

File Path                          PID    Runtime      # DAGs    # Errors  Last Runtime    Last Run
---------------------------------  -----  ---------  --------  ----------  --------------  -------------------
/opt/airflow/dags/dag_postgres.py                           1           0  0.30s           2024-06-07T15:12:59
================================================================================
[2024-06-07T15:13:38.822+0000] {manager.py:878} INFO - 
================================================================================
DAG File Processing Stats

File Path                          PID    Runtime      # DAGs    # Errors  Last Runtime    Last Run
---------------------------------  -----  ---------  --------  ----------  --------------  -------------------
/opt/airflow/dags/dag_postgres.py                           1           0  0.34s           2024-06-07T15:13:30
================================================================================
[2024-06-07T15:14:09.498+0000] {manager.py:878} INFO - 
================================================================================
DAG File Processing Stats

File Path                          PID    Runtime      # DAGs    # Errors  Last Runtime    Last Run
---------------------------------  -----  ---------  --------  ----------  --------------  -------------------
/opt/airflow/dags/dag_postgres.py                           1           0  0.26s           2024-06-07T15:14:00
================================================================================
[2024-06-07T15:14:40.106+0000] {manager.py:878} INFO - 
================================================================================
DAG File Processing Stats

File Path                          PID    Runtime      # DAGs    # Errors  Last Runtime    Last Run
---------------------------------  -----  ---------  --------  ----------  --------------  -------------------
/opt/airflow/dags/dag_postgres.py                           1           0  0.25s           2024-06-07T15:14:31
================================================================================
[2024-06-07T15:15:10.502+0000] {manager.py:878} INFO - 
================================================================================
DAG File Processing Stats

File Path                          PID    Runtime      # DAGs    # Errors  Last Runtime    Last Run
---------------------------------  -----  ---------  --------  ----------  --------------  -------------------
/opt/airflow/dags/dag_postgres.py                           1           0  0.30s           2024-06-07T15:15:01
================================================================================
[2024-06-07T15:15:41.012+0000] {manager.py:878} INFO - 
================================================================================
DAG File Processing Stats

File Path                          PID    Runtime      # DAGs    # Errors  Last Runtime    Last Run
---------------------------------  -----  ---------  --------  ----------  --------------  -------------------
/opt/airflow/dags/dag_postgres.py                           1           0  0.31s           2024-06-07T15:15:32
================================================================================
[2024-06-07T15:15:54.833+0000] {manager.py:452} INFO - Exiting gracefully upon receiving signal 15
[2024-06-07T15:17:28.609+0000] {manager.py:470} INFO - Processing files using up to 2 processes at a time 
[2024-06-07T15:17:28.610+0000] {manager.py:471} INFO - Process each file at most once every 30 seconds
[2024-06-07T15:17:28.610+0000] {manager.py:472} INFO - Checking for new files in /opt/airflow/dags every 300 seconds
[2024-06-07T15:17:28.611+0000] {manager.py:737} INFO - Searching for files in /opt/airflow/dags
[2024-06-07T15:17:28.616+0000] {manager.py:740} INFO - There are 1 files in /opt/airflow/dags
[2024-06-07T15:17:28.652+0000] {manager.py:878} INFO - 
================================================================================
DAG File Processing Stats

File Path                            PID  Runtime      # DAGs    # Errors  Last Runtime    Last Run
---------------------------------  -----  ---------  --------  ----------  --------------  ----------
/opt/airflow/dags/dag_postgres.py     31  0.02s             0           0
================================================================================
[2024-06-07T15:17:58.934+0000] {manager.py:878} INFO - 
================================================================================
DAG File Processing Stats

File Path                          PID    Runtime      # DAGs    # Errors  Last Runtime    Last Run
---------------------------------  -----  ---------  --------  ----------  --------------  -------------------
/opt/airflow/dags/dag_postgres.py                           1           0  1.05s           2024-06-07T15:17:29
================================================================================
[2024-06-07T15:18:29.293+0000] {manager.py:878} INFO - 
================================================================================
DAG File Processing Stats

File Path                          PID    Runtime      # DAGs    # Errors  Last Runtime    Last Run
---------------------------------  -----  ---------  --------  ----------  --------------  -------------------
/opt/airflow/dags/dag_postgres.py                           1           0  0.32s           2024-06-07T15:18:00
================================================================================
[2024-06-07T15:18:59.939+0000] {manager.py:878} INFO - 
================================================================================
DAG File Processing Stats

File Path                          PID    Runtime      # DAGs    # Errors  Last Runtime    Last Run
---------------------------------  -----  ---------  --------  ----------  --------------  -------------------
/opt/airflow/dags/dag_postgres.py                           1           0  0.30s           2024-06-07T15:18:30
================================================================================
[2024-06-07T15:19:30.228+0000] {manager.py:878} INFO - 
================================================================================
DAG File Processing Stats

File Path                          PID    Runtime      # DAGs    # Errors  Last Runtime    Last Run
---------------------------------  -----  ---------  --------  ----------  --------------  -------------------
/opt/airflow/dags/dag_postgres.py                           1           0  0.28s           2024-06-07T15:19:01
================================================================================
[2024-06-07T15:20:00.801+0000] {manager.py:878} INFO - 
================================================================================
DAG File Processing Stats

File Path                          PID    Runtime      # DAGs    # Errors  Last Runtime    Last Run
---------------------------------  -----  ---------  --------  ----------  --------------  -------------------
/opt/airflow/dags/dag_postgres.py                           1           0  0.34s           2024-06-07T15:19:31
================================================================================
[2024-06-07T15:20:31.165+0000] {manager.py:878} INFO - 
================================================================================
DAG File Processing Stats

File Path                          PID    Runtime      # DAGs    # Errors  Last Runtime    Last Run
---------------------------------  -----  ---------  --------  ----------  --------------  -------------------
/opt/airflow/dags/dag_postgres.py                           1           0  0.29s           2024-06-07T15:20:02
================================================================================
[2024-06-07T15:21:01.730+0000] {manager.py:878} INFO - 
================================================================================
DAG File Processing Stats

File Path                          PID    Runtime      # DAGs    # Errors  Last Runtime    Last Run
---------------------------------  -----  ---------  --------  ----------  --------------  -------------------
/opt/airflow/dags/dag_postgres.py                           1           0  0.32s           2024-06-07T15:20:32
================================================================================
[2024-06-07T15:21:32.103+0000] {manager.py:878} INFO - 
================================================================================
DAG File Processing Stats

File Path                          PID    Runtime      # DAGs    # Errors  Last Runtime    Last Run
---------------------------------  -----  ---------  --------  ----------  --------------  -------------------
/opt/airflow/dags/dag_postgres.py                           1           0  0.30s           2024-06-07T15:21:03
================================================================================
[2024-06-07T15:22:02.714+0000] {manager.py:878} INFO - 
================================================================================
DAG File Processing Stats

File Path                          PID    Runtime      # DAGs    # Errors  Last Runtime    Last Run
---------------------------------  -----  ---------  --------  ----------  --------------  -------------------
/opt/airflow/dags/dag_postgres.py                           1           0  0.30s           2024-06-07T15:21:33
================================================================================
[2024-06-07T15:22:29.024+0000] {manager.py:737} INFO - Searching for files in /opt/airflow/dags
[2024-06-07T15:22:29.045+0000] {manager.py:740} INFO - There are 1 files in /opt/airflow/dags
[2024-06-07T15:22:33.116+0000] {manager.py:878} INFO - 
================================================================================
DAG File Processing Stats

File Path                          PID    Runtime      # DAGs    # Errors  Last Runtime    Last Run
---------------------------------  -----  ---------  --------  ----------  --------------  -------------------
/opt/airflow/dags/dag_postgres.py                           1           0  0.26s           2024-06-07T15:22:03
================================================================================
[2024-06-07T15:22:49.290+0000] {manager.py:452} INFO - Exiting gracefully upon receiving signal 15
[2024-06-07T15:26:53.978+0000] {manager.py:470} INFO - Processing files using up to 2 processes at a time 
[2024-06-07T15:26:53.978+0000] {manager.py:471} INFO - Process each file at most once every 30 seconds
[2024-06-07T15:26:53.978+0000] {manager.py:472} INFO - Checking for new files in /opt/airflow/dags every 300 seconds
[2024-06-07T15:26:53.979+0000] {manager.py:737} INFO - Searching for files in /opt/airflow/dags
[2024-06-07T15:26:53.984+0000] {manager.py:740} INFO - There are 1 files in /opt/airflow/dags
[2024-06-07T15:26:54.019+0000] {manager.py:878} INFO - 
================================================================================
DAG File Processing Stats

File Path                            PID  Runtime      # DAGs    # Errors  Last Runtime    Last Run
---------------------------------  -----  ---------  --------  ----------  --------------  ----------
/opt/airflow/dags/dag_postgres.py     30  0.02s             0           0
================================================================================
[2024-06-07T15:27:24.300+0000] {manager.py:878} INFO - 
================================================================================
DAG File Processing Stats

File Path                          PID    Runtime      # DAGs    # Errors  Last Runtime    Last Run
---------------------------------  -----  ---------  --------  ----------  --------------  -------------------
/opt/airflow/dags/dag_postgres.py                           1           0  0.98s           2024-06-07T15:26:54
================================================================================
[2024-06-07T15:27:54.917+0000] {manager.py:878} INFO - 
================================================================================
DAG File Processing Stats

File Path                          PID    Runtime      # DAGs    # Errors  Last Runtime    Last Run
---------------------------------  -----  ---------  --------  ----------  --------------  -------------------
/opt/airflow/dags/dag_postgres.py                           1           0  0.37s           2024-06-07T15:27:35
================================================================================
[2024-06-07T15:28:25.277+0000] {manager.py:878} INFO - 
================================================================================
DAG File Processing Stats

File Path                          PID    Runtime      # DAGs    # Errors  Last Runtime    Last Run
---------------------------------  -----  ---------  --------  ----------  --------------  -------------------
/opt/airflow/dags/dag_postgres.py                           1           0  0.31s           2024-06-07T15:28:06
================================================================================
[2024-06-07T15:28:55.826+0000] {manager.py:878} INFO - 
================================================================================
DAG File Processing Stats

File Path                          PID    Runtime      # DAGs    # Errors  Last Runtime    Last Run
---------------------------------  -----  ---------  --------  ----------  --------------  -------------------
/opt/airflow/dags/dag_postgres.py                           1           0  0.33s           2024-06-07T15:28:36
================================================================================
[2024-06-07T15:29:26.011+0000] {manager.py:878} INFO - 
================================================================================
DAG File Processing Stats

File Path                          PID    Runtime      # DAGs    # Errors  Last Runtime    Last Run
---------------------------------  -----  ---------  --------  ----------  --------------  -------------------
/opt/airflow/dags/dag_postgres.py                           1           0  0.34s           2024-06-07T15:29:07
================================================================================
[2024-06-07T15:29:56.466+0000] {manager.py:878} INFO - 
================================================================================
DAG File Processing Stats

File Path                          PID    Runtime      # DAGs    # Errors  Last Runtime    Last Run
---------------------------------  -----  ---------  --------  ----------  --------------  -------------------
/opt/airflow/dags/dag_postgres.py                           1           0  0.36s           2024-06-07T15:29:37
================================================================================
[2024-06-07T15:30:27.151+0000] {manager.py:878} INFO - 
================================================================================
DAG File Processing Stats

File Path                          PID    Runtime      # DAGs    # Errors  Last Runtime    Last Run
---------------------------------  -----  ---------  --------  ----------  --------------  -------------------
/opt/airflow/dags/dag_postgres.py                           1           0  0.30s           2024-06-07T15:30:08
================================================================================
[2024-06-07T15:30:57.730+0000] {manager.py:878} INFO - 
================================================================================
DAG File Processing Stats

File Path                          PID    Runtime      # DAGs    # Errors  Last Runtime    Last Run
---------------------------------  -----  ---------  --------  ----------  --------------  -------------------
/opt/airflow/dags/dag_postgres.py                           1           0  0.34s           2024-06-07T15:30:38
================================================================================
[2024-06-07T15:31:28.179+0000] {manager.py:878} INFO - 
================================================================================
DAG File Processing Stats

File Path                          PID    Runtime      # DAGs    # Errors  Last Runtime    Last Run
---------------------------------  -----  ---------  --------  ----------  --------------  -------------------
/opt/airflow/dags/dag_postgres.py                           1           0  0.32s           2024-06-07T15:31:09
================================================================================
[2024-06-07T15:31:54.648+0000] {manager.py:737} INFO - Searching for files in /opt/airflow/dags
[2024-06-07T15:31:54.664+0000] {manager.py:740} INFO - There are 1 files in /opt/airflow/dags
[2024-06-07T15:31:58.723+0000] {manager.py:878} INFO - 
================================================================================
DAG File Processing Stats

File Path                          PID    Runtime      # DAGs    # Errors  Last Runtime    Last Run
---------------------------------  -----  ---------  --------  ----------  --------------  -------------------
/opt/airflow/dags/dag_postgres.py                           1           0  0.27s           2024-06-07T15:31:39
================================================================================
[2024-06-07T15:32:29.073+0000] {manager.py:878} INFO - 
================================================================================
DAG File Processing Stats

File Path                          PID    Runtime      # DAGs    # Errors  Last Runtime    Last Run
---------------------------------  -----  ---------  --------  ----------  --------------  -------------------
/opt/airflow/dags/dag_postgres.py                           1           0  0.29s           2024-06-07T15:32:10
================================================================================
[2024-06-07T15:32:59.643+0000] {manager.py:878} INFO - 
================================================================================
DAG File Processing Stats

File Path                          PID    Runtime      # DAGs    # Errors  Last Runtime    Last Run
---------------------------------  -----  ---------  --------  ----------  --------------  -------------------
/opt/airflow/dags/dag_postgres.py                           1           0  0.33s           2024-06-07T15:32:40
================================================================================
[2024-06-07T15:33:30.072+0000] {manager.py:878} INFO - 
================================================================================
DAG File Processing Stats

File Path                          PID    Runtime      # DAGs    # Errors  Last Runtime    Last Run
---------------------------------  -----  ---------  --------  ----------  --------------  -------------------
/opt/airflow/dags/dag_postgres.py                           1           0  0.32s           2024-06-07T15:33:11
================================================================================
[2024-06-07T15:34:00.630+0000] {manager.py:878} INFO - 
================================================================================
DAG File Processing Stats

File Path                          PID    Runtime      # DAGs    # Errors  Last Runtime    Last Run
---------------------------------  -----  ---------  --------  ----------  --------------  -------------------
/opt/airflow/dags/dag_postgres.py                           1           0  0.32s           2024-06-07T15:33:41
================================================================================
[2024-06-07T15:34:31.065+0000] {manager.py:878} INFO - 
================================================================================
DAG File Processing Stats

File Path                          PID    Runtime      # DAGs    # Errors  Last Runtime    Last Run
---------------------------------  -----  ---------  --------  ----------  --------------  -------------------
/opt/airflow/dags/dag_postgres.py                           1           0  0.31s           2024-06-07T15:34:12
================================================================================
[2024-06-07T15:35:01.613+0000] {manager.py:878} INFO - 
================================================================================
DAG File Processing Stats

File Path                          PID    Runtime      # DAGs    # Errors  Last Runtime    Last Run
---------------------------------  -----  ---------  --------  ----------  --------------  -------------------
/opt/airflow/dags/dag_postgres.py                           1           0  0.31s           2024-06-07T15:34:42
================================================================================
[2024-06-07T15:35:31.971+0000] {manager.py:878} INFO - 
================================================================================
DAG File Processing Stats

File Path                          PID    Runtime      # DAGs    # Errors  Last Runtime    Last Run
---------------------------------  -----  ---------  --------  ----------  --------------  -------------------
/opt/airflow/dags/dag_postgres.py                           1           0  0.32s           2024-06-07T15:35:13
================================================================================
[2024-06-07T15:36:02.624+0000] {manager.py:878} INFO - 
================================================================================
DAG File Processing Stats

File Path                          PID    Runtime      # DAGs    # Errors  Last Runtime    Last Run
---------------------------------  -----  ---------  --------  ----------  --------------  -------------------
/opt/airflow/dags/dag_postgres.py                           1           0  0.33s           2024-06-07T15:35:43
================================================================================
[2024-06-07T15:36:33.034+0000] {manager.py:878} INFO - 
================================================================================
DAG File Processing Stats

File Path                          PID    Runtime      # DAGs    # Errors  Last Runtime    Last Run
---------------------------------  -----  ---------  --------  ----------  --------------  -------------------
/opt/airflow/dags/dag_postgres.py                           1           0  0.31s           2024-06-07T15:36:14
================================================================================
[2024-06-07T15:36:55.567+0000] {manager.py:737} INFO - Searching for files in /opt/airflow/dags
[2024-06-07T15:36:55.585+0000] {manager.py:740} INFO - There are 1 files in /opt/airflow/dags
[2024-06-07T15:37:03.702+0000] {manager.py:878} INFO - 
================================================================================
DAG File Processing Stats

File Path                          PID    Runtime      # DAGs    # Errors  Last Runtime    Last Run
---------------------------------  -----  ---------  --------  ----------  --------------  -------------------
/opt/airflow/dags/dag_postgres.py                           1           0  0.31s           2024-06-07T15:36:44
================================================================================
[2024-06-07T15:37:34.080+0000] {manager.py:878} INFO - 
================================================================================
DAG File Processing Stats

File Path                          PID    Runtime      # DAGs    # Errors  Last Runtime    Last Run
---------------------------------  -----  ---------  --------  ----------  --------------  -------------------
/opt/airflow/dags/dag_postgres.py                           1           0  0.31s           2024-06-07T15:37:15
================================================================================
[2024-06-07T15:38:04.707+0000] {manager.py:878} INFO - 
================================================================================
DAG File Processing Stats

File Path                          PID    Runtime      # DAGs    # Errors  Last Runtime    Last Run
---------------------------------  -----  ---------  --------  ----------  --------------  -------------------
/opt/airflow/dags/dag_postgres.py                           1           0  0.30s           2024-06-07T15:37:45
================================================================================
[2024-06-07T15:38:35.125+0000] {manager.py:878} INFO - 
================================================================================
DAG File Processing Stats

File Path                          PID    Runtime      # DAGs    # Errors  Last Runtime    Last Run
---------------------------------  -----  ---------  --------  ----------  --------------  -------------------
/opt/airflow/dags/dag_postgres.py                           1           0  0.29s           2024-06-07T15:38:16
================================================================================
[2024-06-07T15:39:05.694+0000] {manager.py:878} INFO - 
================================================================================
DAG File Processing Stats

File Path                          PID    Runtime      # DAGs    # Errors  Last Runtime    Last Run
---------------------------------  -----  ---------  --------  ----------  --------------  -------------------
/opt/airflow/dags/dag_postgres.py                           1           0  0.31s           2024-06-07T15:38:46
================================================================================
[2024-06-07T15:39:36.111+0000] {manager.py:878} INFO - 
================================================================================
DAG File Processing Stats

File Path                          PID    Runtime      # DAGs    # Errors  Last Runtime    Last Run
---------------------------------  -----  ---------  --------  ----------  --------------  -------------------
/opt/airflow/dags/dag_postgres.py                           1           0  0.28s           2024-06-07T15:39:17
================================================================================
[2024-06-07T15:40:06.610+0000] {manager.py:878} INFO - 
================================================================================
DAG File Processing Stats

File Path                          PID    Runtime      # DAGs    # Errors  Last Runtime    Last Run
---------------------------------  -----  ---------  --------  ----------  --------------  -------------------
/opt/airflow/dags/dag_postgres.py                           1           0  0.33s           2024-06-07T15:39:47
================================================================================
[2024-06-07T15:40:37.105+0000] {manager.py:878} INFO - 
================================================================================
DAG File Processing Stats

File Path                          PID    Runtime      # DAGs    # Errors  Last Runtime    Last Run
---------------------------------  -----  ---------  --------  ----------  --------------  -------------------
/opt/airflow/dags/dag_postgres.py                           1           0  0.32s           2024-06-07T15:40:18
================================================================================
[2024-06-07T15:41:07.608+0000] {manager.py:878} INFO - 
================================================================================
DAG File Processing Stats

File Path                          PID    Runtime      # DAGs    # Errors  Last Runtime    Last Run
---------------------------------  -----  ---------  --------  ----------  --------------  -------------------
/opt/airflow/dags/dag_postgres.py                           1           0  0.31s           2024-06-07T15:40:48
================================================================================
[2024-06-07T15:41:38.071+0000] {manager.py:878} INFO - 
================================================================================
DAG File Processing Stats

File Path                          PID    Runtime      # DAGs    # Errors  Last Runtime    Last Run
---------------------------------  -----  ---------  --------  ----------  --------------  -------------------
/opt/airflow/dags/dag_postgres.py                           1           0  0.35s           2024-06-07T15:41:19
================================================================================
[2024-06-07T15:41:55.576+0000] {manager.py:737} INFO - Searching for files in /opt/airflow/dags
[2024-06-07T15:41:55.580+0000] {manager.py:740} INFO - There are 1 files in /opt/airflow/dags
[2024-06-07T15:42:08.668+0000] {manager.py:878} INFO - 
================================================================================
DAG File Processing Stats

File Path                          PID    Runtime      # DAGs    # Errors  Last Runtime    Last Run
---------------------------------  -----  ---------  --------  ----------  --------------  -------------------
/opt/airflow/dags/dag_postgres.py                           1           0  0.31s           2024-06-07T15:41:49
================================================================================
[2024-06-07T15:42:38.948+0000] {manager.py:878} INFO - 
================================================================================
DAG File Processing Stats

File Path                          PID    Runtime      # DAGs    # Errors  Last Runtime    Last Run
---------------------------------  -----  ---------  --------  ----------  --------------  -------------------
/opt/airflow/dags/dag_postgres.py                           1           0  0.41s           2024-06-07T15:42:20
================================================================================
[2024-06-07T15:43:09.604+0000] {manager.py:878} INFO - 
================================================================================
DAG File Processing Stats

File Path                          PID    Runtime      # DAGs    # Errors  Last Runtime    Last Run
---------------------------------  -----  ---------  --------  ----------  --------------  -------------------
/opt/airflow/dags/dag_postgres.py                           1           0  0.33s           2024-06-07T15:42:50
================================================================================
[2024-06-07T15:43:39.610+0000] {manager.py:878} INFO - 
================================================================================
DAG File Processing Stats

File Path                          PID    Runtime      # DAGs    # Errors  Last Runtime    Last Run
---------------------------------  -----  ---------  --------  ----------  --------------  -------------------
/opt/airflow/dags/dag_postgres.py                           1           0  0.32s           2024-06-07T15:43:21
================================================================================
[2024-06-07T15:44:09.903+0000] {manager.py:878} INFO - 
================================================================================
DAG File Processing Stats

File Path                          PID    Runtime      # DAGs    # Errors  Last Runtime    Last Run
---------------------------------  -----  ---------  --------  ----------  --------------  -------------------
/opt/airflow/dags/dag_postgres.py                           1           0  0.32s           2024-06-07T15:43:51
================================================================================
[2024-06-07T15:44:40.248+0000] {manager.py:878} INFO - 
================================================================================
DAG File Processing Stats

File Path                          PID    Runtime      # DAGs    # Errors  Last Runtime    Last Run
---------------------------------  -----  ---------  --------  ----------  --------------  -------------------
/opt/airflow/dags/dag_postgres.py                           1           0  0.33s           2024-06-07T15:44:22
================================================================================
[2024-06-07T15:45:10.808+0000] {manager.py:878} INFO - 
================================================================================
DAG File Processing Stats

File Path                          PID    Runtime      # DAGs    # Errors  Last Runtime    Last Run
---------------------------------  -----  ---------  --------  ----------  --------------  -------------------
/opt/airflow/dags/dag_postgres.py                           1           0  0.29s           2024-06-07T15:44:52
================================================================================
[2024-06-07T15:45:41.454+0000] {manager.py:878} INFO - 
================================================================================
DAG File Processing Stats

File Path                          PID    Runtime      # DAGs    # Errors  Last Runtime    Last Run
---------------------------------  -----  ---------  --------  ----------  --------------  -------------------
/opt/airflow/dags/dag_postgres.py                           1           0  0.31s           2024-06-07T15:45:23
================================================================================
[2024-06-07T15:46:11.847+0000] {manager.py:878} INFO - 
================================================================================
DAG File Processing Stats

File Path                          PID    Runtime      # DAGs    # Errors  Last Runtime    Last Run
---------------------------------  -----  ---------  --------  ----------  --------------  -------------------
/opt/airflow/dags/dag_postgres.py                           1           0  0.31s           2024-06-07T15:45:53
================================================================================
[2024-06-07T15:46:42.366+0000] {manager.py:878} INFO - 
================================================================================
DAG File Processing Stats

File Path                          PID    Runtime      # DAGs    # Errors  Last Runtime    Last Run
---------------------------------  -----  ---------  --------  ----------  --------------  -------------------
/opt/airflow/dags/dag_postgres.py                           1           0  0.33s           2024-06-07T15:46:24
================================================================================
[2024-06-07T15:46:55.791+0000] {manager.py:737} INFO - Searching for files in /opt/airflow/dags
[2024-06-07T15:46:55.807+0000] {manager.py:740} INFO - There are 1 files in /opt/airflow/dags
[2024-06-07T15:47:12.747+0000] {manager.py:878} INFO - 
================================================================================
DAG File Processing Stats

File Path                          PID    Runtime      # DAGs    # Errors  Last Runtime    Last Run
---------------------------------  -----  ---------  --------  ----------  --------------  -------------------
/opt/airflow/dags/dag_postgres.py                           1           0  0.28s           2024-06-07T15:46:54
================================================================================
[2024-06-07T15:47:43.326+0000] {manager.py:878} INFO - 
================================================================================
DAG File Processing Stats

File Path                          PID    Runtime      # DAGs    # Errors  Last Runtime    Last Run
---------------------------------  -----  ---------  --------  ----------  --------------  -------------------
/opt/airflow/dags/dag_postgres.py                           1           0  0.33s           2024-06-07T15:47:25
================================================================================
