[2024-06-07T15:28:50.349+0000] {local_task_job_runner.py:120} INFO - ::group::Pre task execution logs
[2024-06-07T15:28:50.360+0000] {taskinstance.py:2076} INFO - Dependencies all met for dep_context=non-requeueable deps ti=<TaskInstance: LocalIngestionDag.ingest manual__2024-06-07T15:28:46.402383+00:00 [queued]>
[2024-06-07T15:28:50.470+0000] {taskinstance.py:2076} INFO - Dependencies all met for dep_context=requeueable deps ti=<TaskInstance: LocalIngestionDag.ingest manual__2024-06-07T15:28:46.402383+00:00 [queued]>
[2024-06-07T15:28:50.470+0000] {taskinstance.py:2306} INFO - Starting attempt 1 of 1
[2024-06-07T15:28:50.476+0000] {taskinstance.py:2330} INFO - Executing <Task(PythonOperator): ingest> on 2024-06-07 15:28:46.402383+00:00
[2024-06-07T15:28:50.479+0000] {warnings.py:110} WARNING - /home/***/.local/lib/python3.12/site-packages/***/task/task_runner/standard_task_runner.py:61: DeprecationWarning: This process (pid=79) is multi-threaded, use of fork() may lead to deadlocks in the child.
  pid = os.fork()

[2024-06-07T15:28:50.481+0000] {standard_task_runner.py:63} INFO - Started process 81 to run task
[2024-06-07T15:28:50.481+0000] {standard_task_runner.py:90} INFO - Running: ['***', 'tasks', 'run', 'LocalIngestionDag', 'ingest', 'manual__2024-06-07T15:28:46.402383+00:00', '--job-id', '28', '--raw', '--subdir', 'DAGS_FOLDER/dag_postgres.py', '--cfg-path', '/tmp/tmpub8br1ih']
[2024-06-07T15:28:50.483+0000] {standard_task_runner.py:91} INFO - Job 28: Subtask ingest
[2024-06-07T15:28:50.512+0000] {task_command.py:426} INFO - Running <TaskInstance: LocalIngestionDag.ingest manual__2024-06-07T15:28:46.402383+00:00 [running]> on host 16afd5b50d4b
[2024-06-07T15:28:50.539+0000] {warnings.py:110} WARNING - /home/***/.local/lib/python3.12/site-packages/***/utils/context.py:212: AirflowContextDeprecationWarning: Accessing 'execution_date' from the template is deprecated and will be removed in a future version. Please use 'data_interval_start' or 'logical_date' instead.
  warnings.warn(_create_deprecation_warning(key, self._deprecation_replacements[key]))

[2024-06-07T15:28:50.556+0000] {taskinstance.py:2648} INFO - Exporting env vars: AIRFLOW_CTX_DAG_OWNER='***' AIRFLOW_CTX_DAG_ID='LocalIngestionDag' AIRFLOW_CTX_TASK_ID='ingest' AIRFLOW_CTX_EXECUTION_DATE='2024-06-07T15:28:46.402383+00:00' AIRFLOW_CTX_TRY_NUMBER='1' AIRFLOW_CTX_DAG_RUN_ID='manual__2024-06-07T15:28:46.402383+00:00'
[2024-06-07T15:28:50.557+0000] {taskinstance.py:430} INFO - ::endgroup::
[2024-06-07T15:28:50.565+0000] {ingest_data.py:45} INFO - 2024-06-07 15:28:46.402383+00:00
[2024-06-07T15:28:59.912+0000] {ingest_data.py:77} INFO - Inserted another chunk, took 4.556 seconds
[2024-06-07T15:29:04.213+0000] {ingest_data.py:77} INFO - Inserted another chunk, took 4.301 seconds
[2024-06-07T15:29:08.640+0000] {ingest_data.py:77} INFO - Inserted another chunk, took 4.426 seconds
[2024-06-07T15:29:13.106+0000] {ingest_data.py:77} INFO - Inserted another chunk, took 4.465 seconds
[2024-06-07T15:29:17.601+0000] {ingest_data.py:77} INFO - Inserted another chunk, took 4.495 seconds
[2024-06-07T15:29:22.274+0000] {ingest_data.py:77} INFO - Inserted another chunk, took 4.672 seconds
[2024-06-07T15:29:26.926+0000] {ingest_data.py:77} INFO - Inserted another chunk, took 4.652 seconds
[2024-06-07T15:29:31.464+0000] {ingest_data.py:77} INFO - Inserted another chunk, took 4.537 seconds
[2024-06-07T15:29:35.821+0000] {ingest_data.py:77} INFO - Inserted another chunk, took 4.357 seconds
[2024-06-07T15:29:40.292+0000] {ingest_data.py:77} INFO - Inserted another chunk, took 4.471 seconds
[2024-06-07T15:29:44.928+0000] {ingest_data.py:77} INFO - Inserted another chunk, took 4.635 seconds
[2024-06-07T15:29:45.034+0000] {warnings.py:110} WARNING - /opt/***/dags/ingest_data.py:67: DtypeWarning: Columns (6) have mixed types. Specify dtype option on import or set low_memory=False.
  df = next(df_iter)

[2024-06-07T15:29:49.150+0000] {ingest_data.py:77} INFO - Inserted another chunk, took 4.222 seconds
[2024-06-07T15:29:51.937+0000] {ingest_data.py:77} INFO - Inserted another chunk, took 2.786 seconds
[2024-06-07T15:29:51.937+0000] {ingest_data.py:80} INFO - Finished ingesting data into the PostgreSQL database
[2024-06-07T15:29:51.937+0000] {python.py:237} INFO - Done. Returned value was: None
[2024-06-07T15:29:51.938+0000] {taskinstance.py:441} INFO - ::group::Post task execution logs
[2024-06-07T15:29:51.942+0000] {taskinstance.py:1206} INFO - Marking task as SUCCESS. dag_id=LocalIngestionDag, task_id=ingest, run_id=manual__2024-06-07T15:28:46.402383+00:00, execution_date=20240607T152846, start_date=20240607T152850, end_date=20240607T152951
[2024-06-07T15:29:51.966+0000] {local_task_job_runner.py:240} INFO - Task exited with return code 0
[2024-06-07T15:29:51.973+0000] {taskinstance.py:3498} INFO - 0 downstream tasks scheduled from follow-on schedule check
[2024-06-07T15:29:51.974+0000] {local_task_job_runner.py:222} INFO - ::endgroup::
