[2024-06-07T15:28:48.149+0000] {local_task_job_runner.py:120} INFO - ::group::Pre task execution logs
[2024-06-07T15:28:48.158+0000] {taskinstance.py:2076} INFO - Dependencies all met for dep_context=non-requeueable deps ti=<TaskInstance: LocalIngestionDag.download manual__2024-06-07T15:28:46.402383+00:00 [queued]>
[2024-06-07T15:28:48.161+0000] {taskinstance.py:2076} INFO - Dependencies all met for dep_context=requeueable deps ti=<TaskInstance: LocalIngestionDag.download manual__2024-06-07T15:28:46.402383+00:00 [queued]>
[2024-06-07T15:28:48.161+0000] {taskinstance.py:2306} INFO - Starting attempt 1 of 1
[2024-06-07T15:28:48.166+0000] {taskinstance.py:2330} INFO - Executing <Task(BashOperator): download> on 2024-06-07 15:28:46.402383+00:00
[2024-06-07T15:28:48.169+0000] {warnings.py:110} WARNING - /home/***/.local/lib/python3.12/site-packages/***/task/task_runner/standard_task_runner.py:61: DeprecationWarning: This process (pid=68) is multi-threaded, use of fork() may lead to deadlocks in the child.
  pid = os.fork()

[2024-06-07T15:28:48.170+0000] {standard_task_runner.py:63} INFO - Started process 70 to run task
[2024-06-07T15:28:48.170+0000] {standard_task_runner.py:90} INFO - Running: ['***', 'tasks', 'run', 'LocalIngestionDag', 'download', 'manual__2024-06-07T15:28:46.402383+00:00', '--job-id', '27', '--raw', '--subdir', 'DAGS_FOLDER/dag_postgres.py', '--cfg-path', '/tmp/tmph_zd7acz']
[2024-06-07T15:28:48.171+0000] {standard_task_runner.py:91} INFO - Job 27: Subtask download
[2024-06-07T15:28:48.191+0000] {task_command.py:426} INFO - Running <TaskInstance: LocalIngestionDag.download manual__2024-06-07T15:28:46.402383+00:00 [running]> on host 16afd5b50d4b
[2024-06-07T15:28:48.215+0000] {warnings.py:110} WARNING - /home/***/.local/lib/python3.12/site-packages/***/utils/context.py:212: AirflowContextDeprecationWarning: Accessing 'execution_date' from the template is deprecated and will be removed in a future version. Please use 'data_interval_start' or 'logical_date' instead.
  warnings.warn(_create_deprecation_warning(key, self._deprecation_replacements[key]))

[2024-06-07T15:28:48.229+0000] {taskinstance.py:2648} INFO - Exporting env vars: AIRFLOW_CTX_DAG_OWNER='***' AIRFLOW_CTX_DAG_ID='LocalIngestionDag' AIRFLOW_CTX_TASK_ID='download' AIRFLOW_CTX_EXECUTION_DATE='2024-06-07T15:28:46.402383+00:00' AIRFLOW_CTX_TRY_NUMBER='1' AIRFLOW_CTX_DAG_RUN_ID='manual__2024-06-07T15:28:46.402383+00:00'
[2024-06-07T15:28:48.230+0000] {taskinstance.py:430} INFO - ::endgroup::
[2024-06-07T15:28:48.246+0000] {subprocess.py:63} INFO - Tmp dir root location: /tmp
[2024-06-07T15:28:48.246+0000] {subprocess.py:75} INFO - Running command: ['/usr/bin/bash', '-c', 'wget https://github.com/DataTalksClub/nyc-tlc-data/releases/download/yellow/yellow_tripdata_2021-01.csv.gz -O /opt/***/output_2024-06.csv.gz']
[2024-06-07T15:28:48.251+0000] {subprocess.py:86} INFO - Output:
[2024-06-07T15:28:48.254+0000] {subprocess.py:93} INFO - --2024-06-07 15:28:48--  https://github.com/DataTalksClub/nyc-tlc-data/releases/download/yellow/yellow_tripdata_2021-01.csv.gz
[2024-06-07T15:28:48.291+0000] {subprocess.py:93} INFO - Resolving github.com (github.com)... 140.82.121.3
[2024-06-07T15:28:48.303+0000] {subprocess.py:93} INFO - Connecting to github.com (github.com)|140.82.121.3|:443... connected.
[2024-06-07T15:28:48.547+0000] {subprocess.py:93} INFO - HTTP request sent, awaiting response... 302 Found
[2024-06-07T15:28:48.550+0000] {subprocess.py:93} INFO - Location: https://objects.githubusercontent.com/github-production-release-asset-2e65be/513814948/f6895842-79e6-4a43-9458-e5b0b454a340?X-Amz-Algorithm=AWS4-HMAC-SHA256&X-Amz-Credential=releaseassetproduction%2F20240607%2Fus-east-1%2Fs3%2Faws4_request&X-Amz-Date=20240607T152848Z&X-Amz-Expires=300&X-Amz-Signature=278d340ac2105332a5217097d2a210b9ae201497b3ae43892ff52487aa55d913&X-Amz-SignedHeaders=host&actor_id=0&key_id=0&repo_id=513814948&response-content-disposition=attachment%3B%20filename%3Dyellow_tripdata_2021-01.csv.gz&response-content-type=application%2Foctet-stream [following]
[2024-06-07T15:28:48.553+0000] {subprocess.py:93} INFO - --2024-06-07 15:28:48--  https://objects.githubusercontent.com/github-production-release-asset-2e65be/513814948/f6895842-79e6-4a43-9458-e5b0b454a340?X-Amz-Algorithm=AWS4-HMAC-SHA256&X-Amz-Credential=releaseassetproduction%2F20240607%2Fus-east-1%2Fs3%2Faws4_request&X-Amz-Date=20240607T152848Z&X-Amz-Expires=300&X-Amz-Signature=278d340ac2105332a5217097d2a210b9ae201497b3ae43892ff52487aa55d913&X-Amz-SignedHeaders=host&actor_id=0&key_id=0&repo_id=513814948&response-content-disposition=attachment%3B%20filename%3Dyellow_tripdata_2021-01.csv.gz&response-content-type=application%2Foctet-stream
[2024-06-07T15:28:48.558+0000] {subprocess.py:93} INFO - Resolving objects.githubusercontent.com (objects.githubusercontent.com)... 185.199.111.133, 185.199.108.133, 185.199.110.133, ...
[2024-06-07T15:28:48.580+0000] {subprocess.py:93} INFO - Connecting to objects.githubusercontent.com (objects.githubusercontent.com)|185.199.111.133|:443... connected.
[2024-06-07T15:28:49.028+0000] {subprocess.py:93} INFO - HTTP request sent, awaiting response... 200 OK
[2024-06-07T15:28:49.031+0000] {subprocess.py:93} INFO - Length: 25031880 (24M) [application/octet-stream]
[2024-06-07T15:28:49.033+0000] {subprocess.py:93} INFO - Saving to: ‘/opt/***/output_2024-06.csv.gz’
[2024-06-07T15:28:49.036+0000] {subprocess.py:93} INFO - 
[2024-06-07T15:28:49.046+0000] {subprocess.py:93} INFO -      0K .......... .......... .......... .......... ..........  0% 2.90M 8s
[2024-06-07T15:28:49.060+0000] {subprocess.py:93} INFO -     50K .......... .......... .......... .......... ..........  0% 3.61M 7s
[2024-06-07T15:28:49.067+0000] {subprocess.py:93} INFO -    100K .......... .......... .......... .......... ..........  0% 6.76M 6s
[2024-06-07T15:28:49.072+0000] {subprocess.py:93} INFO -    150K .......... .......... .......... .......... ..........  0% 8.63M 5s
[2024-06-07T15:28:49.078+0000] {subprocess.py:93} INFO -    200K .......... .......... .......... .......... ..........  1% 8.93M 5s
[2024-06-07T15:28:49.083+0000] {subprocess.py:93} INFO -    250K .......... .......... .......... .......... ..........  1% 9.16M 4s
[2024-06-07T15:28:49.087+0000] {subprocess.py:93} INFO -    300K .......... .......... .......... .......... ..........  1% 12.9M 4s
[2024-06-07T15:28:49.091+0000] {subprocess.py:93} INFO -    350K .......... .......... .......... .......... ..........  1% 20.5M 4s
[2024-06-07T15:28:49.094+0000] {subprocess.py:93} INFO -    400K .......... .......... .......... .......... ..........  1% 10.7M 3s
[2024-06-07T15:28:49.096+0000] {subprocess.py:93} INFO -    450K .......... .......... .......... .......... ..........  2% 29.2M 3s
[2024-06-07T15:28:49.097+0000] {subprocess.py:93} INFO -    500K .......... .......... .......... .......... ..........  2%  154M 3s
[2024-06-07T15:28:49.099+0000] {subprocess.py:93} INFO -    550K .......... .......... .......... .......... ..........  2% 20.1M 3s
[2024-06-07T15:28:49.102+0000] {subprocess.py:93} INFO -    600K .......... .......... .......... .......... ..........  2% 12.4M 3s
[2024-06-07T15:28:49.104+0000] {subprocess.py:93} INFO -    650K .......... .......... .......... .......... ..........  2%  198M 2s
[2024-06-07T15:28:49.105+0000] {subprocess.py:93} INFO -    700K .......... .......... .......... .......... ..........  3% 24.9M 2s
[2024-06-07T15:28:49.106+0000] {subprocess.py:93} INFO -    750K .......... .......... .......... .......... ..........  3% 34.6M 2s
[2024-06-07T15:28:49.107+0000] {subprocess.py:93} INFO -    800K .......... .......... .......... .......... ..........  3% 57.7M 2s
[2024-06-07T15:28:49.108+0000] {subprocess.py:93} INFO -    850K .......... .......... .......... .......... ..........  3% 47.6M 2s
[2024-06-07T15:28:49.111+0000] {subprocess.py:93} INFO -    900K .......... .......... .......... .......... ..........  3% 13.3M 2s
[2024-06-07T15:28:49.112+0000] {subprocess.py:93} INFO -    950K .......... .......... .......... .......... ..........  4% 48.5M 2s
[2024-06-07T15:28:49.113+0000] {subprocess.py:93} INFO -   1000K .......... .......... .......... .......... ..........  4% 39.7M 2s
[2024-06-07T15:28:49.115+0000] {subprocess.py:93} INFO -   1050K .......... .......... .......... .......... ..........  4%  104M 2s
[2024-06-07T15:28:49.116+0000] {subprocess.py:93} INFO -   1100K .......... .......... .......... .......... ..........  4% 26.9M 2s
[2024-06-07T15:28:49.117+0000] {subprocess.py:93} INFO -   1150K .......... .......... .......... .......... ..........  4% 34.9M 2s
[2024-06-07T15:28:49.118+0000] {subprocess.py:93} INFO -   1200K .......... .......... .......... .......... ..........  5% 69.2M 2s
[2024-06-07T15:28:49.123+0000] {subprocess.py:93} INFO -   1250K .......... .......... .......... .......... ..........  5% 10.2M 2s
[2024-06-07T15:28:49.124+0000] {subprocess.py:93} INFO -   1300K .......... .......... .......... .......... ..........  5% 49.9M 2s
[2024-06-07T15:28:49.125+0000] {subprocess.py:93} INFO -   1350K .......... .......... .......... .......... ..........  5% 46.3M 2s
[2024-06-07T15:28:49.126+0000] {subprocess.py:93} INFO -   1400K .......... .......... .......... .......... ..........  5% 34.7M 2s
[2024-06-07T15:28:49.127+0000] {subprocess.py:93} INFO -   1450K .......... .......... .......... .......... ..........  6% 57.7M 1s
[2024-06-07T15:28:49.128+0000] {subprocess.py:93} INFO -   1500K .......... .......... .......... .......... ..........  6% 34.9M 1s
[2024-06-07T15:28:49.129+0000] {subprocess.py:93} INFO -   1550K .......... .......... .......... .......... ..........  6% 77.2M 1s
[2024-06-07T15:28:49.130+0000] {subprocess.py:93} INFO -   1600K .......... .......... .......... .......... ..........  6% 82.1M 1s
[2024-06-07T15:28:49.131+0000] {subprocess.py:93} INFO -   1650K .......... .......... .......... .......... ..........  6% 63.3M 1s
[2024-06-07T15:28:49.132+0000] {subprocess.py:93} INFO -   1700K .......... .......... .......... .......... ..........  7% 26.3M 1s
[2024-06-07T15:28:49.133+0000] {subprocess.py:93} INFO -   1750K .......... .......... .......... .......... ..........  7%  229M 1s
[2024-06-07T15:28:49.134+0000] {subprocess.py:93} INFO -   1800K .......... .......... .......... .......... ..........  7% 58.5M 1s
[2024-06-07T15:28:49.135+0000] {subprocess.py:93} INFO -   1850K .......... .......... .......... .......... ..........  7% 49.1M 1s
[2024-06-07T15:28:49.136+0000] {subprocess.py:93} INFO -   1900K .......... .......... .......... .......... ..........  7% 53.5M 1s
[2024-06-07T15:28:49.136+0000] {subprocess.py:93} INFO -   1950K .......... .......... .......... .......... ..........  8% 58.9M 1s
[2024-06-07T15:28:49.138+0000] {subprocess.py:93} INFO -   2000K .......... .......... .......... .......... ..........  8% 20.8M 1s
[2024-06-07T15:28:49.139+0000] {subprocess.py:93} INFO -   2050K .......... .......... .......... .......... ..........  8% 98.8M 1s
[2024-06-07T15:28:49.140+0000] {subprocess.py:93} INFO -   2100K .......... .......... .......... .......... ..........  8% 89.1M 1s
[2024-06-07T15:28:49.141+0000] {subprocess.py:93} INFO -   2150K .......... .......... .......... .......... ..........  8% 48.0M 1s
[2024-06-07T15:28:49.142+0000] {subprocess.py:93} INFO -   2200K .......... .......... .......... .......... ..........  9% 64.4M 1s
[2024-06-07T15:28:49.143+0000] {subprocess.py:93} INFO -   2250K .......... .......... .......... .......... ..........  9% 87.9M 1s
[2024-06-07T15:28:49.144+0000] {subprocess.py:93} INFO -   2300K .......... .......... .......... .......... ..........  9% 28.8M 1s
[2024-06-07T15:28:49.145+0000] {subprocess.py:93} INFO -   2350K .......... .......... .......... .......... ..........  9%  120M 1s
[2024-06-07T15:28:49.145+0000] {subprocess.py:93} INFO -   2400K .......... .......... .......... .......... .......... 10% 49.3M 1s
[2024-06-07T15:28:49.146+0000] {subprocess.py:93} INFO -   2450K .......... .......... .......... .......... .......... 10% 63.5M 1s
[2024-06-07T15:28:49.174+0000] {subprocess.py:93} INFO -   2500K .......... .......... .......... .......... .......... 10% 1.70M 1s
[2024-06-07T15:28:49.179+0000] {subprocess.py:93} INFO -   2550K .......... .......... .......... .......... .......... 10% 81.8M 1s
[2024-06-07T15:28:49.180+0000] {subprocess.py:93} INFO -   2600K .......... .......... .......... .......... .......... 10% 91.0M 1s
[2024-06-07T15:28:49.180+0000] {subprocess.py:93} INFO -   2650K .......... .......... .......... .......... .......... 11%  278M 1s
[2024-06-07T15:28:49.180+0000] {subprocess.py:93} INFO -   2700K .......... .......... .......... .......... .......... 11% 78.5M 1s
[2024-06-07T15:28:49.181+0000] {subprocess.py:93} INFO -   2750K .......... .......... .......... .......... .......... 11%  257M 1s
[2024-06-07T15:28:49.181+0000] {subprocess.py:93} INFO -   2800K .......... .......... .......... .......... .......... 11% 94.4M 1s
[2024-06-07T15:28:49.181+0000] {subprocess.py:93} INFO -   2850K .......... .......... .......... .......... .......... 11%  120M 1s
[2024-06-07T15:28:49.182+0000] {subprocess.py:93} INFO -   2900K .......... .......... .......... .......... .......... 12%  158M 1s
[2024-06-07T15:28:49.182+0000] {subprocess.py:93} INFO -   2950K .......... .......... .......... .......... .......... 12%  190M 1s
[2024-06-07T15:28:49.182+0000] {subprocess.py:93} INFO -   3000K .......... .......... .......... .......... .......... 12% 79.8M 1s
[2024-06-07T15:28:49.184+0000] {subprocess.py:93} INFO -   3050K .......... .......... .......... .......... .......... 12%  357M 1s
[2024-06-07T15:28:49.185+0000] {subprocess.py:93} INFO -   3100K .......... .......... .......... .......... .......... 12%  121M 1s
[2024-06-07T15:28:49.185+0000] {subprocess.py:93} INFO -   3150K .......... .......... .......... .......... .......... 13% 13.2M 1s
[2024-06-07T15:28:49.185+0000] {subprocess.py:93} INFO -   3200K .......... .......... .......... .......... .......... 13% 90.6M 1s
[2024-06-07T15:28:49.186+0000] {subprocess.py:93} INFO -   3250K .......... .......... .......... .......... .......... 13%  145M 1s
[2024-06-07T15:28:49.186+0000] {subprocess.py:93} INFO -   3300K .......... .......... .......... .......... .......... 13%  145M 1s
[2024-06-07T15:28:49.186+0000] {subprocess.py:93} INFO -   3350K .......... .......... .......... .......... .......... 13% 78.9M 1s
[2024-06-07T15:28:49.188+0000] {subprocess.py:93} INFO -   3400K .......... .......... .......... .......... .......... 14% 15.0M 1s
[2024-06-07T15:28:49.190+0000] {subprocess.py:93} INFO -   3450K .......... .......... .......... .......... .......... 14% 57.3M 1s
[2024-06-07T15:28:49.191+0000] {subprocess.py:93} INFO -   3500K .......... .......... .......... .......... .......... 14% 33.3M 1s
[2024-06-07T15:28:49.192+0000] {subprocess.py:93} INFO -   3550K .......... .......... .......... .......... .......... 14%  166M 1s
[2024-06-07T15:28:49.192+0000] {subprocess.py:93} INFO -   3600K .......... .......... .......... .......... .......... 14%  152M 1s
[2024-06-07T15:28:49.193+0000] {subprocess.py:93} INFO -   3650K .......... .......... .......... .......... .......... 15%  349M 1s
[2024-06-07T15:28:49.193+0000] {subprocess.py:93} INFO -   3700K .......... .......... .......... .......... .......... 15%  129M 1s
[2024-06-07T15:28:49.193+0000] {subprocess.py:93} INFO -   3750K .......... .......... .......... .......... .......... 15%  275M 1s
[2024-06-07T15:28:49.194+0000] {subprocess.py:93} INFO -   3800K .......... .......... .......... .......... .......... 15% 74.4M 1s
[2024-06-07T15:28:49.197+0000] {subprocess.py:93} INFO -   3850K .......... .......... .......... .......... .......... 15% 20.8M 1s
[2024-06-07T15:28:49.197+0000] {subprocess.py:93} INFO -   3900K .......... .......... .......... .......... .......... 16% 19.8M 1s
[2024-06-07T15:28:49.205+0000] {subprocess.py:93} INFO -   3950K .......... .......... .......... .......... .......... 16%  167M 1s
[2024-06-07T15:28:49.207+0000] {subprocess.py:93} INFO -   4000K .......... .......... .......... .......... .......... 16% 61.7M 1s
[2024-06-07T15:28:49.207+0000] {subprocess.py:93} INFO -   4050K .......... .......... .......... .......... .......... 16%  114M 1s
[2024-06-07T15:28:49.207+0000] {subprocess.py:93} INFO -   4100K .......... .......... .......... .......... .......... 16%  302M 1s
[2024-06-07T15:28:49.208+0000] {subprocess.py:93} INFO -   4150K .......... .......... .......... .......... .......... 17% 99.4M 1s
[2024-06-07T15:28:49.209+0000] {subprocess.py:93} INFO -   4200K .......... .......... .......... .......... .......... 17%  387M 1s
[2024-06-07T15:28:49.209+0000] {subprocess.py:93} INFO -   4250K .......... .......... .......... .......... .......... 17% 98.7M 1s
[2024-06-07T15:28:49.209+0000] {subprocess.py:93} INFO -   4300K .......... .......... .......... .......... .......... 17% 90.7M 1s
[2024-06-07T15:28:49.209+0000] {subprocess.py:93} INFO -   4350K .......... .......... .......... .......... .......... 17%  352M 1s
[2024-06-07T15:28:49.210+0000] {subprocess.py:93} INFO -   4400K .......... .......... .......... .......... .......... 18%  112M 1s
[2024-06-07T15:28:49.210+0000] {subprocess.py:93} INFO -   4450K .......... .......... .......... .......... .......... 18%  429M 1s
[2024-06-07T15:28:49.210+0000] {subprocess.py:93} INFO -   4500K .......... .......... .......... .......... .......... 18% 82.6M 1s
[2024-06-07T15:28:49.210+0000] {subprocess.py:93} INFO -   4550K .......... .......... .......... .......... .......... 18%  358M 1s
[2024-06-07T15:28:49.210+0000] {subprocess.py:93} INFO -   4600K .......... .......... .......... .......... .......... 19% 95.2M 1s
[2024-06-07T15:28:49.211+0000] {subprocess.py:93} INFO -   4650K .......... .......... .......... .......... .......... 19%  450M 1s
[2024-06-07T15:28:49.211+0000] {subprocess.py:93} INFO -   4700K .......... .......... .......... .......... .......... 19%  108M 1s
[2024-06-07T15:28:49.211+0000] {subprocess.py:93} INFO -   4750K .......... .......... .......... .......... .......... 19%  116M 1s
[2024-06-07T15:28:49.211+0000] {subprocess.py:93} INFO -   4800K .......... .......... .......... .......... .......... 19%  307M 1s
[2024-06-07T15:28:49.212+0000] {subprocess.py:93} INFO -   4850K .......... .......... .......... .......... .......... 20%  233M 1s
[2024-06-07T15:28:49.212+0000] {subprocess.py:93} INFO -   4900K .......... .......... .......... .......... .......... 20%  334M 1s
[2024-06-07T15:28:49.213+0000] {subprocess.py:93} INFO -   4950K .......... .......... .......... .......... .......... 20%  163M 1s
[2024-06-07T15:28:49.213+0000] {subprocess.py:93} INFO -   5000K .......... .......... .......... .......... .......... 20%  148M 1s
[2024-06-07T15:28:49.213+0000] {subprocess.py:93} INFO -   5050K .......... .......... .......... .......... .......... 20%  288M 1s
[2024-06-07T15:28:49.213+0000] {subprocess.py:93} INFO -   5100K .......... .......... .......... .......... .......... 21%  164M 1s
[2024-06-07T15:28:49.214+0000] {subprocess.py:93} INFO -   5150K .......... .......... .......... .......... .......... 21%  420M 1s
[2024-06-07T15:28:49.214+0000] {subprocess.py:93} INFO -   5200K .......... .......... .......... .......... .......... 21%  129M 1s
[2024-06-07T15:28:49.214+0000] {subprocess.py:93} INFO -   5250K .......... .......... .......... .......... .......... 21%  457M 1s
[2024-06-07T15:28:49.215+0000] {subprocess.py:93} INFO -   5300K .......... .......... .......... .......... .......... 21%  194M 1s
[2024-06-07T15:28:49.215+0000] {subprocess.py:93} INFO -   5350K .......... .......... .......... .......... .......... 22%  118M 1s
[2024-06-07T15:28:49.216+0000] {subprocess.py:93} INFO -   5400K .......... .......... .......... .......... .......... 22%  271M 1s
[2024-06-07T15:28:49.216+0000] {subprocess.py:93} INFO -   5450K .......... .......... .......... .......... .......... 22%  296M 1s
[2024-06-07T15:28:49.216+0000] {subprocess.py:93} INFO -   5500K .......... .......... .......... .......... .......... 22%  221M 1s
[2024-06-07T15:28:49.217+0000] {subprocess.py:93} INFO -   5550K .......... .......... .......... .......... .......... 22%  415M 1s
[2024-06-07T15:28:49.217+0000] {subprocess.py:93} INFO -   5600K .......... .......... .......... .......... .......... 23%  376M 1s
[2024-06-07T15:28:49.217+0000] {subprocess.py:93} INFO -   5650K .......... .......... .......... .......... .......... 23% 53.4M 1s
[2024-06-07T15:28:49.218+0000] {subprocess.py:93} INFO -   5700K .......... .......... .......... .......... .......... 23%  134M 1s
[2024-06-07T15:28:49.218+0000] {subprocess.py:93} INFO -   5750K .......... .......... .......... .......... .......... 23% 12.3M 1s
[2024-06-07T15:28:49.219+0000] {subprocess.py:93} INFO -   5800K .......... .......... .......... .......... .......... 23% 27.1M 1s
[2024-06-07T15:28:49.219+0000] {subprocess.py:93} INFO -   5850K .......... .......... .......... .......... .......... 24%  108M 1s
[2024-06-07T15:28:49.219+0000] {subprocess.py:93} INFO -   5900K .......... .......... .......... .......... .......... 24% 46.8M 1s
[2024-06-07T15:28:49.219+0000] {subprocess.py:93} INFO -   5950K .......... .......... .......... .......... .......... 24% 52.0M 1s
[2024-06-07T15:28:49.220+0000] {subprocess.py:93} INFO -   6000K .......... .......... .......... .......... .......... 24%  144M 1s
[2024-06-07T15:28:49.220+0000] {subprocess.py:93} INFO -   6050K .......... .......... .......... .......... .......... 24% 62.6M 1s
[2024-06-07T15:28:49.220+0000] {subprocess.py:93} INFO -   6100K .......... .......... .......... .......... .......... 25% 43.4M 1s
[2024-06-07T15:28:49.220+0000] {subprocess.py:93} INFO -   6150K .......... .......... .......... .......... .......... 25% 36.6M 1s
[2024-06-07T15:28:49.252+0000] {subprocess.py:93} INFO -   6200K .......... .......... .......... .......... .......... 25% 1.54M 1s
[2024-06-07T15:28:49.252+0000] {subprocess.py:93} INFO -   6250K .......... .......... .......... .......... .......... 25%  228M 1s
[2024-06-07T15:28:49.254+0000] {subprocess.py:93} INFO -   6300K .......... .......... .......... .......... .......... 25%  143M 1s
[2024-06-07T15:28:49.258+0000] {subprocess.py:93} INFO -   6350K .......... .......... .......... .......... .......... 26%  106M 1s
[2024-06-07T15:28:49.258+0000] {subprocess.py:93} INFO -   6400K .......... .......... .......... .......... .......... 26%  171M 1s
[2024-06-07T15:28:49.259+0000] {subprocess.py:93} INFO -   6450K .......... .......... .......... .......... .......... 26%  230M 1s
[2024-06-07T15:28:49.260+0000] {subprocess.py:93} INFO -   6500K .......... .......... .......... .......... .......... 26%  181M 1s
[2024-06-07T15:28:49.260+0000] {subprocess.py:93} INFO -   6550K .......... .......... .......... .......... .......... 26%  147M 1s
[2024-06-07T15:28:49.260+0000] {subprocess.py:93} INFO -   6600K .......... .......... .......... .......... .......... 27%  378M 1s
[2024-06-07T15:28:49.260+0000] {subprocess.py:93} INFO -   6650K .......... .......... .......... .......... .......... 27%  131M 1s
[2024-06-07T15:28:49.261+0000] {subprocess.py:93} INFO -   6700K .......... .......... .......... .......... .......... 27%  169M 1s
[2024-06-07T15:28:49.261+0000] {subprocess.py:93} INFO -   6750K .......... .......... .......... .......... .......... 27%  483M 1s
[2024-06-07T15:28:49.261+0000] {subprocess.py:93} INFO -   6800K .......... .......... .......... .......... .......... 28%  162M 1s
[2024-06-07T15:28:49.261+0000] {subprocess.py:93} INFO -   6850K .......... .......... .......... .......... .......... 28%  393M 1s
[2024-06-07T15:28:49.261+0000] {subprocess.py:93} INFO -   6900K .......... .......... .......... .......... .......... 28%  190M 1s
[2024-06-07T15:28:49.262+0000] {subprocess.py:93} INFO -   6950K .......... .......... .......... .......... .......... 28%  419M 1s
[2024-06-07T15:28:49.262+0000] {subprocess.py:93} INFO -   7000K .......... .......... .......... .......... .......... 28%  205M 1s
[2024-06-07T15:28:49.262+0000] {subprocess.py:93} INFO -   7050K .......... .......... .......... .......... .......... 29%  155M 1s
[2024-06-07T15:28:49.262+0000] {subprocess.py:93} INFO -   7100K .......... .......... .......... .......... .......... 29%  257M 1s
[2024-06-07T15:28:49.262+0000] {subprocess.py:93} INFO -   7150K .......... .......... .......... .......... .......... 29%  200M 1s
[2024-06-07T15:28:49.263+0000] {subprocess.py:93} INFO -   7200K .......... .......... .......... .......... .......... 29%  380M 1s
[2024-06-07T15:28:49.263+0000] {subprocess.py:93} INFO -   7250K .......... .......... .......... .......... .......... 29%  183M 1s
[2024-06-07T15:28:49.263+0000] {subprocess.py:93} INFO -   7300K .......... .......... .......... .......... .......... 30%  485M 1s
[2024-06-07T15:28:49.263+0000] {subprocess.py:93} INFO -   7350K .......... .......... .......... .......... .......... 30%  117M 1s
[2024-06-07T15:28:49.263+0000] {subprocess.py:93} INFO -   7400K .......... .......... .......... .......... .......... 30%  162M 1s
[2024-06-07T15:28:49.264+0000] {subprocess.py:93} INFO -   7450K .......... .......... .......... .......... .......... 30%  479M 1s
[2024-06-07T15:28:49.264+0000] {subprocess.py:93} INFO -   7500K .......... .......... .......... .......... .......... 30%  157M 1s
[2024-06-07T15:28:49.265+0000] {subprocess.py:93} INFO -   7550K .......... .......... .......... .......... .......... 31%  435M 1s
[2024-06-07T15:28:49.265+0000] {subprocess.py:93} INFO -   7600K .......... .......... .......... .......... .......... 31%  249M 1s
[2024-06-07T15:28:49.265+0000] {subprocess.py:93} INFO -   7650K .......... .......... .......... .......... .......... 31%  460M 0s
[2024-06-07T15:28:49.265+0000] {subprocess.py:93} INFO -   7700K .......... .......... .......... .......... .......... 31%  101M 0s
[2024-06-07T15:28:49.266+0000] {subprocess.py:93} INFO -   7750K .......... .......... .......... .......... .......... 31%  266M 0s
[2024-06-07T15:28:49.266+0000] {subprocess.py:93} INFO -   7800K .......... .......... .......... .......... .......... 32%  400M 0s
[2024-06-07T15:28:49.266+0000] {subprocess.py:93} INFO -   7850K .......... .......... .......... .......... .......... 32%  276M 0s
[2024-06-07T15:28:49.267+0000] {subprocess.py:93} INFO -   7900K .......... .......... .......... .......... .......... 32%  224M 0s
[2024-06-07T15:28:49.267+0000] {subprocess.py:93} INFO -   7950K .......... .......... .......... .......... .......... 32%  509M 0s
[2024-06-07T15:28:49.268+0000] {subprocess.py:93} INFO -   8000K .......... .......... .......... .......... .......... 32%  527M 0s
[2024-06-07T15:28:49.268+0000] {subprocess.py:93} INFO -   8050K .......... .......... .......... .......... .......... 33% 11.7M 0s
[2024-06-07T15:28:49.268+0000] {subprocess.py:93} INFO -   8100K .......... .......... .......... .......... .......... 33% 54.9M 0s
[2024-06-07T15:28:49.269+0000] {subprocess.py:93} INFO -   8150K .......... .......... .......... .......... .......... 33% 54.6M 0s
[2024-06-07T15:28:49.269+0000] {subprocess.py:93} INFO -   8200K .......... .......... .......... .......... .......... 33% 51.7M 0s
[2024-06-07T15:28:49.269+0000] {subprocess.py:93} INFO -   8250K .......... .......... .......... .......... .......... 33% 53.0M 0s
[2024-06-07T15:28:49.270+0000] {subprocess.py:93} INFO -   8300K .......... .......... .......... .......... .......... 34% 55.6M 0s
[2024-06-07T15:28:49.270+0000] {subprocess.py:93} INFO -   8350K .......... .......... .......... .......... .......... 34% 49.3M 0s
[2024-06-07T15:28:49.270+0000] {subprocess.py:93} INFO -   8400K .......... .......... .......... .......... .......... 34% 79.3M 0s
[2024-06-07T15:28:49.271+0000] {subprocess.py:93} INFO -   8450K .......... .......... .......... .......... .......... 34% 44.5M 0s
[2024-06-07T15:28:49.272+0000] {subprocess.py:93} INFO -   8500K .......... .......... .......... .......... .......... 34% 59.2M 0s
[2024-06-07T15:28:49.273+0000] {subprocess.py:93} INFO -   8550K .......... .......... .......... .......... .......... 35% 70.3M 0s
[2024-06-07T15:28:49.296+0000] {subprocess.py:93} INFO -   8600K .......... .......... .......... .......... .......... 35% 2.13M 0s
[2024-06-07T15:28:49.297+0000] {subprocess.py:93} INFO -   8650K .......... .......... .......... .......... .......... 35% 68.1M 0s
[2024-06-07T15:28:49.297+0000] {subprocess.py:93} INFO -   8700K .......... .......... .......... .......... .......... 35%  117M 0s
[2024-06-07T15:28:49.299+0000] {subprocess.py:93} INFO -   8750K .......... .......... .......... .......... .......... 35%  463M 0s
[2024-06-07T15:28:49.300+0000] {subprocess.py:93} INFO -   8800K .......... .......... .......... .......... .......... 36% 23.0M 0s
[2024-06-07T15:28:49.301+0000] {subprocess.py:93} INFO -   8850K .......... .......... .......... .......... .......... 36%  157M 0s
[2024-06-07T15:28:49.301+0000] {subprocess.py:93} INFO -   8900K .......... .......... .......... .......... .......... 36%  160M 0s
[2024-06-07T15:28:49.302+0000] {subprocess.py:93} INFO -   8950K .......... .......... .......... .......... .......... 36%  461M 0s
[2024-06-07T15:28:49.302+0000] {subprocess.py:93} INFO -   9000K .......... .......... .......... .......... .......... 37%  402M 0s
[2024-06-07T15:28:49.302+0000] {subprocess.py:93} INFO -   9050K .......... .......... .......... .......... .......... 37%  416M 0s
[2024-06-07T15:28:49.302+0000] {subprocess.py:93} INFO -   9100K .......... .......... .......... .......... .......... 37%  309M 0s
[2024-06-07T15:28:49.302+0000] {subprocess.py:93} INFO -   9150K .......... .......... .......... .......... .......... 37%  308M 0s
[2024-06-07T15:28:49.303+0000] {subprocess.py:93} INFO -   9200K .......... .......... .......... .......... .......... 37%  457M 0s
[2024-06-07T15:28:49.303+0000] {subprocess.py:93} INFO -   9250K .......... .......... .......... .......... .......... 38%  201M 0s
[2024-06-07T15:28:49.303+0000] {subprocess.py:93} INFO -   9300K .......... .......... .......... .......... .......... 38%  494M 0s
[2024-06-07T15:28:49.303+0000] {subprocess.py:93} INFO -   9350K .......... .......... .......... .......... .......... 38%  232M 0s
[2024-06-07T15:28:49.304+0000] {subprocess.py:93} INFO -   9400K .......... .......... .......... .......... .......... 38%  424M 0s
[2024-06-07T15:28:49.304+0000] {subprocess.py:93} INFO -   9450K .......... .......... .......... .......... .......... 38%  678M 0s
[2024-06-07T15:28:49.304+0000] {subprocess.py:93} INFO -   9500K .......... .......... .......... .......... .......... 39% 28.1M 0s
[2024-06-07T15:28:49.305+0000] {subprocess.py:93} INFO -   9550K .......... .......... .......... .......... .......... 39% 53.6M 0s
[2024-06-07T15:28:49.305+0000] {subprocess.py:93} INFO -   9600K .......... .......... .......... .......... .......... 39% 65.7M 0s
[2024-06-07T15:28:49.313+0000] {subprocess.py:93} INFO -   9650K .......... .......... .......... .......... .......... 39% 6.05M 0s
[2024-06-07T15:28:49.313+0000] {subprocess.py:93} INFO -   9700K .......... .......... .......... .......... .......... 39% 86.0M 0s
[2024-06-07T15:28:49.314+0000] {subprocess.py:93} INFO -   9750K .......... .......... .......... .......... .......... 40% 35.4M 0s
[2024-06-07T15:28:49.316+0000] {subprocess.py:93} INFO -   9800K .......... .......... .......... .......... .......... 40% 47.2M 0s
[2024-06-07T15:28:49.316+0000] {subprocess.py:93} INFO -   9850K .......... .......... .......... .......... .......... 40% 58.7M 0s
[2024-06-07T15:28:49.318+0000] {subprocess.py:93} INFO -   9900K .......... .......... .......... .......... .......... 40% 23.5M 0s
[2024-06-07T15:28:49.319+0000] {subprocess.py:93} INFO -   9950K .......... .......... .......... .......... .......... 40% 55.6M 0s
[2024-06-07T15:28:49.321+0000] {subprocess.py:93} INFO -  10000K .......... .......... .......... .......... .......... 41% 32.7M 0s
[2024-06-07T15:28:49.322+0000] {subprocess.py:93} INFO -  10050K .......... .......... .......... .......... .......... 41% 58.8M 0s
[2024-06-07T15:28:49.323+0000] {subprocess.py:93} INFO -  10100K .......... .......... .......... .......... .......... 41% 38.5M 0s
[2024-06-07T15:28:49.324+0000] {subprocess.py:93} INFO -  10150K .......... .......... .......... .......... .......... 41% 51.1M 0s
[2024-06-07T15:28:49.324+0000] {subprocess.py:93} INFO -  10200K .......... .......... .......... .......... .......... 41%  106M 0s
[2024-06-07T15:28:49.326+0000] {subprocess.py:93} INFO -  10250K .......... .......... .......... .......... .......... 42% 61.8M 0s
[2024-06-07T15:28:49.327+0000] {subprocess.py:93} INFO -  10300K .......... .......... .......... .......... .......... 42% 24.8M 0s
[2024-06-07T15:28:49.329+0000] {subprocess.py:93} INFO -  10350K .......... .......... .......... .......... .......... 42% 29.6M 0s
[2024-06-07T15:28:49.330+0000] {subprocess.py:93} INFO -  10400K .......... .......... .......... .......... .......... 42% 30.7M 0s
[2024-06-07T15:28:49.333+0000] {subprocess.py:93} INFO -  10450K .......... .......... .......... .......... .......... 42% 22.1M 0s
[2024-06-07T15:28:49.333+0000] {subprocess.py:93} INFO -  10500K .......... .......... .......... .......... .......... 43% 87.2M 0s
[2024-06-07T15:28:49.334+0000] {subprocess.py:93} INFO -  10550K .......... .......... .......... .......... .......... 43% 47.2M 0s
[2024-06-07T15:28:49.336+0000] {subprocess.py:93} INFO -  10600K .......... .......... .......... .......... .......... 43% 30.4M 0s
[2024-06-07T15:28:49.342+0000] {subprocess.py:93} INFO -  10650K .......... .......... .......... .......... .......... 43% 8.23M 0s
[2024-06-07T15:28:49.343+0000] {subprocess.py:93} INFO -  10700K .......... .......... .......... .......... .......... 43% 43.3M 0s
[2024-06-07T15:28:49.343+0000] {subprocess.py:93} INFO -  10750K .......... .......... .......... .......... .......... 44% 71.7M 0s
[2024-06-07T15:28:49.345+0000] {subprocess.py:93} INFO -  10800K .......... .......... .......... .......... .......... 44% 42.4M 0s
[2024-06-07T15:28:49.345+0000] {subprocess.py:93} INFO -  10850K .......... .......... .......... .......... .......... 44% 82.8M 0s
[2024-06-07T15:28:49.346+0000] {subprocess.py:93} INFO -  10900K .......... .......... .......... .......... .......... 44% 46.0M 0s
[2024-06-07T15:28:49.347+0000] {subprocess.py:93} INFO -  10950K .......... .......... .......... .......... .......... 44% 51.7M 0s
[2024-06-07T15:28:49.348+0000] {subprocess.py:93} INFO -  11000K .......... .......... .......... .......... .......... 45% 41.0M 0s
[2024-06-07T15:28:49.350+0000] {subprocess.py:93} INFO -  11050K .......... .......... .......... .......... .......... 45% 55.6M 0s
[2024-06-07T15:28:49.352+0000] {subprocess.py:93} INFO -  11100K .......... .......... .......... .......... .......... 45% 20.7M 0s
[2024-06-07T15:28:49.352+0000] {subprocess.py:93} INFO -  11150K .......... .......... .......... .......... .......... 45%  182M 0s
[2024-06-07T15:28:49.353+0000] {subprocess.py:93} INFO -  11200K .......... .......... .......... .......... .......... 46% 73.3M 0s
[2024-06-07T15:28:49.354+0000] {subprocess.py:93} INFO -  11250K .......... .......... .......... .......... .......... 46% 41.2M 0s
[2024-06-07T15:28:49.355+0000] {subprocess.py:93} INFO -  11300K .......... .......... .......... .......... .......... 46% 37.6M 0s
[2024-06-07T15:28:49.356+0000] {subprocess.py:93} INFO -  11350K .......... .......... .......... .......... .......... 46% 49.3M 0s
[2024-06-07T15:28:49.366+0000] {subprocess.py:93} INFO -  11400K .......... .......... .......... .......... .......... 46% 4.95M 0s
[2024-06-07T15:28:49.367+0000] {subprocess.py:93} INFO -  11450K .......... .......... .......... .......... .......... 47% 43.6M 0s
[2024-06-07T15:28:49.368+0000] {subprocess.py:93} INFO -  11500K .......... .......... .......... .......... .......... 47% 49.2M 0s
[2024-06-07T15:28:49.369+0000] {subprocess.py:93} INFO -  11550K .......... .......... .......... .......... .......... 47% 49.6M 0s
[2024-06-07T15:28:49.370+0000] {subprocess.py:93} INFO -  11600K .......... .......... .......... .......... .......... 47% 41.8M 0s
[2024-06-07T15:28:49.372+0000] {subprocess.py:93} INFO -  11650K .......... .......... .......... .......... .......... 47% 42.3M 0s
[2024-06-07T15:28:49.373+0000] {subprocess.py:93} INFO -  11700K .......... .......... .......... .......... .......... 48% 47.6M 0s
[2024-06-07T15:28:49.373+0000] {subprocess.py:93} INFO -  11750K .......... .......... .......... .......... .......... 48% 45.7M 0s
[2024-06-07T15:28:49.375+0000] {subprocess.py:93} INFO -  11800K .......... .......... .......... .......... .......... 48% 39.1M 0s
[2024-06-07T15:28:49.376+0000] {subprocess.py:93} INFO -  11850K .......... .......... .......... .......... .......... 48% 50.9M 0s
[2024-06-07T15:28:49.378+0000] {subprocess.py:93} INFO -  11900K .......... .......... .......... .......... .......... 48% 23.0M 0s
[2024-06-07T15:28:49.378+0000] {subprocess.py:93} INFO -  11950K .......... .......... .......... .......... .......... 49%  102M 0s
[2024-06-07T15:28:49.379+0000] {subprocess.py:93} INFO -  12000K .......... .......... .......... .......... .......... 49% 52.5M 0s
[2024-06-07T15:28:49.380+0000] {subprocess.py:93} INFO -  12050K .......... .......... .......... .......... .......... 49% 58.0M 0s
[2024-06-07T15:28:49.386+0000] {subprocess.py:93} INFO -  12100K .......... .......... .......... .......... .......... 49% 8.88M 0s
[2024-06-07T15:28:49.387+0000] {subprocess.py:93} INFO -  12150K .......... .......... .......... .......... .......... 49% 42.1M 0s
[2024-06-07T15:28:49.388+0000] {subprocess.py:93} INFO -  12200K .......... .......... .......... .......... .......... 50% 52.6M 0s
[2024-06-07T15:28:49.389+0000] {subprocess.py:93} INFO -  12250K .......... .......... .......... .......... .......... 50% 51.7M 0s
[2024-06-07T15:28:49.390+0000] {subprocess.py:93} INFO -  12300K .......... .......... .......... .......... .......... 50% 28.1M 0s
[2024-06-07T15:28:49.392+0000] {subprocess.py:93} INFO -  12350K .......... .......... .......... .......... .......... 50% 41.2M 0s
[2024-06-07T15:28:49.392+0000] {subprocess.py:93} INFO -  12400K .......... .......... .......... .......... .......... 50% 52.8M 0s
[2024-06-07T15:28:49.393+0000] {subprocess.py:93} INFO -  12450K .......... .......... .......... .......... .......... 51%  113M 0s
[2024-06-07T15:28:49.393+0000] {subprocess.py:93} INFO -  12500K .......... .......... .......... .......... .......... 51% 80.4M 0s
[2024-06-07T15:28:49.395+0000] {subprocess.py:93} INFO -  12550K .......... .......... .......... .......... .......... 51% 25.9M 0s
[2024-06-07T15:28:49.396+0000] {subprocess.py:93} INFO -  12600K .......... .......... .......... .......... .......... 51%  107M 0s
[2024-06-07T15:28:49.397+0000] {subprocess.py:93} INFO -  12650K .......... .......... .......... .......... .......... 51% 35.1M 0s
[2024-06-07T15:28:49.398+0000] {subprocess.py:93} INFO -  12700K .......... .......... .......... .......... .......... 52% 55.2M 0s
[2024-06-07T15:28:49.399+0000] {subprocess.py:93} INFO -  12750K .......... .......... .......... .......... .......... 52% 56.3M 0s
[2024-06-07T15:28:49.400+0000] {subprocess.py:93} INFO -  12800K .......... .......... .......... .......... .......... 52% 56.1M 0s
[2024-06-07T15:28:49.407+0000] {subprocess.py:93} INFO -  12850K .......... .......... .......... .......... .......... 52% 7.07M 0s
[2024-06-07T15:28:49.407+0000] {subprocess.py:93} INFO -  12900K .......... .......... .......... .......... .......... 52% 93.4M 0s
[2024-06-07T15:28:49.408+0000] {subprocess.py:93} INFO -  12950K .......... .......... .......... .......... .......... 53% 48.6M 0s
[2024-06-07T15:28:49.410+0000] {subprocess.py:93} INFO -  13000K .......... .......... .......... .......... .......... 53% 28.1M 0s
[2024-06-07T15:28:49.415+0000] {subprocess.py:93} INFO -  13050K .......... .......... .......... .......... .......... 53% 9.70M 0s
[2024-06-07T15:28:49.416+0000] {subprocess.py:93} INFO -  13100K .......... .......... .......... .......... .......... 53% 47.1M 0s
[2024-06-07T15:28:49.419+0000] {subprocess.py:93} INFO -  13150K .......... .......... .......... .......... .......... 53% 15.0M 0s
[2024-06-07T15:28:49.420+0000] {subprocess.py:93} INFO -  13200K .......... .......... .......... .......... .......... 54%  120M 0s
[2024-06-07T15:28:49.421+0000] {subprocess.py:93} INFO -  13250K .......... .......... .......... .......... .......... 54% 44.9M 0s
[2024-06-07T15:28:49.422+0000] {subprocess.py:93} INFO -  13300K .......... .......... .......... .......... .......... 54% 53.1M 0s
[2024-06-07T15:28:49.422+0000] {subprocess.py:93} INFO -  13350K .......... .......... .......... .......... .......... 54% 71.2M 0s
[2024-06-07T15:28:49.423+0000] {subprocess.py:93} INFO -  13400K .......... .......... .......... .......... .......... 55% 46.8M 0s
[2024-06-07T15:28:49.424+0000] {subprocess.py:93} INFO -  13450K .......... .......... .......... .......... .......... 55% 57.2M 0s
[2024-06-07T15:28:49.425+0000] {subprocess.py:93} INFO -  13500K .......... .......... .......... .......... .......... 55% 51.1M 0s
[2024-06-07T15:28:49.426+0000] {subprocess.py:93} INFO -  13550K .......... .......... .......... .......... .......... 55% 52.2M 0s
[2024-06-07T15:28:49.428+0000] {subprocess.py:93} INFO -  13600K .......... .......... .......... .......... .......... 55% 32.1M 0s
[2024-06-07T15:28:49.428+0000] {subprocess.py:93} INFO -  13650K .......... .......... .......... .......... .......... 56% 76.1M 0s
[2024-06-07T15:28:49.429+0000] {subprocess.py:93} INFO -  13700K .......... .......... .......... .......... .......... 56%  104M 0s
[2024-06-07T15:28:49.430+0000] {subprocess.py:93} INFO -  13750K .......... .......... .......... .......... .......... 56% 50.9M 0s
[2024-06-07T15:28:49.434+0000] {subprocess.py:93} INFO -  13800K .......... .......... .......... .......... .......... 56% 12.7M 0s
[2024-06-07T15:28:49.443+0000] {subprocess.py:93} INFO -  13850K .......... .......... .......... .......... .......... 56% 5.45M 0s
[2024-06-07T15:28:49.444+0000] {subprocess.py:93} INFO -  13900K .......... .......... .......... .......... .......... 57% 45.5M 0s
[2024-06-07T15:28:49.445+0000] {subprocess.py:93} INFO -  13950K .......... .......... .......... .......... .......... 57% 54.7M 0s
[2024-06-07T15:28:49.446+0000] {subprocess.py:93} INFO -  14000K .......... .......... .......... .......... .......... 57% 45.1M 0s
[2024-06-07T15:28:49.446+0000] {subprocess.py:93} INFO -  14050K .......... .......... .......... .......... .......... 57% 90.4M 0s
[2024-06-07T15:28:49.457+0000] {subprocess.py:93} INFO -  14100K .......... .......... .......... .......... .......... 57% 4.44M 0s
[2024-06-07T15:28:49.458+0000] {subprocess.py:93} INFO -  14150K .......... .......... .......... .......... .......... 58% 90.3M 0s
[2024-06-07T15:28:49.459+0000] {subprocess.py:93} INFO -  14200K .......... .......... .......... .......... .......... 58% 44.1M 0s
[2024-06-07T15:28:49.460+0000] {subprocess.py:93} INFO -  14250K .......... .......... .......... .......... .......... 58% 70.4M 0s
[2024-06-07T15:28:49.460+0000] {subprocess.py:93} INFO -  14300K .......... .......... .......... .......... .......... 58% 67.4M 0s
[2024-06-07T15:28:49.461+0000] {subprocess.py:93} INFO -  14350K .......... .......... .......... .......... .......... 58% 47.4M 0s
[2024-06-07T15:28:49.463+0000] {subprocess.py:93} INFO -  14400K .......... .......... .......... .......... .......... 59% 35.8M 0s
[2024-06-07T15:28:49.463+0000] {subprocess.py:93} INFO -  14450K .......... .......... .......... .......... .......... 59%  110M 0s
[2024-06-07T15:28:49.465+0000] {subprocess.py:93} INFO -  14500K .......... .......... .......... .......... .......... 59% 31.1M 0s
[2024-06-07T15:28:49.466+0000] {subprocess.py:93} INFO -  14550K .......... .......... .......... .......... .......... 59% 34.8M 0s
[2024-06-07T15:28:49.471+0000] {subprocess.py:93} INFO -  14600K .......... .......... .......... .......... .......... 59% 10.7M 0s
[2024-06-07T15:28:49.474+0000] {subprocess.py:93} INFO -  14650K .......... .......... .......... .......... .......... 60% 51.7M 0s
[2024-06-07T15:28:49.474+0000] {subprocess.py:93} INFO -  14700K .......... .......... .......... .......... .......... 60% 31.1M 0s
[2024-06-07T15:28:49.475+0000] {subprocess.py:93} INFO -  14750K .......... .......... .......... .......... .......... 60% 26.2M 0s
[2024-06-07T15:28:49.476+0000] {subprocess.py:93} INFO -  14800K .......... .......... .......... .......... .......... 60% 36.9M 0s
[2024-06-07T15:28:49.477+0000] {subprocess.py:93} INFO -  14850K .......... .......... .......... .......... .......... 60% 55.9M 0s
[2024-06-07T15:28:49.481+0000] {subprocess.py:93} INFO -  14900K .......... .......... .......... .......... .......... 61% 13.7M 0s
[2024-06-07T15:28:49.481+0000] {subprocess.py:93} INFO -  14950K .......... .......... .......... .......... .......... 61% 72.9M 0s
[2024-06-07T15:28:49.483+0000] {subprocess.py:93} INFO -  15000K .......... .......... .......... .......... .......... 61% 37.4M 0s
[2024-06-07T15:28:49.484+0000] {subprocess.py:93} INFO -  15050K .......... .......... .......... .......... .......... 61% 92.3M 0s
[2024-06-07T15:28:49.485+0000] {subprocess.py:93} INFO -  15100K .......... .......... .......... .......... .......... 61% 29.7M 0s
[2024-06-07T15:28:49.486+0000] {subprocess.py:93} INFO -  15150K .......... .......... .......... .......... .......... 62% 45.5M 0s
[2024-06-07T15:28:49.487+0000] {subprocess.py:93} INFO -  15200K .......... .......... .......... .......... .......... 62% 47.9M 0s
[2024-06-07T15:28:49.489+0000] {subprocess.py:93} INFO -  15250K .......... .......... .......... .......... .......... 62% 23.5M 0s
[2024-06-07T15:28:49.490+0000] {subprocess.py:93} INFO -  15300K .......... .......... .......... .......... .......... 62% 38.8M 0s
[2024-06-07T15:28:49.491+0000] {subprocess.py:93} INFO -  15350K .......... .......... .......... .......... .......... 62% 52.1M 0s
[2024-06-07T15:28:49.494+0000] {subprocess.py:93} INFO -  15400K .......... .......... .......... .......... .......... 63% 20.5M 0s
[2024-06-07T15:28:49.495+0000] {subprocess.py:93} INFO -  15450K .......... .......... .......... .......... .......... 63% 59.1M 0s
[2024-06-07T15:28:49.496+0000] {subprocess.py:93} INFO -  15500K .......... .......... .......... .......... .......... 63% 24.4M 0s
[2024-06-07T15:28:49.497+0000] {subprocess.py:93} INFO -  15550K .......... .......... .......... .......... .......... 63% 55.5M 0s
[2024-06-07T15:28:49.500+0000] {subprocess.py:93} INFO -  15600K .......... .......... .......... .......... .......... 64% 22.0M 0s
[2024-06-07T15:28:49.500+0000] {subprocess.py:93} INFO -  15650K .......... .......... .......... .......... .......... 64% 58.1M 0s
[2024-06-07T15:28:49.501+0000] {subprocess.py:93} INFO -  15700K .......... .......... .......... .......... .......... 64% 47.3M 0s
[2024-06-07T15:28:49.503+0000] {subprocess.py:93} INFO -  15750K .......... .......... .......... .......... .......... 64% 29.7M 0s
[2024-06-07T15:28:49.505+0000] {subprocess.py:93} INFO -  15800K .......... .......... .......... .......... .......... 64% 31.5M 0s
[2024-06-07T15:28:49.506+0000] {subprocess.py:93} INFO -  15850K .......... .......... .......... .......... .......... 65% 68.4M 0s
[2024-06-07T15:28:49.506+0000] {subprocess.py:93} INFO -  15900K .......... .......... .......... .......... .......... 65% 49.2M 0s
[2024-06-07T15:28:49.508+0000] {subprocess.py:93} INFO -  15950K .......... .......... .......... .......... .......... 65% 31.3M 0s
[2024-06-07T15:28:49.509+0000] {subprocess.py:93} INFO -  16000K .......... .......... .......... .......... .......... 65% 55.8M 0s
[2024-06-07T15:28:49.509+0000] {subprocess.py:93} INFO -  16050K .......... .......... .......... .......... .......... 65% 69.4M 0s
[2024-06-07T15:28:49.513+0000] {subprocess.py:93} INFO -  16100K .......... .......... .......... .......... .......... 66% 13.6M 0s
[2024-06-07T15:28:49.514+0000] {subprocess.py:93} INFO -  16150K .......... .......... .......... .......... .......... 66% 47.7M 0s
[2024-06-07T15:28:49.515+0000] {subprocess.py:93} INFO -  16200K .......... .......... .......... .......... .......... 66%  107M 0s
[2024-06-07T15:28:49.516+0000] {subprocess.py:93} INFO -  16250K .......... .......... .......... .......... .......... 66% 31.7M 0s
[2024-06-07T15:28:49.517+0000] {subprocess.py:93} INFO -  16300K .......... .......... .......... .......... .......... 66% 40.7M 0s
[2024-06-07T15:28:49.519+0000] {subprocess.py:93} INFO -  16350K .......... .......... .......... .......... .......... 67% 27.7M 0s
[2024-06-07T15:28:49.519+0000] {subprocess.py:93} INFO -  16400K .......... .......... .......... .......... .......... 67%  121M 0s
[2024-06-07T15:28:49.520+0000] {subprocess.py:93} INFO -  16450K .......... .......... .......... .......... .......... 67% 65.9M 0s
[2024-06-07T15:28:49.522+0000] {subprocess.py:93} INFO -  16500K .......... .......... .......... .......... .......... 67% 31.1M 0s
[2024-06-07T15:28:49.525+0000] {subprocess.py:93} INFO -  16550K .......... .......... .......... .......... .......... 67% 17.2M 0s
[2024-06-07T15:28:49.525+0000] {subprocess.py:93} INFO -  16600K .......... .......... .......... .......... .......... 68% 62.9M 0s
[2024-06-07T15:28:49.527+0000] {subprocess.py:93} INFO -  16650K .......... .......... .......... .......... .......... 68% 68.4M 0s
[2024-06-07T15:28:49.527+0000] {subprocess.py:93} INFO -  16700K .......... .......... .......... .......... .......... 68% 41.0M 0s
[2024-06-07T15:28:49.529+0000] {subprocess.py:93} INFO -  16750K .......... .......... .......... .......... .......... 68% 40.2M 0s
[2024-06-07T15:28:49.534+0000] {subprocess.py:93} INFO -  16800K .......... .......... .......... .......... .......... 68% 9.19M 0s
[2024-06-07T15:28:49.535+0000] {subprocess.py:93} INFO -  16850K .......... .......... .......... .......... .......... 69% 48.5M 0s
[2024-06-07T15:28:49.536+0000] {subprocess.py:93} INFO -  16900K .......... .......... .......... .......... .......... 69% 46.4M 0s
[2024-06-07T15:28:49.537+0000] {subprocess.py:93} INFO -  16950K .......... .......... .......... .......... .......... 69% 49.0M 0s
[2024-06-07T15:28:49.538+0000] {subprocess.py:93} INFO -  17000K .......... .......... .......... .......... .......... 69% 32.8M 0s
[2024-06-07T15:28:49.540+0000] {subprocess.py:93} INFO -  17050K .......... .......... .......... .......... .......... 69% 46.3M 0s
[2024-06-07T15:28:49.541+0000] {subprocess.py:93} INFO -  17100K .......... .......... .......... .......... .......... 70% 44.9M 0s
[2024-06-07T15:28:49.542+0000] {subprocess.py:93} INFO -  17150K .......... .......... .......... .......... .......... 70% 39.6M 0s
[2024-06-07T15:28:49.542+0000] {subprocess.py:93} INFO -  17200K .......... .......... .......... .......... .......... 70% 75.8M 0s
[2024-06-07T15:28:49.544+0000] {subprocess.py:93} INFO -  17250K .......... .......... .......... .......... .......... 70% 42.1M 0s
[2024-06-07T15:28:49.545+0000] {subprocess.py:93} INFO -  17300K .......... .......... .......... .......... .......... 70% 45.2M 0s
[2024-06-07T15:28:49.546+0000] {subprocess.py:93} INFO -  17350K .......... .......... .......... .......... .......... 71% 51.6M 0s
[2024-06-07T15:28:49.546+0000] {subprocess.py:93} INFO -  17400K .......... .......... .......... .......... .......... 71%  103M 0s
[2024-06-07T15:28:49.548+0000] {subprocess.py:93} INFO -  17450K .......... .......... .......... .......... .......... 71% 23.6M 0s
[2024-06-07T15:28:49.549+0000] {subprocess.py:93} INFO -  17500K .......... .......... .......... .......... .......... 71% 80.6M 0s
[2024-06-07T15:28:49.553+0000] {subprocess.py:93} INFO -  17550K .......... .......... .......... .......... .......... 71% 11.3M 0s
[2024-06-07T15:28:49.554+0000] {subprocess.py:93} INFO -  17600K .......... .......... .......... .......... .......... 72% 56.7M 0s
[2024-06-07T15:28:49.555+0000] {subprocess.py:93} INFO -  17650K .......... .......... .......... .......... .......... 72% 32.4M 0s
[2024-06-07T15:28:49.556+0000] {subprocess.py:93} INFO -  17700K .......... .......... .......... .......... .......... 72% 57.1M 0s
[2024-06-07T15:28:49.558+0000] {subprocess.py:93} INFO -  17750K .......... .......... .......... .......... .......... 72% 28.4M 0s
[2024-06-07T15:28:49.560+0000] {subprocess.py:93} INFO -  17800K .......... .......... .......... .......... .......... 73% 28.6M 0s
[2024-06-07T15:28:49.561+0000] {subprocess.py:93} INFO -  17850K .......... .......... .......... .......... .......... 73% 53.7M 0s
[2024-06-07T15:28:49.565+0000] {subprocess.py:93} INFO -  17900K .......... .......... .......... .......... .......... 73% 12.5M 0s
[2024-06-07T15:28:49.565+0000] {subprocess.py:93} INFO -  17950K .......... .......... .......... .......... .......... 73%  104M 0s
[2024-06-07T15:28:49.567+0000] {subprocess.py:93} INFO -  18000K .......... .......... .......... .......... .......... 73% 29.7M 0s
[2024-06-07T15:28:49.567+0000] {subprocess.py:93} INFO -  18050K .......... .......... .......... .......... .......... 74% 66.3M 0s
[2024-06-07T15:28:49.569+0000] {subprocess.py:93} INFO -  18100K .......... .......... .......... .......... .......... 74% 38.7M 0s
[2024-06-07T15:28:49.570+0000] {subprocess.py:93} INFO -  18150K .......... .......... .......... .......... .......... 74% 52.9M 0s
[2024-06-07T15:28:49.570+0000] {subprocess.py:93} INFO -  18200K .......... .......... .......... .......... .......... 74% 51.8M 0s
[2024-06-07T15:28:49.572+0000] {subprocess.py:93} INFO -  18250K .......... .......... .......... .......... .......... 74% 35.8M 0s
[2024-06-07T15:28:49.573+0000] {subprocess.py:93} INFO -  18300K .......... .......... .......... .......... .......... 75% 55.9M 0s
[2024-06-07T15:28:49.574+0000] {subprocess.py:93} INFO -  18350K .......... .......... .......... .......... .......... 75% 37.8M 0s
[2024-06-07T15:28:49.575+0000] {subprocess.py:93} INFO -  18400K .......... .......... .......... .......... .......... 75% 53.6M 0s
[2024-06-07T15:28:49.576+0000] {subprocess.py:93} INFO -  18450K .......... .......... .......... .......... .......... 75% 46.5M 0s
[2024-06-07T15:28:49.577+0000] {subprocess.py:93} INFO -  18500K .......... .......... .......... .......... .......... 75% 36.4M 0s
[2024-06-07T15:28:49.578+0000] {subprocess.py:93} INFO -  18550K .......... .......... .......... .......... .......... 76% 59.2M 0s
[2024-06-07T15:28:49.580+0000] {subprocess.py:93} INFO -  18600K .......... .......... .......... .......... .......... 76% 22.3M 0s
[2024-06-07T15:28:49.581+0000] {subprocess.py:93} INFO -  18650K .......... .......... .......... .......... .......... 76% 88.6M 0s
[2024-06-07T15:28:49.583+0000] {subprocess.py:93} INFO -  18700K .......... .......... .......... .......... .......... 76% 18.7M 0s
[2024-06-07T15:28:49.586+0000] {subprocess.py:93} INFO -  18750K .......... .......... .......... .......... .......... 76% 18.3M 0s
[2024-06-07T15:28:49.587+0000] {subprocess.py:93} INFO -  18800K .......... .......... .......... .......... .......... 77% 47.9M 0s
[2024-06-07T15:28:49.588+0000] {subprocess.py:93} INFO -  18850K .......... .......... .......... .......... .......... 77% 38.3M 0s
[2024-06-07T15:28:49.589+0000] {subprocess.py:93} INFO -  18900K .......... .......... .......... .......... .......... 77% 51.0M 0s
[2024-06-07T15:28:49.590+0000] {subprocess.py:93} INFO -  18950K .......... .......... .......... .......... .......... 77% 84.7M 0s
[2024-06-07T15:28:49.591+0000] {subprocess.py:93} INFO -  19000K .......... .......... .......... .......... .......... 77% 34.0M 0s
[2024-06-07T15:28:49.593+0000] {subprocess.py:93} INFO -  19050K .......... .......... .......... .......... .......... 78% 57.2M 0s
[2024-06-07T15:28:49.594+0000] {subprocess.py:93} INFO -  19100K .......... .......... .......... .......... .......... 78% 27.8M 0s
[2024-06-07T15:28:49.595+0000] {subprocess.py:93} INFO -  19150K .......... .......... .......... .......... .......... 78% 85.2M 0s
[2024-06-07T15:28:49.596+0000] {subprocess.py:93} INFO -  19200K .......... .......... .......... .......... .......... 78% 53.3M 0s
[2024-06-07T15:28:49.597+0000] {subprocess.py:93} INFO -  19250K .......... .......... .......... .......... .......... 78% 46.7M 0s
[2024-06-07T15:28:49.598+0000] {subprocess.py:93} INFO -  19300K .......... .......... .......... .......... .......... 79% 46.3M 0s
[2024-06-07T15:28:49.600+0000] {subprocess.py:93} INFO -  19350K .......... .......... .......... .......... .......... 79% 21.2M 0s
[2024-06-07T15:28:49.601+0000] {subprocess.py:93} INFO -  19400K .......... .......... .......... .......... .......... 79% 70.7M 0s
[2024-06-07T15:28:49.603+0000] {subprocess.py:93} INFO -  19450K .......... .......... .......... .......... .......... 79% 27.8M 0s
[2024-06-07T15:28:49.608+0000] {subprocess.py:93} INFO -  19500K .......... .......... .......... .......... .......... 79% 8.75M 0s
[2024-06-07T15:28:49.609+0000] {subprocess.py:93} INFO -  19550K .......... .......... .......... .......... .......... 80% 34.3M 0s
[2024-06-07T15:28:49.611+0000] {subprocess.py:93} INFO -  19600K .......... .......... .......... .......... .......... 80% 41.1M 0s
[2024-06-07T15:28:49.611+0000] {subprocess.py:93} INFO -  19650K .......... .......... .......... .......... .......... 80%  156M 0s
[2024-06-07T15:28:49.612+0000] {subprocess.py:93} INFO -  19700K .......... .......... .......... .......... .......... 80% 53.4M 0s
[2024-06-07T15:28:49.615+0000] {subprocess.py:93} INFO -  19750K .......... .......... .......... .......... .......... 80% 13.4M 0s
[2024-06-07T15:28:49.616+0000] {subprocess.py:93} INFO -  19800K .......... .......... .......... .......... .......... 81%  132M 0s
[2024-06-07T15:28:49.617+0000] {subprocess.py:93} INFO -  19850K .......... .......... .......... .......... .......... 81% 36.3M 0s
[2024-06-07T15:28:49.619+0000] {subprocess.py:93} INFO -  19900K .......... .......... .......... .......... .......... 81% 33.4M 0s
[2024-06-07T15:28:49.619+0000] {subprocess.py:93} INFO -  19950K .......... .......... .......... .......... .......... 81% 62.9M 0s
[2024-06-07T15:28:49.621+0000] {subprocess.py:93} INFO -  20000K .......... .......... .......... .......... .......... 82% 29.7M 0s
[2024-06-07T15:28:49.621+0000] {subprocess.py:93} INFO -  20050K .......... .......... .......... .......... .......... 82%  126M 0s
[2024-06-07T15:28:49.622+0000] {subprocess.py:93} INFO -  20100K .......... .......... .......... .......... .......... 82% 51.6M 0s
[2024-06-07T15:28:49.624+0000] {subprocess.py:93} INFO -  20150K .......... .......... .......... .......... .......... 82% 32.1M 0s
[2024-06-07T15:28:49.624+0000] {subprocess.py:93} INFO -  20200K .......... .......... .......... .......... .......... 82%  119M 0s
[2024-06-07T15:28:49.627+0000] {subprocess.py:93} INFO -  20250K .......... .......... .......... .......... .......... 83% 22.7M 0s
[2024-06-07T15:28:49.627+0000] {subprocess.py:93} INFO -  20300K .......... .......... .......... .......... .......... 83% 61.9M 0s
[2024-06-07T15:28:49.629+0000] {subprocess.py:93} INFO -  20350K .......... .......... .......... .......... .......... 83% 25.1M 0s
[2024-06-07T15:28:49.629+0000] {subprocess.py:93} INFO -  20400K .......... .......... .......... .......... .......... 83%  174M 0s
[2024-06-07T15:28:49.631+0000] {subprocess.py:93} INFO -  20450K .......... .......... .......... .......... .......... 83% 40.9M 0s
[2024-06-07T15:28:49.636+0000] {subprocess.py:93} INFO -  20500K .......... .......... .......... .......... .......... 84% 10.1M 0s
[2024-06-07T15:28:49.636+0000] {subprocess.py:93} INFO -  20550K .......... .......... .......... .......... .......... 84% 75.5M 0s
[2024-06-07T15:28:49.638+0000] {subprocess.py:93} INFO -  20600K .......... .......... .......... .......... .......... 84% 24.7M 0s
[2024-06-07T15:28:49.639+0000] {subprocess.py:93} INFO -  20650K .......... .......... .......... .......... .......... 84% 95.0M 0s
[2024-06-07T15:28:49.640+0000] {subprocess.py:93} INFO -  20700K .......... .......... .......... .......... .......... 84% 40.0M 0s
[2024-06-07T15:28:49.641+0000] {subprocess.py:93} INFO -  20750K .......... .......... .......... .......... .......... 85% 37.1M 0s
[2024-06-07T15:28:49.642+0000] {subprocess.py:93} INFO -  20800K .......... .......... .......... .......... .......... 85% 74.6M 0s
[2024-06-07T15:28:49.643+0000] {subprocess.py:93} INFO -  20850K .......... .......... .......... .......... .......... 85% 52.1M 0s
[2024-06-07T15:28:49.644+0000] {subprocess.py:93} INFO -  20900K .......... .......... .......... .......... .......... 85% 39.1M 0s
[2024-06-07T15:28:49.645+0000] {subprocess.py:93} INFO -  20950K .......... .......... .......... .......... .......... 85% 60.3M 0s
[2024-06-07T15:28:49.646+0000] {subprocess.py:93} INFO -  21000K .......... .......... .......... .......... .......... 86% 63.4M 0s
[2024-06-07T15:28:49.647+0000] {subprocess.py:93} INFO -  21050K .......... .......... .......... .......... .......... 86% 36.3M 0s
[2024-06-07T15:28:49.648+0000] {subprocess.py:93} INFO -  21100K .......... .......... .......... .......... .......... 86% 37.1M 0s
[2024-06-07T15:28:49.649+0000] {subprocess.py:93} INFO -  21150K .......... .......... .......... .......... .......... 86% 40.8M 0s
[2024-06-07T15:28:49.650+0000] {subprocess.py:93} INFO -  21200K .......... .......... .......... .......... .......... 86%  146M 0s
[2024-06-07T15:28:49.652+0000] {subprocess.py:93} INFO -  21250K .......... .......... .......... .......... .......... 87% 19.0M 0s
[2024-06-07T15:28:49.657+0000] {subprocess.py:93} INFO -  21300K .......... .......... .......... .......... .......... 87% 11.2M 0s
[2024-06-07T15:28:49.658+0000] {subprocess.py:93} INFO -  21350K .......... .......... .......... .......... .......... 87% 55.3M 0s
[2024-06-07T15:28:49.659+0000] {subprocess.py:93} INFO -  21400K .......... .......... .......... .......... .......... 87% 31.9M 0s
[2024-06-07T15:28:49.664+0000] {subprocess.py:93} INFO -  21450K .......... .......... .......... .......... .......... 87% 9.95M 0s
[2024-06-07T15:28:49.665+0000] {subprocess.py:93} INFO -  21500K .......... .......... .......... .......... .......... 88% 63.3M 0s
[2024-06-07T15:28:49.666+0000] {subprocess.py:93} INFO -  21550K .......... .......... .......... .......... .......... 88% 46.1M 0s
[2024-06-07T15:28:49.667+0000] {subprocess.py:93} INFO -  21600K .......... .......... .......... .......... .......... 88% 40.2M 0s
[2024-06-07T15:28:49.668+0000] {subprocess.py:93} INFO -  21650K .......... .......... .......... .......... .......... 88% 75.7M 0s
[2024-06-07T15:28:49.669+0000] {subprocess.py:93} INFO -  21700K .......... .......... .......... .......... .......... 88% 43.2M 0s
[2024-06-07T15:28:49.670+0000] {subprocess.py:93} INFO -  21750K .......... .......... .......... .......... .......... 89% 31.6M 0s
[2024-06-07T15:28:49.671+0000] {subprocess.py:93} INFO -  21800K .......... .......... .......... .......... .......... 89% 66.9M 0s
[2024-06-07T15:28:49.672+0000] {subprocess.py:93} INFO -  21850K .......... .......... .......... .......... .......... 89% 45.7M 0s
[2024-06-07T15:28:49.674+0000] {subprocess.py:93} INFO -  21900K .......... .......... .......... .......... .......... 89% 36.7M 0s
[2024-06-07T15:28:49.674+0000] {subprocess.py:93} INFO -  21950K .......... .......... .......... .......... .......... 89% 73.8M 0s
[2024-06-07T15:28:49.677+0000] {subprocess.py:93} INFO -  22000K .......... .......... .......... .......... .......... 90% 19.5M 0s
[2024-06-07T15:28:49.677+0000] {subprocess.py:93} INFO -  22050K .......... .......... .......... .......... .......... 90% 62.6M 0s
[2024-06-07T15:28:49.679+0000] {subprocess.py:93} INFO -  22100K .......... .......... .......... .......... .......... 90% 42.0M 0s
[2024-06-07T15:28:49.679+0000] {subprocess.py:93} INFO -  22150K .......... .......... .......... .......... .......... 90%  131M 0s
[2024-06-07T15:28:49.684+0000] {subprocess.py:93} INFO -  22200K .......... .......... .......... .......... .......... 91% 9.42M 0s
[2024-06-07T15:28:49.685+0000] {subprocess.py:93} INFO -  22250K .......... .......... .......... .......... .......... 91%  112M 0s
[2024-06-07T15:28:49.686+0000] {subprocess.py:93} INFO -  22300K .......... .......... .......... .......... .......... 91% 26.7M 0s
[2024-06-07T15:28:49.687+0000] {subprocess.py:93} INFO -  22350K .......... .......... .......... .......... .......... 91% 79.6M 0s
[2024-06-07T15:28:49.689+0000] {subprocess.py:93} INFO -  22400K .......... .......... .......... .......... .......... 91% 23.3M 0s
[2024-06-07T15:28:49.692+0000] {subprocess.py:93} INFO -  22450K .......... .......... .......... .......... .......... 92% 15.1M 0s
[2024-06-07T15:28:49.694+0000] {subprocess.py:93} INFO -  22500K .......... .......... .......... .......... .......... 92% 34.4M 0s
[2024-06-07T15:28:49.694+0000] {subprocess.py:93} INFO -  22550K .......... .......... .......... .......... .......... 92%  103M 0s
[2024-06-07T15:28:49.696+0000] {subprocess.py:93} INFO -  22600K .......... .......... .......... .......... .......... 92% 36.8M 0s
[2024-06-07T15:28:49.696+0000] {subprocess.py:93} INFO -  22650K .......... .......... .......... .......... .......... 92% 90.4M 0s
[2024-06-07T15:28:49.697+0000] {subprocess.py:93} INFO -  22700K .......... .......... .......... .......... .......... 93% 39.7M 0s
[2024-06-07T15:28:49.698+0000] {subprocess.py:93} INFO -  22750K .......... .......... .......... .......... .......... 93% 47.0M 0s
[2024-06-07T15:28:49.700+0000] {subprocess.py:93} INFO -  22800K .......... .......... .......... .......... .......... 93% 39.4M 0s
[2024-06-07T15:28:49.701+0000] {subprocess.py:93} INFO -  22850K .......... .......... .......... .......... .......... 93% 54.4M 0s
[2024-06-07T15:28:49.702+0000] {subprocess.py:93} INFO -  22900K .......... .......... .......... .......... .......... 93% 49.1M 0s
[2024-06-07T15:28:49.703+0000] {subprocess.py:93} INFO -  22950K .......... .......... .......... .......... .......... 94% 26.4M 0s
[2024-06-07T15:28:49.704+0000] {subprocess.py:93} INFO -  23000K .......... .......... .......... .......... .......... 94% 75.4M 0s
[2024-06-07T15:28:49.705+0000] {subprocess.py:93} INFO -  23050K .......... .......... .......... .......... .......... 94% 36.3M 0s
[2024-06-07T15:28:49.707+0000] {subprocess.py:93} INFO -  23100K .......... .......... .......... .......... .......... 94% 33.6M 0s
[2024-06-07T15:28:49.708+0000] {subprocess.py:93} INFO -  23150K .......... .......... .......... .......... .......... 94% 44.9M 0s
[2024-06-07T15:28:49.715+0000] {subprocess.py:93} INFO -  23200K .......... .......... .......... .......... .......... 95% 6.75M 0s
[2024-06-07T15:28:49.716+0000] {subprocess.py:93} INFO -  23250K .......... .......... .......... .......... .......... 95% 65.5M 0s
[2024-06-07T15:28:49.717+0000] {subprocess.py:93} INFO -  23300K .......... .......... .......... .......... .......... 95% 34.2M 0s
[2024-06-07T15:28:49.718+0000] {subprocess.py:93} INFO -  23350K .......... .......... .......... .......... .......... 95% 81.4M 0s
[2024-06-07T15:28:49.721+0000] {subprocess.py:93} INFO -  23400K .......... .......... .......... .......... .......... 95% 15.7M 0s
[2024-06-07T15:28:49.722+0000] {subprocess.py:93} INFO -  23450K .......... .......... .......... .......... .......... 96% 55.4M 0s
[2024-06-07T15:28:49.723+0000] {subprocess.py:93} INFO -  23500K .......... .......... .......... .......... .......... 96% 54.8M 0s
[2024-06-07T15:28:49.724+0000] {subprocess.py:93} INFO -  23550K .......... .......... .......... .......... .......... 96% 41.6M 0s
[2024-06-07T15:28:49.725+0000] {subprocess.py:93} INFO -  23600K .......... .......... .......... .......... .......... 96% 55.6M 0s
[2024-06-07T15:28:49.725+0000] {subprocess.py:93} INFO -  23650K .......... .......... .......... .......... .......... 96% 90.5M 0s
[2024-06-07T15:28:49.727+0000] {subprocess.py:93} INFO -  23700K .......... .......... .......... .......... .......... 97% 41.3M 0s
[2024-06-07T15:28:49.727+0000] {subprocess.py:93} INFO -  23750K .......... .......... .......... .......... .......... 97% 60.6M 0s
[2024-06-07T15:28:49.728+0000] {subprocess.py:93} INFO -  23800K .......... .......... .......... .......... .......... 97% 54.5M 0s
[2024-06-07T15:28:49.729+0000] {subprocess.py:93} INFO -  23850K .......... .......... .......... .......... .......... 97% 42.2M 0s
[2024-06-07T15:28:49.730+0000] {subprocess.py:93} INFO -  23900K .......... .......... .......... .......... .......... 97% 79.6M 0s
[2024-06-07T15:28:49.734+0000] {subprocess.py:93} INFO -  23950K .......... .......... .......... .......... .......... 98% 11.7M 0s
[2024-06-07T15:28:49.735+0000] {subprocess.py:93} INFO -  24000K .......... .......... .......... .......... .......... 98% 66.6M 0s
[2024-06-07T15:28:49.736+0000] {subprocess.py:93} INFO -  24050K .......... .......... .......... .......... .......... 98% 34.3M 0s
[2024-06-07T15:28:49.737+0000] {subprocess.py:93} INFO -  24100K .......... .......... .......... .......... .......... 98%  140M 0s
[2024-06-07T15:28:49.746+0000] {subprocess.py:93} INFO -  24150K .......... .......... .......... .......... .......... 98% 5.20M 0s
[2024-06-07T15:28:49.747+0000] {subprocess.py:93} INFO -  24200K .......... .......... .......... .......... .......... 99%  151M 0s
[2024-06-07T15:28:49.748+0000] {subprocess.py:93} INFO -  24250K .......... .......... .......... .......... .......... 99% 42.0M 0s
[2024-06-07T15:28:49.749+0000] {subprocess.py:93} INFO -  24300K .......... .......... .......... .......... .......... 99% 38.5M 0s
[2024-06-07T15:28:49.751+0000] {subprocess.py:93} INFO -  24350K .......... .......... .......... .......... .......... 99% 31.0M 0s
[2024-06-07T15:28:49.754+0000] {subprocess.py:93} INFO -  24400K .......... .......... .......... .......... .....     100% 11.1M=0.7s
[2024-06-07T15:28:49.755+0000] {subprocess.py:93} INFO - 
[2024-06-07T15:28:49.755+0000] {subprocess.py:93} INFO - 2024-06-07 15:28:49 (32.9 MB/s) - ‘/opt/***/output_2024-06.csv.gz’ saved [25031880/25031880]
[2024-06-07T15:28:49.755+0000] {subprocess.py:93} INFO - 
[2024-06-07T15:28:49.756+0000] {subprocess.py:97} INFO - Command exited with return code 0
[2024-06-07T15:28:49.756+0000] {taskinstance.py:441} INFO - ::group::Post task execution logs
[2024-06-07T15:28:49.768+0000] {taskinstance.py:1206} INFO - Marking task as SUCCESS. dag_id=LocalIngestionDag, task_id=download, run_id=manual__2024-06-07T15:28:46.402383+00:00, execution_date=20240607T152846, start_date=20240607T152848, end_date=20240607T152849
[2024-06-07T15:28:49.786+0000] {local_task_job_runner.py:240} INFO - Task exited with return code 0
[2024-06-07T15:28:49.797+0000] {taskinstance.py:3498} INFO - 1 downstream tasks scheduled from follow-on schedule check
[2024-06-07T15:28:49.797+0000] {local_task_job_runner.py:222} INFO - ::endgroup::
