[2024-06-07T15:19:40.400+0000] {local_task_job_runner.py:120} INFO - ::group::Pre task execution logs
[2024-06-07T15:19:40.409+0000] {taskinstance.py:2076} INFO - Dependencies all met for dep_context=non-requeueable deps ti=<TaskInstance: LocalIngestionDag.download manual__2024-06-07T15:19:39.107785+00:00 [queued]>
[2024-06-07T15:19:40.413+0000] {taskinstance.py:2076} INFO - Dependencies all met for dep_context=requeueable deps ti=<TaskInstance: LocalIngestionDag.download manual__2024-06-07T15:19:39.107785+00:00 [queued]>
[2024-06-07T15:19:40.413+0000] {taskinstance.py:2306} INFO - Starting attempt 1 of 1
[2024-06-07T15:19:40.418+0000] {taskinstance.py:2330} INFO - Executing <Task(BashOperator): download> on 2024-06-07 15:19:39.107785+00:00
[2024-06-07T15:19:40.421+0000] {warnings.py:110} WARNING - /home/***/.local/lib/python3.12/site-packages/***/task/task_runner/standard_task_runner.py:61: DeprecationWarning: This process (pid=76) is multi-threaded, use of fork() may lead to deadlocks in the child.
  pid = os.fork()

[2024-06-07T15:19:40.422+0000] {standard_task_runner.py:63} INFO - Started process 78 to run task
[2024-06-07T15:19:40.422+0000] {standard_task_runner.py:90} INFO - Running: ['***', 'tasks', 'run', 'LocalIngestionDag', 'download', 'manual__2024-06-07T15:19:39.107785+00:00', '--job-id', '23', '--raw', '--subdir', 'DAGS_FOLDER/dag_postgres.py', '--cfg-path', '/tmp/tmpvbxpy__l']
[2024-06-07T15:19:40.424+0000] {standard_task_runner.py:91} INFO - Job 23: Subtask download
[2024-06-07T15:19:40.448+0000] {task_command.py:426} INFO - Running <TaskInstance: LocalIngestionDag.download manual__2024-06-07T15:19:39.107785+00:00 [running]> on host 2ffb2e6a8d81
[2024-06-07T15:19:40.473+0000] {warnings.py:110} WARNING - /home/***/.local/lib/python3.12/site-packages/***/utils/context.py:212: AirflowContextDeprecationWarning: Accessing 'execution_date' from the template is deprecated and will be removed in a future version. Please use 'data_interval_start' or 'logical_date' instead.
  warnings.warn(_create_deprecation_warning(key, self._deprecation_replacements[key]))

[2024-06-07T15:19:40.487+0000] {taskinstance.py:2648} INFO - Exporting env vars: AIRFLOW_CTX_DAG_OWNER='***' AIRFLOW_CTX_DAG_ID='LocalIngestionDag' AIRFLOW_CTX_TASK_ID='download' AIRFLOW_CTX_EXECUTION_DATE='2024-06-07T15:19:39.107785+00:00' AIRFLOW_CTX_TRY_NUMBER='1' AIRFLOW_CTX_DAG_RUN_ID='manual__2024-06-07T15:19:39.107785+00:00'
[2024-06-07T15:19:40.488+0000] {taskinstance.py:430} INFO - ::endgroup::
[2024-06-07T15:19:40.500+0000] {subprocess.py:63} INFO - Tmp dir root location: /tmp
[2024-06-07T15:19:40.501+0000] {subprocess.py:75} INFO - Running command: ['/usr/bin/bash', '-c', 'wget https://github.com/DataTalksClub/nyc-tlc-data/releases/download/yellow/yellow_tripdata_2021-01.csv.gz -O /opt/***/output_2024-06.csv']
[2024-06-07T15:19:40.506+0000] {subprocess.py:86} INFO - Output:
[2024-06-07T15:19:40.508+0000] {subprocess.py:93} INFO - --2024-06-07 15:19:40--  https://github.com/DataTalksClub/nyc-tlc-data/releases/download/yellow/yellow_tripdata_2021-01.csv.gz
[2024-06-07T15:19:40.546+0000] {subprocess.py:93} INFO - Resolving github.com (github.com)... 140.82.121.4
[2024-06-07T15:19:40.558+0000] {subprocess.py:93} INFO - Connecting to github.com (github.com)|140.82.121.4|:443... connected.
[2024-06-07T15:19:40.757+0000] {subprocess.py:93} INFO - HTTP request sent, awaiting response... 302 Found
[2024-06-07T15:19:40.764+0000] {subprocess.py:93} INFO - Location: https://objects.githubusercontent.com/github-production-release-asset-2e65be/513814948/f6895842-79e6-4a43-9458-e5b0b454a340?X-Amz-Algorithm=AWS4-HMAC-SHA256&X-Amz-Credential=releaseassetproduction%2F20240607%2Fus-east-1%2Fs3%2Faws4_request&X-Amz-Date=20240607T151940Z&X-Amz-Expires=300&X-Amz-Signature=97e2bb56fdf1edccda695b315805f0d41392dd7a67174e154df1647eada18141&X-Amz-SignedHeaders=host&actor_id=0&key_id=0&repo_id=513814948&response-content-disposition=attachment%3B%20filename%3Dyellow_tripdata_2021-01.csv.gz&response-content-type=application%2Foctet-stream [following]
[2024-06-07T15:19:40.767+0000] {subprocess.py:93} INFO - --2024-06-07 15:19:40--  https://objects.githubusercontent.com/github-production-release-asset-2e65be/513814948/f6895842-79e6-4a43-9458-e5b0b454a340?X-Amz-Algorithm=AWS4-HMAC-SHA256&X-Amz-Credential=releaseassetproduction%2F20240607%2Fus-east-1%2Fs3%2Faws4_request&X-Amz-Date=20240607T151940Z&X-Amz-Expires=300&X-Amz-Signature=97e2bb56fdf1edccda695b315805f0d41392dd7a67174e154df1647eada18141&X-Amz-SignedHeaders=host&actor_id=0&key_id=0&repo_id=513814948&response-content-disposition=attachment%3B%20filename%3Dyellow_tripdata_2021-01.csv.gz&response-content-type=application%2Foctet-stream
[2024-06-07T15:19:40.811+0000] {subprocess.py:93} INFO - Resolving objects.githubusercontent.com (objects.githubusercontent.com)... 185.199.111.133, 185.199.108.133, 185.199.110.133, ...
[2024-06-07T15:19:40.833+0000] {subprocess.py:93} INFO - Connecting to objects.githubusercontent.com (objects.githubusercontent.com)|185.199.111.133|:443... connected.
[2024-06-07T15:19:41.398+0000] {subprocess.py:93} INFO - HTTP request sent, awaiting response... 200 OK
[2024-06-07T15:19:41.405+0000] {subprocess.py:93} INFO - Length: 25031880 (24M) [application/octet-stream]
[2024-06-07T15:19:41.407+0000] {subprocess.py:93} INFO - Saving to: ‘/opt/***/output_2024-06.csv’
[2024-06-07T15:19:41.408+0000] {subprocess.py:93} INFO - 
[2024-06-07T15:19:41.415+0000] {subprocess.py:93} INFO -      0K .......... .......... .......... .......... ..........  0% 2.72M 9s
[2024-06-07T15:19:41.432+0000] {subprocess.py:93} INFO -     50K .......... .......... .......... .......... ..........  0% 2.90M 8s
[2024-06-07T15:19:41.439+0000] {subprocess.py:93} INFO -    100K .......... .......... .......... .......... ..........  0% 6.77M 7s
[2024-06-07T15:19:41.444+0000] {subprocess.py:93} INFO -    150K .......... .......... .......... .......... ..........  0% 10.5M 6s
[2024-06-07T15:19:41.450+0000] {subprocess.py:93} INFO -    200K .......... .......... .......... .......... ..........  1% 7.35M 5s
[2024-06-07T15:19:41.460+0000] {subprocess.py:93} INFO -    250K .......... .......... .......... .......... ..........  1% 8.22M 5s
[2024-06-07T15:19:41.465+0000] {subprocess.py:93} INFO -    300K .......... .......... .......... .......... ..........  1% 5.93M 5s
[2024-06-07T15:19:41.471+0000] {subprocess.py:93} INFO -    350K .......... .......... .......... .......... ..........  1% 7.87M 4s
[2024-06-07T15:19:41.476+0000] {subprocess.py:93} INFO -    400K .......... .......... .......... .......... ..........  1% 9.65M 4s
[2024-06-07T15:19:41.484+0000] {subprocess.py:93} INFO -    450K .......... .......... .......... .......... ..........  2% 5.85M 4s
[2024-06-07T15:19:41.488+0000] {subprocess.py:93} INFO -    500K .......... .......... .......... .......... ..........  2% 13.3M 4s
[2024-06-07T15:19:41.493+0000] {subprocess.py:93} INFO -    550K .......... .......... .......... .......... ..........  2% 8.97M 4s
[2024-06-07T15:19:41.506+0000] {subprocess.py:93} INFO -    600K .......... .......... .......... .......... ..........  2% 4.07M 4s
[2024-06-07T15:19:41.508+0000] {subprocess.py:93} INFO -    650K .......... .......... .......... .......... ..........  2% 23.4M 4s
[2024-06-07T15:19:41.512+0000] {subprocess.py:93} INFO -    700K .......... .......... .......... .......... ..........  3% 11.0M 4s
[2024-06-07T15:19:41.520+0000] {subprocess.py:93} INFO -    750K .......... .......... .......... .......... ..........  3% 6.34M 4s
[2024-06-07T15:19:41.525+0000] {subprocess.py:93} INFO -    800K .......... .......... .......... .......... ..........  3% 8.52M 4s
[2024-06-07T15:19:41.528+0000] {subprocess.py:93} INFO -    850K .......... .......... .......... .......... ..........  3% 17.0M 3s
[2024-06-07T15:19:41.534+0000] {subprocess.py:93} INFO -    900K .......... .......... .......... .......... ..........  3% 7.86M 3s
[2024-06-07T15:19:41.541+0000] {subprocess.py:93} INFO -    950K .......... .......... .......... .......... ..........  4% 7.11M 3s
[2024-06-07T15:19:41.546+0000] {subprocess.py:93} INFO -   1000K .......... .......... .......... .......... ..........  4% 9.75M 3s
[2024-06-07T15:19:41.550+0000] {subprocess.py:93} INFO -   1050K .......... .......... .......... .......... ..........  4% 24.5M 3s
[2024-06-07T15:19:41.554+0000] {subprocess.py:93} INFO -   1100K .......... .......... .......... .......... ..........  4% 7.89M 3s
[2024-06-07T15:19:41.564+0000] {subprocess.py:93} INFO -   1150K .......... .......... .......... .......... ..........  4% 5.79M 3s
[2024-06-07T15:19:41.566+0000] {subprocess.py:93} INFO -   1200K .......... .......... .......... .......... ..........  5% 14.0M 3s
[2024-06-07T15:19:41.569+0000] {subprocess.py:93} INFO -   1250K .......... .......... .......... .......... ..........  5% 20.6M 3s
[2024-06-07T15:19:41.577+0000] {subprocess.py:93} INFO -   1300K .......... .......... .......... .......... ..........  5% 5.73M 3s
[2024-06-07T15:19:41.579+0000] {subprocess.py:93} INFO -   1350K .......... .......... .......... .......... ..........  5% 25.9M 3s
[2024-06-07T15:19:41.588+0000] {subprocess.py:93} INFO -   1400K .......... .......... .......... .......... ..........  5% 5.81M 3s
[2024-06-07T15:19:41.590+0000] {subprocess.py:93} INFO -   1450K .......... .......... .......... .......... ..........  6% 57.3M 3s
[2024-06-07T15:19:41.596+0000] {subprocess.py:93} INFO -   1500K .......... .......... .......... .......... ..........  6% 6.24M 3s
[2024-06-07T15:19:41.600+0000] {subprocess.py:93} INFO -   1550K .......... .......... .......... .......... ..........  6% 14.5M 3s
[2024-06-07T15:19:41.603+0000] {subprocess.py:93} INFO -   1600K .......... .......... .......... .......... ..........  6% 12.9M 3s
[2024-06-07T15:19:41.607+0000] {subprocess.py:93} INFO -   1650K .......... .......... .......... .......... ..........  6% 14.4M 3s
[2024-06-07T15:19:41.617+0000] {subprocess.py:93} INFO -   1700K .......... .......... .......... .......... ..........  7% 5.12M 3s
[2024-06-07T15:19:41.620+0000] {subprocess.py:93} INFO -   1750K .......... .......... .......... .......... ..........  7% 32.2M 3s
[2024-06-07T15:19:41.621+0000] {subprocess.py:93} INFO -   1800K .......... .......... .......... .......... ..........  7% 15.1M 3s
[2024-06-07T15:19:41.625+0000] {subprocess.py:93} INFO -   1850K .......... .......... .......... .......... ..........  7% 15.6M 3s
[2024-06-07T15:19:41.633+0000] {subprocess.py:93} INFO -   1900K .......... .......... .......... .......... ..........  7% 5.82M 3s
[2024-06-07T15:19:41.636+0000] {subprocess.py:93} INFO -   1950K .......... .......... .......... .......... ..........  8% 14.1M 3s
[2024-06-07T15:19:41.638+0000] {subprocess.py:93} INFO -   2000K .......... .......... .......... .......... ..........  8% 28.0M 3s
[2024-06-07T15:19:41.642+0000] {subprocess.py:93} INFO -   2050K .......... .......... .......... .......... ..........  8% 12.3M 3s
[2024-06-07T15:19:41.644+0000] {subprocess.py:93} INFO -   2100K .......... .......... .......... .......... ..........  8% 23.1M 3s
[2024-06-07T15:19:41.650+0000] {subprocess.py:93} INFO -   2150K .......... .......... .......... .......... ..........  8% 7.63M 3s
[2024-06-07T15:19:41.653+0000] {subprocess.py:93} INFO -   2200K .......... .......... .......... .......... ..........  9% 14.9M 3s
[2024-06-07T15:19:41.658+0000] {subprocess.py:93} INFO -   2250K .......... .......... .......... .......... ..........  9% 14.3M 3s
[2024-06-07T15:19:41.660+0000] {subprocess.py:93} INFO -   2300K .......... .......... .......... .......... ..........  9% 14.2M 2s
[2024-06-07T15:19:41.664+0000] {subprocess.py:93} INFO -   2350K .......... .......... .......... .......... ..........  9% 12.7M 2s
[2024-06-07T15:19:41.667+0000] {subprocess.py:93} INFO -   2400K .......... .......... .......... .......... .......... 10% 16.0M 2s
[2024-06-07T15:19:41.672+0000] {subprocess.py:93} INFO -   2450K .......... .......... .......... .......... .......... 10% 9.77M 2s
[2024-06-07T15:19:41.677+0000] {subprocess.py:93} INFO -   2500K .......... .......... .......... .......... .......... 10% 10.5M 2s
[2024-06-07T15:19:41.679+0000] {subprocess.py:93} INFO -   2550K .......... .......... .......... .......... .......... 10% 27.3M 2s
[2024-06-07T15:19:41.682+0000] {subprocess.py:93} INFO -   2600K .......... .......... .......... .......... .......... 10% 13.7M 2s
[2024-06-07T15:19:41.688+0000] {subprocess.py:93} INFO -   2650K .......... .......... .......... .......... .......... 11% 11.7M 2s
[2024-06-07T15:19:41.693+0000] {subprocess.py:93} INFO -   2700K .......... .......... .......... .......... .......... 11% 7.40M 2s
[2024-06-07T15:19:41.694+0000] {subprocess.py:93} INFO -   2750K .......... .......... .......... .......... .......... 11% 62.3M 2s
[2024-06-07T15:19:41.699+0000] {subprocess.py:93} INFO -   2800K .......... .......... .......... .......... .......... 11% 10.1M 2s
[2024-06-07T15:19:41.701+0000] {subprocess.py:93} INFO -   2850K .......... .......... .......... .......... .......... 11% 23.7M 2s
[2024-06-07T15:19:41.704+0000] {subprocess.py:93} INFO -   2900K .......... .......... .......... .......... .......... 12% 16.9M 2s
[2024-06-07T15:19:41.706+0000] {subprocess.py:93} INFO -   2950K .......... .......... .......... .......... .......... 12% 22.8M 2s
[2024-06-07T15:19:41.712+0000] {subprocess.py:93} INFO -   3000K .......... .......... .......... .......... .......... 12% 7.51M 2s
[2024-06-07T15:19:41.715+0000] {subprocess.py:93} INFO -   3050K .......... .......... .......... .......... .......... 12% 35.2M 2s
[2024-06-07T15:19:41.716+0000] {subprocess.py:93} INFO -   3100K .......... .......... .......... .......... .......... 12% 16.9M 2s
[2024-06-07T15:19:41.728+0000] {subprocess.py:93} INFO -   3150K .......... .......... .......... .......... .......... 13% 4.18M 2s
[2024-06-07T15:19:41.729+0000] {subprocess.py:93} INFO -   3200K .......... .......... .......... .......... .......... 13% 70.4M 2s
[2024-06-07T15:19:41.730+0000] {subprocess.py:93} INFO -   3250K .......... .......... .......... .......... .......... 13% 51.1M 2s
[2024-06-07T15:19:41.731+0000] {subprocess.py:93} INFO -   3300K .......... .......... .......... .......... .......... 13% 41.6M 2s
[2024-06-07T15:19:41.743+0000] {subprocess.py:93} INFO -   3350K .......... .......... .......... .......... .......... 13% 4.03M 2s
[2024-06-07T15:19:41.745+0000] {subprocess.py:93} INFO -   3400K .......... .......... .......... .......... .......... 14% 26.0M 2s
[2024-06-07T15:19:41.750+0000] {subprocess.py:93} INFO -   3450K .......... .......... .......... .......... .......... 14% 12.6M 2s
[2024-06-07T15:19:41.752+0000] {subprocess.py:93} INFO -   3500K .......... .......... .......... .......... .......... 14% 13.5M 2s
[2024-06-07T15:19:41.756+0000] {subprocess.py:93} INFO -   3550K .......... .......... .......... .......... .......... 14% 13.8M 2s
[2024-06-07T15:19:41.758+0000] {subprocess.py:93} INFO -   3600K .......... .......... .......... .......... .......... 14% 25.1M 2s
[2024-06-07T15:19:41.762+0000] {subprocess.py:93} INFO -   3650K .......... .......... .......... .......... .......... 15% 12.9M 2s
[2024-06-07T15:19:41.765+0000] {subprocess.py:93} INFO -   3700K .......... .......... .......... .......... .......... 15% 16.3M 2s
[2024-06-07T15:19:41.766+0000] {subprocess.py:93} INFO -   3750K .......... .......... .......... .......... .......... 15% 36.4M 2s
[2024-06-07T15:19:41.769+0000] {subprocess.py:93} INFO -   3800K .......... .......... .......... .......... .......... 15% 15.0M 2s
[2024-06-07T15:19:41.773+0000] {subprocess.py:93} INFO -   3850K .......... .......... .......... .......... .......... 15% 22.7M 2s
[2024-06-07T15:19:41.775+0000] {subprocess.py:93} INFO -   3900K .......... .......... .......... .......... .......... 16% 14.6M 2s
[2024-06-07T15:19:41.779+0000] {subprocess.py:93} INFO -   3950K .......... .......... .......... .......... .......... 16% 11.8M 2s
[2024-06-07T15:19:41.780+0000] {subprocess.py:93} INFO -   4000K .......... .......... .......... .......... .......... 16% 64.7M 2s
[2024-06-07T15:19:41.784+0000] {subprocess.py:93} INFO -   4050K .......... .......... .......... .......... .......... 16% 12.9M 2s
[2024-06-07T15:19:41.786+0000] {subprocess.py:93} INFO -   4100K .......... .......... .......... .......... .......... 16% 16.5M 2s
[2024-06-07T15:19:41.789+0000] {subprocess.py:93} INFO -   4150K .......... .......... .......... .......... .......... 17% 17.1M 2s
[2024-06-07T15:19:41.790+0000] {subprocess.py:93} INFO -   4200K .......... .......... .......... .......... .......... 17% 41.0M 2s
[2024-06-07T15:19:41.796+0000] {subprocess.py:93} INFO -   4250K .......... .......... .......... .......... .......... 17% 10.3M 2s
[2024-06-07T15:19:41.798+0000] {subprocess.py:93} INFO -   4300K .......... .......... .......... .......... .......... 17% 16.5M 2s
[2024-06-07T15:19:41.800+0000] {subprocess.py:93} INFO -   4350K .......... .......... .......... .......... .......... 17% 23.0M 2s
[2024-06-07T15:19:41.803+0000] {subprocess.py:93} INFO -   4400K .......... .......... .......... .......... .......... 18% 16.7M 2s
[2024-06-07T15:19:41.804+0000] {subprocess.py:93} INFO -   4450K .......... .......... .......... .......... .......... 18% 44.7M 2s
[2024-06-07T15:19:41.806+0000] {subprocess.py:93} INFO -   4500K .......... .......... .......... .......... .......... 18% 23.9M 2s
[2024-06-07T15:19:41.809+0000] {subprocess.py:93} INFO -   4550K .......... .......... .......... .......... .......... 18% 16.3M 2s
[2024-06-07T15:19:41.812+0000] {subprocess.py:93} INFO -   4600K .......... .......... .......... .......... .......... 19% 16.6M 2s
[2024-06-07T15:19:41.817+0000] {subprocess.py:93} INFO -   4650K .......... .......... .......... .......... .......... 19% 11.7M 2s
[2024-06-07T15:19:41.818+0000] {subprocess.py:93} INFO -   4700K .......... .......... .......... .......... .......... 19% 27.4M 2s
[2024-06-07T15:19:41.822+0000] {subprocess.py:93} INFO -   4750K .......... .......... .......... .......... .......... 19% 14.8M 2s
[2024-06-07T15:19:41.823+0000] {subprocess.py:93} INFO -   4800K .......... .......... .......... .......... .......... 19% 32.9M 2s
[2024-06-07T15:19:41.825+0000] {subprocess.py:93} INFO -   4850K .......... .......... .......... .......... .......... 20% 21.6M 2s
[2024-06-07T15:19:41.826+0000] {subprocess.py:93} INFO -   4900K .......... .......... .......... .......... .......... 20% 40.7M 2s
[2024-06-07T15:19:41.830+0000] {subprocess.py:93} INFO -   4950K .......... .......... .......... .......... .......... 20% 13.3M 2s
[2024-06-07T15:19:41.834+0000] {subprocess.py:93} INFO -   5000K .......... .......... .......... .......... .......... 20% 14.7M 2s
[2024-06-07T15:19:41.836+0000] {subprocess.py:93} INFO -   5050K .......... .......... .......... .......... .......... 20% 29.3M 2s
[2024-06-07T15:19:41.838+0000] {subprocess.py:93} INFO -   5100K .......... .......... .......... .......... .......... 21% 21.1M 2s
[2024-06-07T15:19:41.839+0000] {subprocess.py:93} INFO -   5150K .......... .......... .......... .......... .......... 21% 27.3M 2s
[2024-06-07T15:19:41.842+0000] {subprocess.py:93} INFO -   5200K .......... .......... .......... .......... .......... 21% 18.0M 2s
[2024-06-07T15:19:41.844+0000] {subprocess.py:93} INFO -   5250K .......... .......... .......... .......... .......... 21% 26.1M 2s
[2024-06-07T15:19:41.846+0000] {subprocess.py:93} INFO -   5300K .......... .......... .......... .......... .......... 21% 21.5M 2s
[2024-06-07T15:19:41.850+0000] {subprocess.py:93} INFO -   5350K .......... .......... .......... .......... .......... 22% 11.3M 2s
[2024-06-07T15:19:41.852+0000] {subprocess.py:93} INFO -   5400K .......... .......... .......... .......... .......... 22% 25.2M 2s
[2024-06-07T15:19:41.854+0000] {subprocess.py:93} INFO -   5450K .......... .......... .......... .......... .......... 22% 32.8M 2s
[2024-06-07T15:19:41.857+0000] {subprocess.py:93} INFO -   5500K .......... .......... .......... .......... .......... 22% 16.4M 2s
[2024-06-07T15:19:41.860+0000] {subprocess.py:93} INFO -   5550K .......... .......... .......... .......... .......... 22% 13.9M 2s
[2024-06-07T15:19:41.861+0000] {subprocess.py:93} INFO -   5600K .......... .......... .......... .......... .......... 23% 61.0M 2s
[2024-06-07T15:19:41.863+0000] {subprocess.py:93} INFO -   5650K .......... .......... .......... .......... .......... 23% 24.5M 2s
[2024-06-07T15:19:41.865+0000] {subprocess.py:93} INFO -   5700K .......... .......... .......... .......... .......... 23% 26.9M 2s
[2024-06-07T15:19:41.868+0000] {subprocess.py:93} INFO -   5750K .......... .......... .......... .......... .......... 23% 19.3M 2s
[2024-06-07T15:19:41.870+0000] {subprocess.py:93} INFO -   5800K .......... .......... .......... .......... .......... 23% 22.0M 2s
[2024-06-07T15:19:41.872+0000] {subprocess.py:93} INFO -   5850K .......... .......... .......... .......... .......... 24% 30.7M 1s
[2024-06-07T15:19:41.874+0000] {subprocess.py:93} INFO -   5900K .......... .......... .......... .......... .......... 24% 16.6M 1s
[2024-06-07T15:19:41.878+0000] {subprocess.py:93} INFO -   5950K .......... .......... .......... .......... .......... 24% 12.9M 1s
[2024-06-07T15:19:41.879+0000] {subprocess.py:93} INFO -   6000K .......... .......... .......... .......... .......... 24% 98.5M 1s
[2024-06-07T15:19:41.880+0000] {subprocess.py:93} INFO -   6050K .......... .......... .......... .......... .......... 24% 26.7M 1s
[2024-06-07T15:19:41.882+0000] {subprocess.py:93} INFO -   6100K .......... .......... .......... .......... .......... 25% 24.3M 1s
[2024-06-07T15:19:41.885+0000] {subprocess.py:93} INFO -   6150K .......... .......... .......... .......... .......... 25% 23.0M 1s
[2024-06-07T15:19:41.888+0000] {subprocess.py:93} INFO -   6200K .......... .......... .......... .......... .......... 25% 12.6M 1s
[2024-06-07T15:19:41.889+0000] {subprocess.py:93} INFO -   6250K .......... .......... .......... .......... .......... 25% 51.9M 1s
[2024-06-07T15:19:41.891+0000] {subprocess.py:93} INFO -   6300K .......... .......... .......... .......... .......... 25% 23.1M 1s
[2024-06-07T15:19:41.894+0000] {subprocess.py:93} INFO -   6350K .......... .......... .......... .......... .......... 26% 33.7M 1s
[2024-06-07T15:19:41.897+0000] {subprocess.py:93} INFO -   6400K .......... .......... .......... .......... .......... 26% 12.1M 1s
[2024-06-07T15:19:41.900+0000] {subprocess.py:93} INFO -   6450K .......... .......... .......... .......... .......... 26% 18.8M 1s
[2024-06-07T15:19:41.901+0000] {subprocess.py:93} INFO -   6500K .......... .......... .......... .......... .......... 26% 46.6M 1s
[2024-06-07T15:19:41.903+0000] {subprocess.py:93} INFO -   6550K .......... .......... .......... .......... .......... 26% 19.3M 1s
[2024-06-07T15:19:41.904+0000] {subprocess.py:93} INFO -   6600K .......... .......... .......... .......... .......... 27% 48.5M 1s
[2024-06-07T15:19:41.908+0000] {subprocess.py:93} INFO -   6650K .......... .......... .......... .......... .......... 27% 13.4M 1s
[2024-06-07T15:19:41.910+0000] {subprocess.py:93} INFO -   6700K .......... .......... .......... .......... .......... 27% 22.2M 1s
[2024-06-07T15:19:41.911+0000] {subprocess.py:93} INFO -   6750K .......... .......... .......... .......... .......... 27% 57.5M 1s
[2024-06-07T15:19:41.913+0000] {subprocess.py:93} INFO -   6800K .......... .......... .......... .......... .......... 28% 20.5M 1s
[2024-06-07T15:19:41.917+0000] {subprocess.py:93} INFO -   6850K .......... .......... .......... .......... .......... 28% 14.1M 1s
[2024-06-07T15:19:41.918+0000] {subprocess.py:93} INFO -   6900K .......... .......... .......... .......... .......... 28% 31.7M 1s
[2024-06-07T15:19:41.920+0000] {subprocess.py:93} INFO -   6950K .......... .......... .......... .......... .......... 28% 24.7M 1s
[2024-06-07T15:19:41.921+0000] {subprocess.py:93} INFO -   7000K .......... .......... .......... .......... .......... 28% 47.4M 1s
[2024-06-07T15:19:41.924+0000] {subprocess.py:93} INFO -   7050K .......... .......... .......... .......... .......... 29% 49.6M 1s
[2024-06-07T15:19:41.925+0000] {subprocess.py:93} INFO -   7100K .......... .......... .......... .......... .......... 29% 17.9M 1s
[2024-06-07T15:19:41.927+0000] {subprocess.py:93} INFO -   7150K .......... .......... .......... .......... .......... 29% 22.3M 1s
[2024-06-07T15:19:41.929+0000] {subprocess.py:93} INFO -   7200K .......... .......... .......... .......... .......... 29% 31.3M 1s
[2024-06-07T15:19:41.931+0000] {subprocess.py:93} INFO -   7250K .......... .......... .......... .......... .......... 29% 26.0M 1s
[2024-06-07T15:19:41.931+0000] {subprocess.py:93} INFO -   7300K .......... .......... .......... .......... .......... 30% 54.4M 1s
[2024-06-07T15:19:41.935+0000] {subprocess.py:93} INFO -   7350K .......... .......... .......... .......... .......... 30% 14.7M 1s
[2024-06-07T15:19:41.936+0000] {subprocess.py:93} INFO -   7400K .......... .......... .......... .......... .......... 30% 55.6M 1s
[2024-06-07T15:19:41.941+0000] {subprocess.py:93} INFO -   7450K .......... .......... .......... .......... .......... 30% 11.7M 1s
[2024-06-07T15:19:41.942+0000] {subprocess.py:93} INFO -   7500K .......... .......... .......... .......... .......... 30% 19.2M 1s
[2024-06-07T15:19:41.943+0000] {subprocess.py:93} INFO -   7550K .......... .......... .......... .......... .......... 31% 49.6M 1s
[2024-06-07T15:19:41.945+0000] {subprocess.py:93} INFO -   7600K .......... .......... .......... .......... .......... 31% 24.8M 1s
[2024-06-07T15:19:41.946+0000] {subprocess.py:93} INFO -   7650K .......... .......... .......... .......... .......... 31% 64.5M 1s
[2024-06-07T15:19:41.947+0000] {subprocess.py:93} INFO -   7700K .......... .......... .......... .......... .......... 31% 35.6M 1s
[2024-06-07T15:19:41.949+0000] {subprocess.py:93} INFO -   7750K .......... .......... .......... .......... .......... 31% 26.1M 1s
[2024-06-07T15:19:41.951+0000] {subprocess.py:93} INFO -   7800K .......... .......... .......... .......... .......... 32% 33.3M 1s
[2024-06-07T15:19:41.953+0000] {subprocess.py:93} INFO -   7850K .......... .......... .......... .......... .......... 32% 25.9M 1s
[2024-06-07T15:19:41.957+0000] {subprocess.py:93} INFO -   7900K .......... .......... .......... .......... .......... 32% 11.6M 1s
[2024-06-07T15:19:41.958+0000] {subprocess.py:93} INFO -   7950K .......... .......... .......... .......... .......... 32% 70.3M 1s
[2024-06-07T15:19:41.960+0000] {subprocess.py:93} INFO -   8000K .......... .......... .......... .......... .......... 32% 16.7M 1s
[2024-06-07T15:19:41.961+0000] {subprocess.py:93} INFO -   8050K .......... .......... .......... .......... .......... 33%  125M 1s
[2024-06-07T15:19:41.964+0000] {subprocess.py:93} INFO -   8100K .......... .......... .......... .......... .......... 33% 14.8M 1s
[2024-06-07T15:19:41.965+0000] {subprocess.py:93} INFO -   8150K .......... .......... .......... .......... .......... 33% 53.1M 1s
[2024-06-07T15:19:41.967+0000] {subprocess.py:93} INFO -   8200K .......... .......... .......... .......... .......... 33% 23.2M 1s
[2024-06-07T15:19:41.969+0000] {subprocess.py:93} INFO -   8250K .......... .......... .......... .......... .......... 33% 37.1M 1s
[2024-06-07T15:19:41.970+0000] {subprocess.py:93} INFO -   8300K .......... .......... .......... .......... .......... 34% 25.5M 1s
[2024-06-07T15:19:41.971+0000] {subprocess.py:93} INFO -   8350K .......... .......... .......... .......... .......... 34% 75.7M 1s
[2024-06-07T15:19:41.973+0000] {subprocess.py:93} INFO -   8400K .......... .......... .......... .......... .......... 34% 27.3M 1s
[2024-06-07T15:19:41.976+0000] {subprocess.py:93} INFO -   8450K .......... .......... .......... .......... .......... 34% 14.1M 1s
[2024-06-07T15:19:41.977+0000] {subprocess.py:93} INFO -   8500K .......... .......... .......... .......... .......... 34% 44.8M 1s
[2024-06-07T15:19:41.979+0000] {subprocess.py:93} INFO -   8550K .......... .......... .......... .......... .......... 35% 24.8M 1s
[2024-06-07T15:19:41.980+0000] {subprocess.py:93} INFO -   8600K .......... .......... .......... .......... .......... 35% 49.9M 1s
[2024-06-07T15:19:41.984+0000] {subprocess.py:93} INFO -   8650K .......... .......... .......... .......... .......... 35% 33.5M 1s
[2024-06-07T15:19:41.985+0000] {subprocess.py:93} INFO -   8700K .......... .......... .......... .......... .......... 35% 13.4M 1s
[2024-06-07T15:19:41.987+0000] {subprocess.py:93} INFO -   8750K .......... .......... .......... .......... .......... 35% 37.1M 1s
[2024-06-07T15:19:41.988+0000] {subprocess.py:93} INFO -   8800K .......... .......... .......... .......... .......... 36% 36.5M 1s
[2024-06-07T15:19:41.989+0000] {subprocess.py:93} INFO -   8850K .......... .......... .......... .......... .......... 36% 41.1M 1s
[2024-06-07T15:19:41.990+0000] {subprocess.py:93} INFO -   8900K .......... .......... .......... .......... .......... 36% 40.0M 1s
[2024-06-07T15:19:41.992+0000] {subprocess.py:93} INFO -   8950K .......... .......... .......... .......... .......... 36% 36.4M 1s
[2024-06-07T15:19:41.994+0000] {subprocess.py:93} INFO -   9000K .......... .......... .......... .......... .......... 37% 18.3M 1s
[2024-06-07T15:19:41.996+0000] {subprocess.py:93} INFO -   9050K .......... .......... .......... .......... .......... 37% 47.8M 1s
[2024-06-07T15:19:41.997+0000] {subprocess.py:93} INFO -   9100K .......... .......... .......... .......... .......... 37% 30.0M 1s
[2024-06-07T15:19:41.998+0000] {subprocess.py:93} INFO -   9150K .......... .......... .......... .......... .......... 37% 36.4M 1s
[2024-06-07T15:19:42.000+0000] {subprocess.py:93} INFO -   9200K .......... .......... .......... .......... .......... 37% 27.5M 1s
[2024-06-07T15:19:42.003+0000] {subprocess.py:93} INFO -   9250K .......... .......... .......... .......... .......... 38% 21.2M 1s
[2024-06-07T15:19:42.005+0000] {subprocess.py:93} INFO -   9300K .......... .......... .......... .......... .......... 38% 20.2M 1s
[2024-06-07T15:19:42.006+0000] {subprocess.py:93} INFO -   9350K .......... .......... .......... .......... .......... 38% 62.0M 1s
[2024-06-07T15:19:42.007+0000] {subprocess.py:93} INFO -   9400K .......... .......... .......... .......... .......... 38% 32.0M 1s
[2024-06-07T15:19:42.008+0000] {subprocess.py:93} INFO -   9450K .......... .......... .......... .......... .......... 38% 45.0M 1s
[2024-06-07T15:19:42.010+0000] {subprocess.py:93} INFO -   9500K .......... .......... .......... .......... .......... 39% 34.8M 1s
[2024-06-07T15:19:42.015+0000] {subprocess.py:93} INFO -   9550K .......... .......... .......... .......... .......... 39% 9.95M 1s
[2024-06-07T15:19:42.015+0000] {subprocess.py:93} INFO -   9600K .......... .......... .......... .......... .......... 39% 63.4M 1s
[2024-06-07T15:19:42.017+0000] {subprocess.py:93} INFO -   9650K .......... .......... .......... .......... .......... 39% 40.2M 1s
[2024-06-07T15:19:42.018+0000] {subprocess.py:93} INFO -   9700K .......... .......... .......... .......... .......... 39% 33.1M 1s
[2024-06-07T15:19:42.019+0000] {subprocess.py:93} INFO -   9750K .......... .......... .......... .......... .......... 40% 71.9M 1s
[2024-06-07T15:19:42.021+0000] {subprocess.py:93} INFO -   9800K .......... .......... .......... .......... .......... 40% 26.0M 1s
[2024-06-07T15:19:42.023+0000] {subprocess.py:93} INFO -   9850K .......... .......... .......... .......... .......... 40% 29.2M 1s
[2024-06-07T15:19:42.023+0000] {subprocess.py:93} INFO -   9900K .......... .......... .......... .......... .......... 40% 44.6M 1s
[2024-06-07T15:19:42.025+0000] {subprocess.py:93} INFO -   9950K .......... .......... .......... .......... .......... 40% 34.5M 1s
[2024-06-07T15:19:42.027+0000] {subprocess.py:93} INFO -  10000K .......... .......... .......... .......... .......... 41% 26.7M 1s
[2024-06-07T15:19:42.027+0000] {subprocess.py:93} INFO -  10050K .......... .......... .......... .......... .......... 41% 79.7M 1s
[2024-06-07T15:19:42.029+0000] {subprocess.py:93} INFO -  10100K .......... .......... .......... .......... .......... 41% 36.2M 1s
[2024-06-07T15:19:42.034+0000] {subprocess.py:93} INFO -  10150K .......... .......... .......... .......... .......... 41% 8.63M 1s
[2024-06-07T15:19:42.035+0000] {subprocess.py:93} INFO -  10200K .......... .......... .......... .......... .......... 41% 45.1M 1s
[2024-06-07T15:19:42.038+0000] {subprocess.py:93} INFO -  10250K .......... .......... .......... .......... .......... 42% 43.3M 1s
[2024-06-07T15:19:42.038+0000] {subprocess.py:93} INFO -  10300K .......... .......... .......... .......... .......... 42% 28.6M 1s
[2024-06-07T15:19:42.039+0000] {subprocess.py:93} INFO -  10350K .......... .......... .......... .......... .......... 42% 75.3M 1s
[2024-06-07T15:19:42.040+0000] {subprocess.py:93} INFO -  10400K .......... .......... .......... .......... .......... 42% 34.5M 1s
[2024-06-07T15:19:42.042+0000] {subprocess.py:93} INFO -  10450K .......... .......... .......... .......... .......... 42% 30.6M 1s
[2024-06-07T15:19:42.043+0000] {subprocess.py:93} INFO -  10500K .......... .......... .......... .......... .......... 43% 52.7M 1s
[2024-06-07T15:19:42.044+0000] {subprocess.py:93} INFO -  10550K .......... .......... .......... .......... .......... 43% 67.4M 1s
[2024-06-07T15:19:42.045+0000] {subprocess.py:93} INFO -  10600K .......... .......... .......... .......... .......... 43% 40.8M 1s
[2024-06-07T15:19:42.046+0000] {subprocess.py:93} INFO -  10650K .......... .......... .......... .......... .......... 43% 40.0M 1s
[2024-06-07T15:19:42.048+0000] {subprocess.py:93} INFO -  10700K .......... .......... .......... .......... .......... 43% 31.4M 1s
[2024-06-07T15:19:42.052+0000] {subprocess.py:93} INFO -  10750K .......... .......... .......... .......... .......... 44% 10.1M 1s
[2024-06-07T15:19:42.053+0000] {subprocess.py:93} INFO -  10800K .......... .......... .......... .......... .......... 44%  133M 1s
[2024-06-07T15:19:42.054+0000] {subprocess.py:93} INFO -  10850K .......... .......... .......... .......... .......... 44% 47.4M 1s
[2024-06-07T15:19:42.055+0000] {subprocess.py:93} INFO -  10900K .......... .......... .......... .......... .......... 44% 35.7M 1s
[2024-06-07T15:19:42.057+0000] {subprocess.py:93} INFO -  10950K .......... .......... .......... .......... .......... 44% 23.9M 1s
[2024-06-07T15:19:42.058+0000] {subprocess.py:93} INFO -  11000K .......... .......... .......... .......... .......... 45% 39.8M 1s
[2024-06-07T15:19:42.060+0000] {subprocess.py:93} INFO -  11050K .......... .......... .......... .......... .......... 45% 46.0M 1s
[2024-06-07T15:19:42.062+0000] {subprocess.py:93} INFO -  11100K .......... .......... .......... .......... .......... 45% 16.9M 1s
[2024-06-07T15:19:42.064+0000] {subprocess.py:93} INFO -  11150K .......... .......... .......... .......... .......... 45% 41.4M 1s
[2024-06-07T15:19:42.065+0000] {subprocess.py:93} INFO -  11200K .......... .......... .......... .......... .......... 46% 35.6M 1s
[2024-06-07T15:19:42.066+0000] {subprocess.py:93} INFO -  11250K .......... .......... .......... .......... .......... 46% 39.9M 1s
[2024-06-07T15:19:42.069+0000] {subprocess.py:93} INFO -  11300K .......... .......... .......... .......... .......... 46% 18.4M 1s
[2024-06-07T15:19:42.069+0000] {subprocess.py:93} INFO -  11350K .......... .......... .......... .......... .......... 46% 63.6M 1s
[2024-06-07T15:19:42.070+0000] {subprocess.py:93} INFO -  11400K .......... .......... .......... .......... .......... 46% 82.5M 1s
[2024-06-07T15:19:42.071+0000] {subprocess.py:93} INFO -  11450K .......... .......... .......... .......... .......... 47% 40.2M 1s
[2024-06-07T15:19:42.074+0000] {subprocess.py:93} INFO -  11500K .......... .......... .......... .......... .......... 47% 19.2M 1s
[2024-06-07T15:19:42.074+0000] {subprocess.py:93} INFO -  11550K .......... .......... .......... .......... .......... 47%  201M 1s
[2024-06-07T15:19:42.077+0000] {subprocess.py:93} INFO -  11600K .......... .......... .......... .......... .......... 47% 17.1M 1s
[2024-06-07T15:19:42.078+0000] {subprocess.py:93} INFO -  11650K .......... .......... .......... .......... .......... 47%  103M 1s
[2024-06-07T15:19:42.078+0000] {subprocess.py:93} INFO -  11700K .......... .......... .......... .......... .......... 48% 75.6M 1s
[2024-06-07T15:19:42.079+0000] {subprocess.py:93} INFO -  11750K .......... .......... .......... .......... .......... 48% 53.6M 1s
[2024-06-07T15:19:42.082+0000] {subprocess.py:93} INFO -  11800K .......... .......... .......... .......... .......... 48% 15.0M 1s
[2024-06-07T15:19:42.084+0000] {subprocess.py:93} INFO -  11850K .......... .......... .......... .......... .......... 48% 48.3M 1s
[2024-06-07T15:19:42.085+0000] {subprocess.py:93} INFO -  11900K .......... .......... .......... .......... .......... 48% 38.6M 1s
[2024-06-07T15:19:42.087+0000] {subprocess.py:93} INFO -  11950K .......... .......... .......... .......... .......... 49% 20.0M 1s
[2024-06-07T15:19:42.088+0000] {subprocess.py:93} INFO -  12000K .......... .......... .......... .......... .......... 49% 38.4M 1s
[2024-06-07T15:19:42.089+0000] {subprocess.py:93} INFO -  12050K .......... .......... .......... .......... .......... 49% 54.8M 1s
[2024-06-07T15:19:42.090+0000] {subprocess.py:93} INFO -  12100K .......... .......... .......... .......... .......... 49% 39.6M 1s
[2024-06-07T15:19:42.092+0000] {subprocess.py:93} INFO -  12150K .......... .......... .......... .......... .......... 49% 38.9M 1s
[2024-06-07T15:19:42.093+0000] {subprocess.py:93} INFO -  12200K .......... .......... .......... .......... .......... 50% 35.0M 1s
[2024-06-07T15:19:42.094+0000] {subprocess.py:93} INFO -  12250K .......... .......... .......... .......... .......... 50% 54.5M 1s
[2024-06-07T15:19:42.095+0000] {subprocess.py:93} INFO -  12300K .......... .......... .......... .......... .......... 50% 78.9M 1s
[2024-06-07T15:19:42.097+0000] {subprocess.py:93} INFO -  12350K .......... .......... .......... .......... .......... 50% 23.0M 1s
[2024-06-07T15:19:42.097+0000] {subprocess.py:93} INFO -  12400K .......... .......... .......... .......... .......... 50% 93.7M 1s
[2024-06-07T15:19:42.100+0000] {subprocess.py:93} INFO -  12450K .......... .......... .......... .......... .......... 51% 16.5M 1s
[2024-06-07T15:19:42.102+0000] {subprocess.py:93} INFO -  12500K .......... .......... .......... .......... .......... 51% 34.8M 1s
[2024-06-07T15:19:42.102+0000] {subprocess.py:93} INFO -  12550K .......... .......... .......... .......... .......... 51%  136M 1s
[2024-06-07T15:19:42.103+0000] {subprocess.py:93} INFO -  12600K .......... .......... .......... .......... .......... 51% 45.0M 1s
[2024-06-07T15:19:42.104+0000] {subprocess.py:93} INFO -  12650K .......... .......... .......... .......... .......... 51% 44.9M 1s
[2024-06-07T15:19:42.106+0000] {subprocess.py:93} INFO -  12700K .......... .......... .......... .......... .......... 52% 22.5M 1s
[2024-06-07T15:19:42.108+0000] {subprocess.py:93} INFO -  12750K .......... .......... .......... .......... .......... 52% 23.5M 1s
[2024-06-07T15:19:42.109+0000] {subprocess.py:93} INFO -  12800K .......... .......... .......... .......... .......... 52%  117M 1s
[2024-06-07T15:19:42.110+0000] {subprocess.py:93} INFO -  12850K .......... .......... .......... .......... .......... 52% 54.6M 1s
[2024-06-07T15:19:42.112+0000] {subprocess.py:93} INFO -  12900K .......... .......... .......... .......... .......... 52% 24.0M 1s
[2024-06-07T15:19:42.112+0000] {subprocess.py:93} INFO -  12950K .......... .......... .......... .......... .......... 53% 64.8M 1s
[2024-06-07T15:19:42.113+0000] {subprocess.py:93} INFO -  13000K .......... .......... .......... .......... .......... 53% 49.5M 1s
[2024-06-07T15:19:42.114+0000] {subprocess.py:93} INFO -  13050K .......... .......... .......... .......... .......... 53%  103M 1s
[2024-06-07T15:19:42.115+0000] {subprocess.py:93} INFO -  13100K .......... .......... .......... .......... .......... 53% 35.8M 1s
[2024-06-07T15:19:42.118+0000] {subprocess.py:93} INFO -  13150K .......... .......... .......... .......... .......... 53% 17.0M 1s
[2024-06-07T15:19:42.119+0000] {subprocess.py:93} INFO -  13200K .......... .......... .......... .......... .......... 54% 52.5M 1s
[2024-06-07T15:19:42.120+0000] {subprocess.py:93} INFO -  13250K .......... .......... .......... .......... .......... 54% 51.1M 1s
[2024-06-07T15:19:42.121+0000] {subprocess.py:93} INFO -  13300K .......... .......... .......... .......... .......... 54% 67.3M 1s
[2024-06-07T15:19:42.122+0000] {subprocess.py:93} INFO -  13350K .......... .......... .......... .......... .......... 54% 56.4M 1s
[2024-06-07T15:19:42.123+0000] {subprocess.py:93} INFO -  13400K .......... .......... .......... .......... .......... 55% 54.8M 1s
[2024-06-07T15:19:42.126+0000] {subprocess.py:93} INFO -  13450K .......... .......... .......... .......... .......... 55% 40.8M 1s
[2024-06-07T15:19:42.126+0000] {subprocess.py:93} INFO -  13500K .......... .......... .......... .......... .......... 55% 18.0M 1s
[2024-06-07T15:19:42.127+0000] {subprocess.py:93} INFO -  13550K .......... .......... .......... .......... .......... 55% 58.4M 1s
[2024-06-07T15:19:42.131+0000] {subprocess.py:93} INFO -  13600K .......... .......... .......... .......... .......... 55% 12.2M 1s
[2024-06-07T15:19:42.132+0000] {subprocess.py:93} INFO -  13650K .......... .......... .......... .......... .......... 56% 65.0M 1s
[2024-06-07T15:19:42.133+0000] {subprocess.py:93} INFO -  13700K .......... .......... .......... .......... .......... 56% 34.6M 1s
[2024-06-07T15:19:42.134+0000] {subprocess.py:93} INFO -  13750K .......... .......... .......... .......... .......... 56% 66.9M 1s
[2024-06-07T15:19:42.135+0000] {subprocess.py:93} INFO -  13800K .......... .......... .......... .......... .......... 56% 49.7M 1s
[2024-06-07T15:19:42.136+0000] {subprocess.py:93} INFO -  13850K .......... .......... .......... .......... .......... 56% 62.1M 1s
[2024-06-07T15:19:42.139+0000] {subprocess.py:93} INFO -  13900K .......... .......... .......... .......... .......... 57% 16.2M 1s
[2024-06-07T15:19:42.140+0000] {subprocess.py:93} INFO -  13950K .......... .......... .......... .......... .......... 57% 64.7M 1s
[2024-06-07T15:19:42.141+0000] {subprocess.py:93} INFO -  14000K .......... .......... .......... .......... .......... 57% 37.5M 1s
[2024-06-07T15:19:42.142+0000] {subprocess.py:93} INFO -  14050K .......... .......... .......... .......... .......... 57% 45.4M 1s
[2024-06-07T15:19:42.143+0000] {subprocess.py:93} INFO -  14100K .......... .......... .......... .......... .......... 57% 67.3M 1s
[2024-06-07T15:19:42.144+0000] {subprocess.py:93} INFO -  14150K .......... .......... .......... .......... .......... 58% 48.3M 1s
[2024-06-07T15:19:42.145+0000] {subprocess.py:93} INFO -  14200K .......... .......... .......... .......... .......... 58% 47.1M 1s
[2024-06-07T15:19:42.146+0000] {subprocess.py:93} INFO -  14250K .......... .......... .......... .......... .......... 58% 55.1M 1s
[2024-06-07T15:19:42.147+0000] {subprocess.py:93} INFO -  14300K .......... .......... .......... .......... .......... 58% 55.7M 1s
[2024-06-07T15:19:42.148+0000] {subprocess.py:93} INFO -  14350K .......... .......... .......... .......... .......... 58% 45.8M 1s
[2024-06-07T15:19:42.152+0000] {subprocess.py:93} INFO -  14400K .......... .......... .......... .......... .......... 59% 11.1M 1s
[2024-06-07T15:19:42.153+0000] {subprocess.py:93} INFO -  14450K .......... .......... .......... .......... .......... 59% 55.3M 1s
[2024-06-07T15:19:42.154+0000] {subprocess.py:93} INFO -  14500K .......... .......... .......... .......... .......... 59% 47.3M 1s
[2024-06-07T15:19:42.155+0000] {subprocess.py:93} INFO -  14550K .......... .......... .......... .......... .......... 59% 50.7M 1s
[2024-06-07T15:19:42.156+0000] {subprocess.py:93} INFO -  14600K .......... .......... .......... .......... .......... 59% 78.7M 1s
[2024-06-07T15:19:42.157+0000] {subprocess.py:93} INFO -  14650K .......... .......... .......... .......... .......... 60% 46.2M 1s
[2024-06-07T15:19:42.159+0000] {subprocess.py:93} INFO -  14700K .......... .......... .......... .......... .......... 60% 25.2M 1s
[2024-06-07T15:19:42.167+0000] {subprocess.py:93} INFO -  14750K .......... .......... .......... .......... .......... 60% 5.94M 1s
[2024-06-07T15:19:42.168+0000] {subprocess.py:93} INFO -  14800K .......... .......... .......... .......... .......... 60% 70.5M 0s
[2024-06-07T15:19:42.169+0000] {subprocess.py:93} INFO -  14850K .......... .......... .......... .......... .......... 60% 46.8M 0s
[2024-06-07T15:19:42.170+0000] {subprocess.py:93} INFO -  14900K .......... .......... .......... .......... .......... 61% 89.4M 0s
[2024-06-07T15:19:42.170+0000] {subprocess.py:93} INFO -  14950K .......... .......... .......... .......... .......... 61% 42.4M 0s
[2024-06-07T15:19:42.171+0000] {subprocess.py:93} INFO -  15000K .......... .......... .......... .......... .......... 61% 51.1M 0s
[2024-06-07T15:19:42.172+0000] {subprocess.py:93} INFO -  15050K .......... .......... .......... .......... .......... 61%  124M 0s
[2024-06-07T15:19:42.173+0000] {subprocess.py:93} INFO -  15100K .......... .......... .......... .......... .......... 61% 28.9M 0s
[2024-06-07T15:19:42.174+0000] {subprocess.py:93} INFO -  15150K .......... .......... .......... .......... .......... 62%  144M 0s
[2024-06-07T15:19:42.175+0000] {subprocess.py:93} INFO -  15200K .......... .......... .......... .......... .......... 62% 28.7M 0s
[2024-06-07T15:19:42.176+0000] {subprocess.py:93} INFO -  15250K .......... .......... .......... .......... .......... 62% 89.0M 0s
[2024-06-07T15:19:42.177+0000] {subprocess.py:93} INFO -  15300K .......... .......... .......... .......... .......... 62% 59.0M 0s
[2024-06-07T15:19:42.178+0000] {subprocess.py:93} INFO -  15350K .......... .......... .......... .......... .......... 62% 52.5M 0s
[2024-06-07T15:19:42.179+0000] {subprocess.py:93} INFO -  15400K .......... .......... .......... .......... .......... 63% 62.3M 0s
[2024-06-07T15:19:42.179+0000] {subprocess.py:93} INFO -  15450K .......... .......... .......... .......... .......... 63% 58.2M 0s
[2024-06-07T15:19:42.180+0000] {subprocess.py:93} INFO -  15500K .......... .......... .......... .......... .......... 63% 38.1M 0s
[2024-06-07T15:19:42.181+0000] {subprocess.py:93} INFO -  15550K .......... .......... .......... .......... .......... 63% 57.2M 0s
[2024-06-07T15:19:42.190+0000] {subprocess.py:93} INFO -  15600K .......... .......... .......... .......... .......... 64% 5.81M 0s
[2024-06-07T15:19:42.191+0000] {subprocess.py:93} INFO -  15650K .......... .......... .......... .......... .......... 64% 52.9M 0s
[2024-06-07T15:19:42.192+0000] {subprocess.py:93} INFO -  15700K .......... .......... .......... .......... .......... 64% 55.0M 0s
[2024-06-07T15:19:42.193+0000] {subprocess.py:93} INFO -  15750K .......... .......... .......... .......... .......... 64% 50.4M 0s
[2024-06-07T15:19:42.193+0000] {subprocess.py:93} INFO -  15800K .......... .......... .......... .......... .......... 64% 54.1M 0s
[2024-06-07T15:19:42.195+0000] {subprocess.py:93} INFO -  15850K .......... .......... .......... .......... .......... 65% 50.4M 0s
[2024-06-07T15:19:42.196+0000] {subprocess.py:93} INFO -  15900K .......... .......... .......... .......... .......... 65% 28.6M 0s
[2024-06-07T15:19:42.197+0000] {subprocess.py:93} INFO -  15950K .......... .......... .......... .......... .......... 65% 62.2M 0s
[2024-06-07T15:19:42.198+0000] {subprocess.py:93} INFO -  16000K .......... .......... .......... .......... .......... 65% 37.4M 0s
[2024-06-07T15:19:42.199+0000] {subprocess.py:93} INFO -  16050K .......... .......... .......... .......... .......... 65% 95.4M 0s
[2024-06-07T15:19:42.200+0000] {subprocess.py:93} INFO -  16100K .......... .......... .......... .......... .......... 66% 58.1M 0s
[2024-06-07T15:19:42.201+0000] {subprocess.py:93} INFO -  16150K .......... .......... .......... .......... .......... 66% 48.8M 0s
[2024-06-07T15:19:42.202+0000] {subprocess.py:93} INFO -  16200K .......... .......... .......... .......... .......... 66% 46.8M 0s
[2024-06-07T15:19:42.203+0000] {subprocess.py:93} INFO -  16250K .......... .......... .......... .......... .......... 66% 68.1M 0s
[2024-06-07T15:19:42.204+0000] {subprocess.py:93} INFO -  16300K .......... .......... .......... .......... .......... 66% 27.8M 0s
[2024-06-07T15:19:42.205+0000] {subprocess.py:93} INFO -  16350K .......... .......... .......... .......... .......... 67% 65.5M 0s
[2024-06-07T15:19:42.206+0000] {subprocess.py:93} INFO -  16400K .......... .......... .......... .......... .......... 67% 64.7M 0s
[2024-06-07T15:19:42.207+0000] {subprocess.py:93} INFO -  16450K .......... .......... .......... .......... .......... 67% 40.0M 0s
[2024-06-07T15:19:42.209+0000] {subprocess.py:93} INFO -  16500K .......... .......... .......... .......... .......... 67% 20.1M 0s
[2024-06-07T15:19:42.210+0000] {subprocess.py:93} INFO -  16550K .......... .......... .......... .......... .......... 67% 41.9M 0s
[2024-06-07T15:19:42.211+0000] {subprocess.py:93} INFO -  16600K .......... .......... .......... .......... .......... 68% 58.3M 0s
[2024-06-07T15:19:42.213+0000] {subprocess.py:93} INFO -  16650K .......... .......... .......... .......... .......... 68% 38.5M 0s
[2024-06-07T15:19:42.214+0000] {subprocess.py:93} INFO -  16700K .......... .......... .......... .......... .......... 68% 41.7M 0s
[2024-06-07T15:19:42.215+0000] {subprocess.py:93} INFO -  16750K .......... .......... .......... .......... .......... 68% 32.1M 0s
[2024-06-07T15:19:42.217+0000] {subprocess.py:93} INFO -  16800K .......... .......... .......... .......... .......... 68% 32.6M 0s
[2024-06-07T15:19:42.218+0000] {subprocess.py:93} INFO -  16850K .......... .......... .......... .......... .......... 69% 35.2M 0s
[2024-06-07T15:19:42.219+0000] {subprocess.py:93} INFO -  16900K .......... .......... .......... .......... .......... 69%  151M 0s
[2024-06-07T15:19:42.220+0000] {subprocess.py:93} INFO -  16950K .......... .......... .......... .......... .......... 69% 35.3M 0s
[2024-06-07T15:19:42.221+0000] {subprocess.py:93} INFO -  17000K .......... .......... .......... .......... .......... 69% 57.1M 0s
[2024-06-07T15:19:42.222+0000] {subprocess.py:93} INFO -  17050K .......... .......... .......... .......... .......... 69% 58.1M 0s
[2024-06-07T15:19:42.222+0000] {subprocess.py:93} INFO -  17100K .......... .......... .......... .......... .......... 70% 54.0M 0s
[2024-06-07T15:19:42.224+0000] {subprocess.py:93} INFO -  17150K .......... .......... .......... .......... .......... 70% 33.4M 0s
[2024-06-07T15:19:42.227+0000] {subprocess.py:93} INFO -  17200K .......... .......... .......... .......... .......... 70% 94.3M 0s
[2024-06-07T15:19:42.227+0000] {subprocess.py:93} INFO -  17250K .......... .......... .......... .......... .......... 70% 53.7M 0s
[2024-06-07T15:19:42.228+0000] {subprocess.py:93} INFO -  17300K .......... .......... .......... .......... .......... 70% 58.5M 0s
[2024-06-07T15:19:42.228+0000] {subprocess.py:93} INFO -  17350K .......... .......... .......... .......... .......... 71% 32.6M 0s
[2024-06-07T15:19:42.230+0000] {subprocess.py:93} INFO -  17400K .......... .......... .......... .......... .......... 71% 21.5M 0s
[2024-06-07T15:19:42.231+0000] {subprocess.py:93} INFO -  17450K .......... .......... .......... .......... .......... 71% 74.2M 0s
[2024-06-07T15:19:42.232+0000] {subprocess.py:93} INFO -  17500K .......... .......... .......... .......... .......... 71% 41.7M 0s
[2024-06-07T15:19:42.234+0000] {subprocess.py:93} INFO -  17550K .......... .......... .......... .......... .......... 71% 20.0M 0s
[2024-06-07T15:19:42.235+0000] {subprocess.py:93} INFO -  17600K .......... .......... .......... .......... .......... 72% 75.1M 0s
[2024-06-07T15:19:42.238+0000] {subprocess.py:93} INFO -  17650K .......... .......... .......... .......... .......... 72% 15.9M 0s
[2024-06-07T15:19:42.238+0000] {subprocess.py:93} INFO -  17700K .......... .......... .......... .......... .......... 72% 89.7M 0s
[2024-06-07T15:19:42.239+0000] {subprocess.py:93} INFO -  17750K .......... .......... .......... .......... .......... 72% 51.1M 0s
[2024-06-07T15:19:42.240+0000] {subprocess.py:93} INFO -  17800K .......... .......... .......... .......... .......... 73% 79.7M 0s
[2024-06-07T15:19:42.241+0000] {subprocess.py:93} INFO -  17850K .......... .......... .......... .......... .......... 73% 64.8M 0s
[2024-06-07T15:19:42.242+0000] {subprocess.py:93} INFO -  17900K .......... .......... .......... .......... .......... 73% 44.3M 0s
[2024-06-07T15:19:42.242+0000] {subprocess.py:93} INFO -  17950K .......... .......... .......... .......... .......... 73% 74.4M 0s
[2024-06-07T15:19:42.244+0000] {subprocess.py:93} INFO -  18000K .......... .......... .......... .......... .......... 73% 45.9M 0s
[2024-06-07T15:19:42.244+0000] {subprocess.py:93} INFO -  18050K .......... .......... .......... .......... .......... 74% 58.9M 0s
[2024-06-07T15:19:42.245+0000] {subprocess.py:93} INFO -  18100K .......... .......... .......... .......... .......... 74% 90.5M 0s
[2024-06-07T15:19:42.246+0000] {subprocess.py:93} INFO -  18150K .......... .......... .......... .......... .......... 74% 48.5M 0s
[2024-06-07T15:19:42.247+0000] {subprocess.py:93} INFO -  18200K .......... .......... .......... .......... .......... 74% 56.0M 0s
[2024-06-07T15:19:42.248+0000] {subprocess.py:93} INFO -  18250K .......... .......... .......... .......... .......... 74% 61.5M 0s
[2024-06-07T15:19:42.250+0000] {subprocess.py:93} INFO -  18300K .......... .......... .......... .......... .......... 75% 18.0M 0s
[2024-06-07T15:19:42.252+0000] {subprocess.py:93} INFO -  18350K .......... .......... .......... .......... .......... 75% 25.2M 0s
[2024-06-07T15:19:42.253+0000] {subprocess.py:93} INFO -  18400K .......... .......... .......... .......... .......... 75%  457M 0s
[2024-06-07T15:19:42.253+0000] {subprocess.py:93} INFO -  18450K .......... .......... .......... .......... .......... 75%  495M 0s
[2024-06-07T15:19:42.253+0000] {subprocess.py:93} INFO -  18500K .......... .......... .......... .......... .......... 75% 50.6M 0s
[2024-06-07T15:19:42.254+0000] {subprocess.py:93} INFO -  18550K .......... .......... .......... .......... .......... 76% 52.6M 0s
[2024-06-07T15:19:42.256+0000] {subprocess.py:93} INFO -  18600K .......... .......... .......... .......... .......... 76% 33.3M 0s
[2024-06-07T15:19:42.257+0000] {subprocess.py:93} INFO -  18650K .......... .......... .......... .......... .......... 76% 84.3M 0s
[2024-06-07T15:19:42.265+0000] {subprocess.py:93} INFO -  18700K .......... .......... .......... .......... .......... 76% 5.75M 0s
[2024-06-07T15:19:42.265+0000] {subprocess.py:93} INFO -  18750K .......... .......... .......... .......... .......... 76%  117M 0s
[2024-06-07T15:19:42.267+0000] {subprocess.py:93} INFO -  18800K .......... .......... .......... .......... .......... 77% 30.0M 0s
[2024-06-07T15:19:42.268+0000] {subprocess.py:93} INFO -  18850K .......... .......... .......... .......... .......... 77% 82.8M 0s
[2024-06-07T15:19:42.268+0000] {subprocess.py:93} INFO -  18900K .......... .......... .......... .......... .......... 77% 51.6M 0s
[2024-06-07T15:19:42.269+0000] {subprocess.py:93} INFO -  18950K .......... .......... .......... .......... .......... 77% 47.1M 0s
[2024-06-07T15:19:42.270+0000] {subprocess.py:93} INFO -  19000K .......... .......... .......... .......... .......... 77% 96.7M 0s
[2024-06-07T15:19:42.271+0000] {subprocess.py:93} INFO -  19050K .......... .......... .......... .......... .......... 78% 60.8M 0s
[2024-06-07T15:19:42.272+0000] {subprocess.py:93} INFO -  19100K .......... .......... .......... .......... .......... 78% 45.0M 0s
[2024-06-07T15:19:42.273+0000] {subprocess.py:93} INFO -  19150K .......... .......... .......... .......... .......... 78% 72.5M 0s
[2024-06-07T15:19:42.275+0000] {subprocess.py:93} INFO -  19200K .......... .......... .......... .......... .......... 78% 21.4M 0s
[2024-06-07T15:19:42.275+0000] {subprocess.py:93} INFO -  19250K .......... .......... .......... .......... .......... 78%  229M 0s
[2024-06-07T15:19:42.276+0000] {subprocess.py:93} INFO -  19300K .......... .......... .......... .......... .......... 79% 54.1M 0s
[2024-06-07T15:19:42.277+0000] {subprocess.py:93} INFO -  19350K .......... .......... .......... .......... .......... 79% 66.0M 0s
[2024-06-07T15:19:42.277+0000] {subprocess.py:93} INFO -  19400K .......... .......... .......... .......... .......... 79%  107M 0s
[2024-06-07T15:19:42.278+0000] {subprocess.py:93} INFO -  19450K .......... .......... .......... .......... .......... 79% 40.4M 0s
[2024-06-07T15:19:42.280+0000] {subprocess.py:93} INFO -  19500K .......... .......... .......... .......... .......... 79% 34.4M 0s
[2024-06-07T15:19:42.280+0000] {subprocess.py:93} INFO -  19550K .......... .......... .......... .......... .......... 80%  130M 0s
[2024-06-07T15:19:42.281+0000] {subprocess.py:93} INFO -  19600K .......... .......... .......... .......... .......... 80% 44.5M 0s
[2024-06-07T15:19:42.282+0000] {subprocess.py:93} INFO -  19650K .......... .......... .......... .......... .......... 80% 65.5M 0s
[2024-06-07T15:19:42.283+0000] {subprocess.py:93} INFO -  19700K .......... .......... .......... .......... .......... 80% 53.4M 0s
[2024-06-07T15:19:42.293+0000] {subprocess.py:93} INFO -  19750K .......... .......... .......... .......... .......... 80% 4.90M 0s
[2024-06-07T15:19:42.294+0000] {subprocess.py:93} INFO -  19800K .......... .......... .......... .......... .......... 81% 41.9M 0s
[2024-06-07T15:19:42.295+0000] {subprocess.py:93} INFO -  19850K .......... .......... .......... .......... .......... 81% 40.9M 0s
[2024-06-07T15:19:42.297+0000] {subprocess.py:93} INFO -  19900K .......... .......... .......... .......... .......... 81% 32.6M 0s
[2024-06-07T15:19:42.297+0000] {subprocess.py:93} INFO -  19950K .......... .......... .......... .......... .......... 81%  165M 0s
[2024-06-07T15:19:42.298+0000] {subprocess.py:93} INFO -  20000K .......... .......... .......... .......... .......... 82% 50.6M 0s
[2024-06-07T15:19:42.299+0000] {subprocess.py:93} INFO -  20050K .......... .......... .......... .......... .......... 82% 56.5M 0s
[2024-06-07T15:19:42.300+0000] {subprocess.py:93} INFO -  20100K .......... .......... .......... .......... .......... 82% 57.7M 0s
[2024-06-07T15:19:42.300+0000] {subprocess.py:93} INFO -  20150K .......... .......... .......... .......... .......... 82% 72.5M 0s
[2024-06-07T15:19:42.302+0000] {subprocess.py:93} INFO -  20200K .......... .......... .......... .......... .......... 82% 26.6M 0s
[2024-06-07T15:19:42.303+0000] {subprocess.py:93} INFO -  20250K .......... .......... .......... .......... .......... 83%  137M 0s
[2024-06-07T15:19:42.304+0000] {subprocess.py:93} INFO -  20300K .......... .......... .......... .......... .......... 83% 47.1M 0s
[2024-06-07T15:19:42.305+0000] {subprocess.py:93} INFO -  20350K .......... .......... .......... .......... .......... 83% 52.3M 0s
[2024-06-07T15:19:42.305+0000] {subprocess.py:93} INFO -  20400K .......... .......... .......... .......... .......... 83%  105M 0s
[2024-06-07T15:19:42.306+0000] {subprocess.py:93} INFO -  20450K .......... .......... .......... .......... .......... 83% 41.2M 0s
[2024-06-07T15:19:42.308+0000] {subprocess.py:93} INFO -  20500K .......... .......... .......... .......... .......... 84% 28.9M 0s
[2024-06-07T15:19:42.308+0000] {subprocess.py:93} INFO -  20550K .......... .......... .......... .......... .......... 84%  455M 0s
[2024-06-07T15:19:42.309+0000] {subprocess.py:93} INFO -  20600K .......... .......... .......... .......... .......... 84% 44.8M 0s
[2024-06-07T15:19:42.310+0000] {subprocess.py:93} INFO -  20650K .......... .......... .......... .......... .......... 84% 78.8M 0s
[2024-06-07T15:19:42.311+0000] {subprocess.py:93} INFO -  20700K .......... .......... .......... .......... .......... 84% 52.4M 0s
[2024-06-07T15:19:42.312+0000] {subprocess.py:93} INFO -  20750K .......... .......... .......... .......... .......... 85% 29.4M 0s
[2024-06-07T15:19:42.313+0000] {subprocess.py:93} INFO -  20800K .......... .......... .......... .......... .......... 85% 58.1M 0s
[2024-06-07T15:19:42.315+0000] {subprocess.py:93} INFO -  20850K .......... .......... .......... .......... .......... 85% 27.9M 0s
[2024-06-07T15:19:42.317+0000] {subprocess.py:93} INFO -  20900K .......... .......... .......... .......... .......... 85% 26.1M 0s
[2024-06-07T15:19:42.317+0000] {subprocess.py:93} INFO -  20950K .......... .......... .......... .......... .......... 85% 69.3M 0s
[2024-06-07T15:19:42.318+0000] {subprocess.py:93} INFO -  21000K .......... .......... .......... .......... .......... 86% 49.0M 0s
[2024-06-07T15:19:42.319+0000] {subprocess.py:93} INFO -  21050K .......... .......... .......... .......... .......... 86%  137M 0s
[2024-06-07T15:19:42.320+0000] {subprocess.py:93} INFO -  21100K .......... .......... .......... .......... .......... 86% 33.5M 0s
[2024-06-07T15:19:42.321+0000] {subprocess.py:93} INFO -  21150K .......... .......... .......... .......... .......... 86% 92.7M 0s
[2024-06-07T15:19:42.322+0000] {subprocess.py:93} INFO -  21200K .......... .......... .......... .......... .......... 86% 37.5M 0s
[2024-06-07T15:19:42.323+0000] {subprocess.py:93} INFO -  21250K .......... .......... .......... .......... .......... 87% 65.0M 0s
[2024-06-07T15:19:42.324+0000] {subprocess.py:93} INFO -  21300K .......... .......... .......... .......... .......... 87% 47.0M 0s
[2024-06-07T15:19:42.325+0000] {subprocess.py:93} INFO -  21350K .......... .......... .......... .......... .......... 87% 58.9M 0s
[2024-06-07T15:19:42.325+0000] {subprocess.py:93} INFO -  21400K .......... .......... .......... .......... .......... 87% 87.5M 0s
[2024-06-07T15:19:42.327+0000] {subprocess.py:93} INFO -  21450K .......... .......... .......... .......... .......... 87% 48.3M 0s
[2024-06-07T15:19:42.328+0000] {subprocess.py:93} INFO -  21500K .......... .......... .......... .......... .......... 88% 38.6M 0s
[2024-06-07T15:19:42.329+0000] {subprocess.py:93} INFO -  21550K .......... .......... .......... .......... .......... 88% 26.1M 0s
[2024-06-07T15:19:42.330+0000] {subprocess.py:93} INFO -  21600K .......... .......... .......... .......... .......... 88%  152M 0s
[2024-06-07T15:19:42.331+0000] {subprocess.py:93} INFO -  21650K .......... .......... .......... .......... .......... 88% 57.9M 0s
[2024-06-07T15:19:42.332+0000] {subprocess.py:93} INFO -  21700K .......... .......... .......... .......... .......... 88% 46.6M 0s
[2024-06-07T15:19:42.333+0000] {subprocess.py:93} INFO -  21750K .......... .......... .......... .......... .......... 89% 34.5M 0s
[2024-06-07T15:19:42.334+0000] {subprocess.py:93} INFO -  21800K .......... .......... .......... .......... .......... 89% 77.8M 0s
[2024-06-07T15:19:42.335+0000] {subprocess.py:93} INFO -  21850K .......... .......... .......... .......... .......... 89% 49.6M 0s
[2024-06-07T15:19:42.336+0000] {subprocess.py:93} INFO -  21900K .......... .......... .......... .......... .......... 89% 54.6M 0s
[2024-06-07T15:19:42.336+0000] {subprocess.py:93} INFO -  21950K .......... .......... .......... .......... .......... 89% 62.7M 0s
[2024-06-07T15:19:42.337+0000] {subprocess.py:93} INFO -  22000K .......... .......... .......... .......... .......... 90% 80.6M 0s
[2024-06-07T15:19:42.339+0000] {subprocess.py:93} INFO -  22050K .......... .......... .......... .......... .......... 90% 24.7M 0s
[2024-06-07T15:19:42.340+0000] {subprocess.py:93} INFO -  22100K .......... .......... .......... .......... .......... 90% 68.5M 0s
[2024-06-07T15:19:42.340+0000] {subprocess.py:93} INFO -  22150K .......... .......... .......... .......... .......... 90% 60.7M 0s
[2024-06-07T15:19:42.341+0000] {subprocess.py:93} INFO -  22200K .......... .......... .......... .......... .......... 91%  119M 0s
[2024-06-07T15:19:42.345+0000] {subprocess.py:93} INFO -  22250K .......... .......... .......... .......... .......... 91% 32.3M 0s
[2024-06-07T15:19:42.346+0000] {subprocess.py:93} INFO -  22300K .......... .......... .......... .......... .......... 91% 15.0M 0s
[2024-06-07T15:19:42.347+0000] {subprocess.py:93} INFO -  22350K .......... .......... .......... .......... .......... 91% 44.1M 0s
[2024-06-07T15:19:42.348+0000] {subprocess.py:93} INFO -  22400K .......... .......... .......... .......... .......... 91% 57.1M 0s
[2024-06-07T15:19:42.348+0000] {subprocess.py:93} INFO -  22450K .......... .......... .......... .......... .......... 92% 53.5M 0s
[2024-06-07T15:19:42.349+0000] {subprocess.py:93} INFO -  22500K .......... .......... .......... .......... .......... 92% 81.6M 0s
[2024-06-07T15:19:42.350+0000] {subprocess.py:93} INFO -  22550K .......... .......... .......... .......... .......... 92% 62.9M 0s
[2024-06-07T15:19:42.351+0000] {subprocess.py:93} INFO -  22600K .......... .......... .......... .......... .......... 92% 54.8M 0s
[2024-06-07T15:19:42.352+0000] {subprocess.py:93} INFO -  22650K .......... .......... .......... .......... .......... 92% 56.5M 0s
[2024-06-07T15:19:42.356+0000] {subprocess.py:93} INFO -  22700K .......... .......... .......... .......... .......... 93% 12.0M 0s
[2024-06-07T15:19:42.357+0000] {subprocess.py:93} INFO -  22750K .......... .......... .......... .......... .......... 93% 55.8M 0s
[2024-06-07T15:19:42.357+0000] {subprocess.py:93} INFO -  22800K .......... .......... .......... .......... .......... 93%  200M 0s
[2024-06-07T15:19:42.358+0000] {subprocess.py:93} INFO -  22850K .......... .......... .......... .......... .......... 93% 52.4M 0s
[2024-06-07T15:19:42.359+0000] {subprocess.py:93} INFO -  22900K .......... .......... .......... .......... .......... 93% 51.4M 0s
[2024-06-07T15:19:42.359+0000] {subprocess.py:93} INFO -  22950K .......... .......... .......... .......... .......... 94% 78.9M 0s
[2024-06-07T15:19:42.361+0000] {subprocess.py:93} INFO -  23000K .......... .......... .......... .......... .......... 94% 38.8M 0s
[2024-06-07T15:19:42.361+0000] {subprocess.py:93} INFO -  23050K .......... .......... .......... .......... .......... 94%  117M 0s
[2024-06-07T15:19:42.362+0000] {subprocess.py:93} INFO -  23100K .......... .......... .......... .......... .......... 94% 35.9M 0s
[2024-06-07T15:19:42.363+0000] {subprocess.py:93} INFO -  23150K .......... .......... .......... .......... .......... 94% 71.3M 0s
[2024-06-07T15:19:42.364+0000] {subprocess.py:93} INFO -  23200K .......... .......... .......... .......... .......... 95% 49.9M 0s
[2024-06-07T15:19:42.365+0000] {subprocess.py:93} INFO -  23250K .......... .......... .......... .......... .......... 95% 70.3M 0s
[2024-06-07T15:19:42.366+0000] {subprocess.py:93} INFO -  23300K .......... .......... .......... .......... .......... 95% 43.8M 0s
[2024-06-07T15:19:42.366+0000] {subprocess.py:93} INFO -  23350K .......... .......... .......... .......... .......... 95% 85.3M 0s
[2024-06-07T15:19:42.367+0000] {subprocess.py:93} INFO -  23400K .......... .......... .......... .......... .......... 95% 58.3M 0s
[2024-06-07T15:19:42.368+0000] {subprocess.py:93} INFO -  23450K .......... .......... .......... .......... .......... 96% 66.2M 0s
[2024-06-07T15:19:42.370+0000] {subprocess.py:93} INFO -  23500K .......... .......... .......... .......... .......... 96% 28.9M 0s
[2024-06-07T15:19:42.370+0000] {subprocess.py:93} INFO -  23550K .......... .......... .......... .......... .......... 96% 62.0M 0s
[2024-06-07T15:19:42.371+0000] {subprocess.py:93} INFO -  23600K .......... .......... .......... .......... .......... 96% 67.1M 0s
[2024-06-07T15:19:42.372+0000] {subprocess.py:93} INFO -  23650K .......... .......... .......... .......... .......... 96% 53.2M 0s
[2024-06-07T15:19:42.373+0000] {subprocess.py:93} INFO -  23700K .......... .......... .......... .......... .......... 97% 41.7M 0s
[2024-06-07T15:19:42.374+0000] {subprocess.py:93} INFO -  23750K .......... .......... .......... .......... .......... 97% 73.2M 0s
[2024-06-07T15:19:42.375+0000] {subprocess.py:93} INFO -  23800K .......... .......... .......... .......... .......... 97% 61.5M 0s
[2024-06-07T15:19:42.376+0000] {subprocess.py:93} INFO -  23850K .......... .......... .......... .......... .......... 97% 37.3M 0s
[2024-06-07T15:19:42.377+0000] {subprocess.py:93} INFO -  23900K .......... .......... .......... .......... .......... 97% 78.9M 0s
[2024-06-07T15:19:42.386+0000] {subprocess.py:93} INFO -  23950K .......... .......... .......... .......... .......... 98% 5.47M 0s
[2024-06-07T15:19:42.386+0000] {subprocess.py:93} INFO -  24000K .......... .......... .......... .......... .......... 98% 73.9M 0s
[2024-06-07T15:19:42.388+0000] {subprocess.py:93} INFO -  24050K .......... .......... .......... .......... .......... 98% 33.2M 0s
[2024-06-07T15:19:42.388+0000] {subprocess.py:93} INFO -  24100K .......... .......... .......... .......... .......... 98%  121M 0s
[2024-06-07T15:19:42.389+0000] {subprocess.py:93} INFO -  24150K .......... .......... .......... .......... .......... 98% 74.4M 0s
[2024-06-07T15:19:42.390+0000] {subprocess.py:93} INFO -  24200K .......... .......... .......... .......... .......... 99% 36.4M 0s
[2024-06-07T15:19:42.391+0000] {subprocess.py:93} INFO -  24250K .......... .......... .......... .......... .......... 99% 94.9M 0s
[2024-06-07T15:19:42.392+0000] {subprocess.py:93} INFO -  24300K .......... .......... .......... .......... .......... 99% 29.3M 0s
[2024-06-07T15:19:42.393+0000] {subprocess.py:93} INFO -  24350K .......... .......... .......... .......... .......... 99% 50.9M 0s
[2024-06-07T15:19:42.393+0000] {subprocess.py:93} INFO -  24400K .......... .......... .......... .......... .....     100%  435M=1.0s
[2024-06-07T15:19:42.394+0000] {subprocess.py:93} INFO - 
[2024-06-07T15:19:42.394+0000] {subprocess.py:93} INFO - 2024-06-07 15:19:42 (24.0 MB/s) - ‘/opt/***/output_2024-06.csv’ saved [25031880/25031880]
[2024-06-07T15:19:42.394+0000] {subprocess.py:93} INFO - 
[2024-06-07T15:19:42.395+0000] {subprocess.py:97} INFO - Command exited with return code 0
[2024-06-07T15:19:42.395+0000] {taskinstance.py:441} INFO - ::group::Post task execution logs
[2024-06-07T15:19:42.410+0000] {taskinstance.py:1206} INFO - Marking task as SUCCESS. dag_id=LocalIngestionDag, task_id=download, run_id=manual__2024-06-07T15:19:39.107785+00:00, execution_date=20240607T151939, start_date=20240607T151940, end_date=20240607T151942
[2024-06-07T15:19:42.439+0000] {local_task_job_runner.py:240} INFO - Task exited with return code 0
[2024-06-07T15:19:42.450+0000] {taskinstance.py:3498} INFO - 1 downstream tasks scheduled from follow-on schedule check
[2024-06-07T15:19:42.451+0000] {local_task_job_runner.py:222} INFO - ::endgroup::
